{"C:\\Users\\Samuel Adafia\\Documents\\Andela Bootcamp\\Cycle 5\\banka\\server\\server.js":{"path":"C:\\Users\\Samuel Adafia\\Documents\\Andela Bootcamp\\Cycle 5\\banka\\server\\server.js","statementMap":{"0":{"start":{"line":3,"column":0},"end":{"line":5,"column":3}},"1":{"start":{"line":6,"column":0},"end":{"line":6,"column":28}},"2":{"start":{"line":8,"column":15},"end":{"line":8,"column":57}},"3":{"start":{"line":10,"column":12},"end":{"line":10,"column":51}},"4":{"start":{"line":12,"column":0},"end":{"line":12,"column":27}},"5":{"start":{"line":14,"column":9},"end":{"line":14,"column":59}},"6":{"start":{"line":16,"column":10},"end":{"line":16,"column":60}},"7":{"start":{"line":18,"column":18},"end":{"line":18,"column":64}},"8":{"start":{"line":20,"column":16},"end":{"line":20,"column":72}},"9":{"start":{"line":22,"column":39},"end":{"line":22,"column":95}},"10":{"start":{"line":24,"column":10},"end":{"line":24,"column":36}},"11":{"start":{"line":27,"column":0},"end":{"line":27,"column":39}},"12":{"start":{"line":28,"column":0},"end":{"line":28,"column":30}},"13":{"start":{"line":30,"column":0},"end":{"line":32,"column":4}},"14":{"start":{"line":34,"column":0},"end":{"line":34,"column":82}},"15":{"start":{"line":36,"column":0},"end":{"line":36,"column":35}},"16":{"start":{"line":37,"column":0},"end":{"line":37,"column":36}},"17":{"start":{"line":38,"column":11},"end":{"line":38,"column":35}},"18":{"start":{"line":39,"column":0},"end":{"line":41,"column":3}},"19":{"start":{"line":40,"column":2},"end":{"line":40,"column":56}},"20":{"start":{"line":42,"column":15},"end":{"line":42,"column":18}},"21":{"start":{"line":43,"column":0},"end":{"line":43,"column":30}}},"fnMap":{"0":{"name":"_interopRequireDefault","decl":{"start":{"line":22,"column":9},"end":{"line":22,"column":31}},"loc":{"start":{"line":22,"column":37},"end":{"line":22,"column":97}},"line":22},"1":{"name":"(anonymous_1)","decl":{"start":{"line":39,"column":17},"end":{"line":39,"column":18}},"loc":{"start":{"line":39,"column":29},"end":{"line":41,"column":1}},"line":39}},"branchMap":{"0":{"loc":{"start":{"line":22,"column":46},"end":{"line":22,"column":94}},"type":"cond-expr","locations":[{"start":{"line":22,"column":70},"end":{"line":22,"column":73}},{"start":{"line":22,"column":76},"end":{"line":22,"column":94}}],"line":22},"1":{"loc":{"start":{"line":22,"column":46},"end":{"line":22,"column":67}},"type":"binary-expr","locations":[{"start":{"line":22,"column":46},"end":{"line":22,"column":49}},{"start":{"line":22,"column":53},"end":{"line":22,"column":67}}],"line":22},"2":{"loc":{"start":{"line":38,"column":11},"end":{"line":38,"column":35}},"type":"binary-expr","locations":[{"start":{"line":38,"column":11},"end":{"line":38,"column":27}},{"start":{"line":38,"column":31},"end":{"line":38,"column":35}}],"line":38}},"s":{"0":1,"1":1,"2":1,"3":1,"4":1,"5":1,"6":1,"7":1,"8":1,"9":6,"10":1,"11":1,"12":1,"13":1,"14":1,"15":1,"16":1,"17":1,"18":1,"19":1,"20":1,"21":1},"f":{"0":6,"1":1},"b":{"0":[3,3],"1":[6,6],"2":[1,1]},"_coverageSchema":"43e27e138ebf9cfc5966b082cf9a028302ed4184","hash":"80b6d66f2c08f568af38ed6fc2ebc37c8dc2322b","contentHash":"e2ccf5d379c7a07b531c17d3993d65c092f3bd972c25132eecdcc6a49a1e71a6"},"C:\\Users\\Samuel Adafia\\Documents\\Andela Bootcamp\\Cycle 5\\banka\\server\\routes\\api\\v1\\index.js":{"path":"C:\\Users\\Samuel Adafia\\Documents\\Andela Bootcamp\\Cycle 5\\banka\\server\\routes\\api\\v1\\index.js","statementMap":{"0":{"start":{"line":3,"column":0},"end":{"line":5,"column":3}},"1":{"start":{"line":6,"column":0},"end":{"line":6,"column":28}},"2":{"start":{"line":8,"column":15},"end":{"line":8,"column":33}},"3":{"start":{"line":10,"column":19},"end":{"line":10,"column":67}},"4":{"start":{"line":12,"column":22},"end":{"line":12,"column":73}},"5":{"start":{"line":14,"column":26},"end":{"line":14,"column":81}},"6":{"start":{"line":16,"column":39},"end":{"line":16,"column":95}},"7":{"start":{"line":18,"column":16},"end":{"line":18,"column":38}},"8":{"start":{"line":19,"column":0},"end":{"line":19,"column":39}},"9":{"start":{"line":20,"column":0},"end":{"line":20,"column":42}},"10":{"start":{"line":21,"column":0},"end":{"line":21,"column":46}},"11":{"start":{"line":22,"column":15},"end":{"line":22,"column":24}},"12":{"start":{"line":23,"column":0},"end":{"line":23,"column":30}}},"fnMap":{"0":{"name":"_interopRequireDefault","decl":{"start":{"line":16,"column":9},"end":{"line":16,"column":31}},"loc":{"start":{"line":16,"column":37},"end":{"line":16,"column":97}},"line":16}},"branchMap":{"0":{"loc":{"start":{"line":16,"column":46},"end":{"line":16,"column":94}},"type":"cond-expr","locations":[{"start":{"line":16,"column":70},"end":{"line":16,"column":73}},{"start":{"line":16,"column":76},"end":{"line":16,"column":94}}],"line":16},"1":{"loc":{"start":{"line":16,"column":46},"end":{"line":16,"column":67}},"type":"binary-expr","locations":[{"start":{"line":16,"column":46},"end":{"line":16,"column":49}},{"start":{"line":16,"column":53},"end":{"line":16,"column":67}}],"line":16}},"s":{"0":1,"1":1,"2":1,"3":1,"4":1,"5":1,"6":3,"7":1,"8":1,"9":1,"10":1,"11":1,"12":1},"f":{"0":3},"b":{"0":[3,0],"1":[3,3]},"_coverageSchema":"43e27e138ebf9cfc5966b082cf9a028302ed4184","hash":"c4d0925f5dc620f5ef6b2ca8881ffa2a89e08674","contentHash":"07ef264278d10130df3d6cf796c8591f73053efb5045b6450c9f8e8b39fd2436"},"C:\\Users\\Samuel Adafia\\Documents\\Andela Bootcamp\\Cycle 5\\banka\\server\\routes\\api\\v1\\usersRoutes.js":{"path":"C:\\Users\\Samuel Adafia\\Documents\\Andela Bootcamp\\Cycle 5\\banka\\server\\routes\\api\\v1\\usersRoutes.js","statementMap":{"0":{"start":{"line":3,"column":0},"end":{"line":5,"column":3}},"1":{"start":{"line":6,"column":0},"end":{"line":6,"column":28}},"2":{"start":{"line":8,"column":15},"end":{"line":8,"column":33}},"3":{"start":{"line":10,"column":23},"end":{"line":10,"column":97}},"4":{"start":{"line":12,"column":39},"end":{"line":12,"column":95}},"5":{"start":{"line":14,"column":18},"end":{"line":14,"column":40}},"6":{"start":{"line":15,"column":0},"end":{"line":15,"column":67}},"7":{"start":{"line":16,"column":0},"end":{"line":16,"column":73}},"8":{"start":{"line":17,"column":0},"end":{"line":17,"column":73}},"9":{"start":{"line":18,"column":15},"end":{"line":18,"column":26}},"10":{"start":{"line":19,"column":0},"end":{"line":19,"column":30}}},"fnMap":{"0":{"name":"_interopRequireDefault","decl":{"start":{"line":12,"column":9},"end":{"line":12,"column":31}},"loc":{"start":{"line":12,"column":37},"end":{"line":12,"column":97}},"line":12}},"branchMap":{"0":{"loc":{"start":{"line":12,"column":46},"end":{"line":12,"column":94}},"type":"cond-expr","locations":[{"start":{"line":12,"column":70},"end":{"line":12,"column":73}},{"start":{"line":12,"column":76},"end":{"line":12,"column":94}}],"line":12},"1":{"loc":{"start":{"line":12,"column":46},"end":{"line":12,"column":67}},"type":"binary-expr","locations":[{"start":{"line":12,"column":46},"end":{"line":12,"column":49}},{"start":{"line":12,"column":53},"end":{"line":12,"column":67}}],"line":12}},"s":{"0":1,"1":1,"2":1,"3":1,"4":1,"5":1,"6":1,"7":1,"8":1,"9":1,"10":1},"f":{"0":1},"b":{"0":[1,0],"1":[1,1]},"_coverageSchema":"43e27e138ebf9cfc5966b082cf9a028302ed4184","hash":"ffb46c63e24cf355fffa2b6939d142155dd6e819","contentHash":"6b2a9e3ba4ed5d87e01d496b4e476aec3bf35f7fc6581e0b92ade84743670940"},"C:\\Users\\Samuel Adafia\\Documents\\Andela Bootcamp\\Cycle 5\\banka\\server\\controllers\\v1\\usersController.js":{"path":"C:\\Users\\Samuel Adafia\\Documents\\Andela Bootcamp\\Cycle 5\\banka\\server\\controllers\\v1\\usersController.js","statementMap":{"0":{"start":{"line":3,"column":0},"end":{"line":5,"column":3}},"1":{"start":{"line":6,"column":0},"end":{"line":6,"column":28}},"2":{"start":{"line":8,"column":14},"end":{"line":8,"column":55}},"3":{"start":{"line":10,"column":20},"end":{"line":10,"column":67}},"4":{"start":{"line":12,"column":13},"end":{"line":12,"column":69}},"5":{"start":{"line":14,"column":39},"end":{"line":14,"column":95}},"6":{"start":{"line":16,"column":50},"end":{"line":16,"column":151}},"7":{"start":{"line":16,"column":92},"end":{"line":16,"column":149}},"8":{"start":{"line":18,"column":44},"end":{"line":18,"column":315}},"9":{"start":{"line":18,"column":57},"end":{"line":18,"column":58}},"10":{"start":{"line":18,"column":102},"end":{"line":18,"column":110}},"11":{"start":{"line":18,"column":112},"end":{"line":18,"column":167}},"12":{"start":{"line":18,"column":168},"end":{"line":18,"column":199}},"13":{"start":{"line":18,"column":200},"end":{"line":18,"column":254}},"14":{"start":{"line":18,"column":227},"end":{"line":18,"column":254}},"15":{"start":{"line":18,"column":255},"end":{"line":18,"column":313}},"16":{"start":{"line":20,"column":62},"end":{"line":20,"column":131}},"17":{"start":{"line":20,"column":78},"end":{"line":20,"column":131}},"18":{"start":{"line":20,"column":132},"end":{"line":20,"column":193}},"19":{"start":{"line":20,"column":149},"end":{"line":20,"column":193}},"20":{"start":{"line":20,"column":194},"end":{"line":20,"column":213}},"21":{"start":{"line":22,"column":0},"end":{"line":22,"column":28}},"22":{"start":{"line":26,"column":0},"end":{"line":215,"column":3}},"23":{"start":{"line":28,"column":4},"end":{"line":28,"column":33}},"24":{"start":{"line":31,"column":2},"end":{"line":212,"column":6}},"25":{"start":{"line":35,"column":6},"end":{"line":39,"column":9}},"26":{"start":{"line":45,"column":24},"end":{"line":48,"column":7}},"27":{"start":{"line":50,"column":6},"end":{"line":55,"column":7}},"28":{"start":{"line":51,"column":8},"end":{"line":54,"column":11}},"29":{"start":{"line":57,"column":6},"end":{"line":62,"column":7}},"30":{"start":{"line":58,"column":8},"end":{"line":61,"column":11}},"31":{"start":{"line":64,"column":23},"end":{"line":64,"column":70}},"32":{"start":{"line":65,"column":26},"end":{"line":65,"column":90}},"33":{"start":{"line":71,"column":6},"end":{"line":76,"column":7}},"34":{"start":{"line":72,"column":8},"end":{"line":75,"column":11}},"35":{"start":{"line":78,"column":6},"end":{"line":83,"column":7}},"36":{"start":{"line":79,"column":8},"end":{"line":82,"column":11}},"37":{"start":{"line":85,"column":18},"end":{"line":87,"column":8}},"38":{"start":{"line":86,"column":8},"end":{"line":86,"column":90}},"39":{"start":{"line":89,"column":6},"end":{"line":109,"column":7}},"40":{"start":{"line":90,"column":19},"end":{"line":92,"column":13}},"41":{"start":{"line":91,"column":10},"end":{"line":91,"column":50}},"42":{"start":{"line":94,"column":8},"end":{"line":103,"column":11}},"43":{"start":{"line":97,"column":10},"end":{"line":102,"column":13}},"44":{"start":{"line":106,"column":8},"end":{"line":108,"column":11}},"45":{"start":{"line":115,"column":20},"end":{"line":126,"column":7}},"46":{"start":{"line":128,"column":6},"end":{"line":133,"column":7}},"47":{"start":{"line":129,"column":8},"end":{"line":132,"column":11}},"48":{"start":{"line":135,"column":6},"end":{"line":140,"column":7}},"49":{"start":{"line":136,"column":8},"end":{"line":139,"column":11}},"50":{"start":{"line":142,"column":6},"end":{"line":147,"column":7}},"51":{"start":{"line":143,"column":8},"end":{"line":146,"column":11}},"52":{"start":{"line":149,"column":6},"end":{"line":154,"column":7}},"53":{"start":{"line":150,"column":8},"end":{"line":153,"column":11}},"54":{"start":{"line":156,"column":22},"end":{"line":156,"column":35}},"55":{"start":{"line":157,"column":23},"end":{"line":157,"column":70}},"56":{"start":{"line":158,"column":26},"end":{"line":158,"column":90}},"57":{"start":{"line":160,"column":6},"end":{"line":165,"column":7}},"58":{"start":{"line":161,"column":8},"end":{"line":164,"column":11}},"59":{"start":{"line":167,"column":6},"end":{"line":172,"column":7}},"60":{"start":{"line":168,"column":8},"end":{"line":171,"column":11}},"61":{"start":{"line":174,"column":6},"end":{"line":179,"column":7}},"62":{"start":{"line":175,"column":8},"end":{"line":178,"column":11}},"63":{"start":{"line":181,"column":6},"end":{"line":186,"column":7}},"64":{"start":{"line":182,"column":8},"end":{"line":185,"column":11}},"65":{"start":{"line":188,"column":18},"end":{"line":190,"column":8}},"66":{"start":{"line":189,"column":8},"end":{"line":189,"column":44}},"67":{"start":{"line":192,"column":6},"end":{"line":197,"column":7}},"68":{"start":{"line":193,"column":8},"end":{"line":196,"column":11}},"69":{"start":{"line":199,"column":6},"end":{"line":199,"column":38}},"70":{"start":{"line":201,"column":6},"end":{"line":210,"column":9}},"71":{"start":{"line":204,"column":8},"end":{"line":209,"column":11}},"72":{"start":{"line":214,"column":2},"end":{"line":214,"column":15}},"73":{"start":{"line":217,"column":15},"end":{"line":217,"column":20}},"74":{"start":{"line":218,"column":0},"end":{"line":218,"column":30}}},"fnMap":{"0":{"name":"_interopRequireDefault","decl":{"start":{"line":14,"column":9},"end":{"line":14,"column":31}},"loc":{"start":{"line":14,"column":37},"end":{"line":14,"column":97}},"line":14},"1":{"name":"_classCallCheck","decl":{"start":{"line":16,"column":9},"end":{"line":16,"column":24}},"loc":{"start":{"line":16,"column":48},"end":{"line":16,"column":153}},"line":16},"2":{"name":"_defineProperties","decl":{"start":{"line":18,"column":9},"end":{"line":18,"column":26}},"loc":{"start":{"line":18,"column":42},"end":{"line":18,"column":317}},"line":18},"3":{"name":"_createClass","decl":{"start":{"line":20,"column":9},"end":{"line":20,"column":21}},"loc":{"start":{"line":20,"column":60},"end":{"line":20,"column":215}},"line":20},"4":{"name":"(anonymous_4)","decl":{"start":{"line":26,"column":0},"end":{"line":26,"column":1}},"loc":{"start":{"line":26,"column":12},"end":{"line":215,"column":1}},"line":26},"5":{"name":"Users","decl":{"start":{"line":27,"column":11},"end":{"line":27,"column":16}},"loc":{"start":{"line":27,"column":19},"end":{"line":29,"column":3}},"line":27},"6":{"name":"getAllUsers","decl":{"start":{"line":33,"column":20},"end":{"line":33,"column":31}},"loc":{"start":{"line":33,"column":42},"end":{"line":40,"column":5}},"line":33},"7":{"name":"userSignIn","decl":{"start":{"line":43,"column":20},"end":{"line":43,"column":30}},"loc":{"start":{"line":43,"column":47},"end":{"line":110,"column":5}},"line":43},"8":{"name":"(anonymous_8)","decl":{"start":{"line":85,"column":41},"end":{"line":85,"column":42}},"loc":{"start":{"line":85,"column":57},"end":{"line":87,"column":7}},"line":85},"9":{"name":"(anonymous_9)","decl":{"start":{"line":90,"column":44},"end":{"line":90,"column":45}},"loc":{"start":{"line":90,"column":60},"end":{"line":92,"column":9}},"line":90},"10":{"name":"(anonymous_10)","decl":{"start":{"line":96,"column":11},"end":{"line":96,"column":12}},"loc":{"start":{"line":96,"column":33},"end":{"line":103,"column":9}},"line":96},"11":{"name":"userSignUp","decl":{"start":{"line":113,"column":20},"end":{"line":113,"column":30}},"loc":{"start":{"line":113,"column":41},"end":{"line":211,"column":5}},"line":113},"12":{"name":"(anonymous_12)","decl":{"start":{"line":188,"column":41},"end":{"line":188,"column":42}},"loc":{"start":{"line":188,"column":57},"end":{"line":190,"column":7}},"line":188},"13":{"name":"(anonymous_13)","decl":{"start":{"line":203,"column":9},"end":{"line":203,"column":10}},"loc":{"start":{"line":203,"column":31},"end":{"line":210,"column":7}},"line":203}},"branchMap":{"0":{"loc":{"start":{"line":14,"column":46},"end":{"line":14,"column":94}},"type":"cond-expr","locations":[{"start":{"line":14,"column":70},"end":{"line":14,"column":73}},{"start":{"line":14,"column":76},"end":{"line":14,"column":94}}],"line":14},"1":{"loc":{"start":{"line":14,"column":46},"end":{"line":14,"column":67}},"type":"binary-expr","locations":[{"start":{"line":14,"column":46},"end":{"line":14,"column":49}},{"start":{"line":14,"column":53},"end":{"line":14,"column":67}}],"line":14},"2":{"loc":{"start":{"line":16,"column":50},"end":{"line":16,"column":151}},"type":"if","locations":[{"start":{"line":16,"column":50},"end":{"line":16,"column":151}},{"start":{"line":16,"column":50},"end":{"line":16,"column":151}}],"line":16},"3":{"loc":{"start":{"line":18,"column":136},"end":{"line":18,"column":166}},"type":"binary-expr","locations":[{"start":{"line":18,"column":136},"end":{"line":18,"column":157}},{"start":{"line":18,"column":161},"end":{"line":18,"column":166}}],"line":18},"4":{"loc":{"start":{"line":18,"column":200},"end":{"line":18,"column":254}},"type":"if","locations":[{"start":{"line":18,"column":200},"end":{"line":18,"column":254}},{"start":{"line":18,"column":200},"end":{"line":18,"column":254}}],"line":18},"5":{"loc":{"start":{"line":20,"column":62},"end":{"line":20,"column":131}},"type":"if","locations":[{"start":{"line":20,"column":62},"end":{"line":20,"column":131}},{"start":{"line":20,"column":62},"end":{"line":20,"column":131}}],"line":20},"6":{"loc":{"start":{"line":20,"column":132},"end":{"line":20,"column":193}},"type":"if","locations":[{"start":{"line":20,"column":132},"end":{"line":20,"column":193}},{"start":{"line":20,"column":132},"end":{"line":20,"column":193}}],"line":20},"7":{"loc":{"start":{"line":50,"column":6},"end":{"line":55,"column":7}},"type":"if","locations":[{"start":{"line":50,"column":6},"end":{"line":55,"column":7}},{"start":{"line":50,"column":6},"end":{"line":55,"column":7}}],"line":50},"8":{"loc":{"start":{"line":57,"column":6},"end":{"line":62,"column":7}},"type":"if","locations":[{"start":{"line":57,"column":6},"end":{"line":62,"column":7}},{"start":{"line":57,"column":6},"end":{"line":62,"column":7}}],"line":57},"9":{"loc":{"start":{"line":71,"column":6},"end":{"line":76,"column":7}},"type":"if","locations":[{"start":{"line":71,"column":6},"end":{"line":76,"column":7}},{"start":{"line":71,"column":6},"end":{"line":76,"column":7}}],"line":71},"10":{"loc":{"start":{"line":78,"column":6},"end":{"line":83,"column":7}},"type":"if","locations":[{"start":{"line":78,"column":6},"end":{"line":83,"column":7}},{"start":{"line":78,"column":6},"end":{"line":83,"column":7}}],"line":78},"11":{"loc":{"start":{"line":86,"column":15},"end":{"line":86,"column":89}},"type":"binary-expr","locations":[{"start":{"line":86,"column":15},"end":{"line":86,"column":47}},{"start":{"line":86,"column":51},"end":{"line":86,"column":89}}],"line":86},"12":{"loc":{"start":{"line":89,"column":6},"end":{"line":109,"column":7}},"type":"if","locations":[{"start":{"line":89,"column":6},"end":{"line":109,"column":7}},{"start":{"line":89,"column":6},"end":{"line":109,"column":7}}],"line":89},"13":{"loc":{"start":{"line":128,"column":6},"end":{"line":133,"column":7}},"type":"if","locations":[{"start":{"line":128,"column":6},"end":{"line":133,"column":7}},{"start":{"line":128,"column":6},"end":{"line":133,"column":7}}],"line":128},"14":{"loc":{"start":{"line":135,"column":6},"end":{"line":140,"column":7}},"type":"if","locations":[{"start":{"line":135,"column":6},"end":{"line":140,"column":7}},{"start":{"line":135,"column":6},"end":{"line":140,"column":7}}],"line":135},"15":{"loc":{"start":{"line":142,"column":6},"end":{"line":147,"column":7}},"type":"if","locations":[{"start":{"line":142,"column":6},"end":{"line":147,"column":7}},{"start":{"line":142,"column":6},"end":{"line":147,"column":7}}],"line":142},"16":{"loc":{"start":{"line":149,"column":6},"end":{"line":154,"column":7}},"type":"if","locations":[{"start":{"line":149,"column":6},"end":{"line":154,"column":7}},{"start":{"line":149,"column":6},"end":{"line":154,"column":7}}],"line":149},"17":{"loc":{"start":{"line":160,"column":6},"end":{"line":165,"column":7}},"type":"if","locations":[{"start":{"line":160,"column":6},"end":{"line":165,"column":7}},{"start":{"line":160,"column":6},"end":{"line":165,"column":7}}],"line":160},"18":{"loc":{"start":{"line":167,"column":6},"end":{"line":172,"column":7}},"type":"if","locations":[{"start":{"line":167,"column":6},"end":{"line":172,"column":7}},{"start":{"line":167,"column":6},"end":{"line":172,"column":7}}],"line":167},"19":{"loc":{"start":{"line":174,"column":6},"end":{"line":179,"column":7}},"type":"if","locations":[{"start":{"line":174,"column":6},"end":{"line":179,"column":7}},{"start":{"line":174,"column":6},"end":{"line":179,"column":7}}],"line":174},"20":{"loc":{"start":{"line":181,"column":6},"end":{"line":186,"column":7}},"type":"if","locations":[{"start":{"line":181,"column":6},"end":{"line":186,"column":7}},{"start":{"line":181,"column":6},"end":{"line":186,"column":7}}],"line":181},"21":{"loc":{"start":{"line":192,"column":6},"end":{"line":197,"column":7}},"type":"if","locations":[{"start":{"line":192,"column":6},"end":{"line":197,"column":7}},{"start":{"line":192,"column":6},"end":{"line":197,"column":7}}],"line":192}},"s":{"0":1,"1":1,"2":1,"3":1,"4":1,"5":3,"6":0,"7":0,"8":1,"9":1,"10":3,"11":3,"12":3,"13":3,"14":3,"15":3,"16":1,"17":0,"18":1,"19":1,"20":1,"21":1,"22":1,"23":0,"24":1,"25":0,"26":0,"27":0,"28":0,"29":0,"30":0,"31":0,"32":0,"33":0,"34":0,"35":0,"36":0,"37":0,"38":0,"39":0,"40":0,"41":0,"42":0,"43":0,"44":0,"45":0,"46":0,"47":0,"48":0,"49":0,"50":0,"51":0,"52":0,"53":0,"54":0,"55":0,"56":0,"57":0,"58":0,"59":0,"60":0,"61":0,"62":0,"63":0,"64":0,"65":0,"66":0,"67":0,"68":0,"69":0,"70":0,"71":0,"72":1,"73":1,"74":1},"f":{"0":3,"1":0,"2":1,"3":1,"4":1,"5":0,"6":0,"7":0,"8":0,"9":0,"10":0,"11":0,"12":0,"13":0},"b":{"0":[1,2],"1":[3,3],"2":[0,0],"3":[3,3],"4":[3,0],"5":[0,1],"6":[1,0],"7":[0,0],"8":[0,0],"9":[0,0],"10":[0,0],"11":[0,0],"12":[0,0],"13":[0,0],"14":[0,0],"15":[0,0],"16":[0,0],"17":[0,0],"18":[0,0],"19":[0,0],"20":[0,0],"21":[0,0]},"_coverageSchema":"43e27e138ebf9cfc5966b082cf9a028302ed4184","hash":"9d01359c5d1cee16b7467bcb9378d727151f19cd","contentHash":"0fa5fd378593366ed8b70fdf43492aae63d42db7669fc92ee3823891f4acfe86"},"C:\\Users\\Samuel Adafia\\Documents\\Andela Bootcamp\\Cycle 5\\banka\\server\\models\\v1\\Users.js":{"path":"C:\\Users\\Samuel Adafia\\Documents\\Andela Bootcamp\\Cycle 5\\banka\\server\\models\\v1\\Users.js","statementMap":{"0":{"start":{"line":3,"column":0},"end":{"line":5,"column":3}},"1":{"start":{"line":6,"column":0},"end":{"line":6,"column":28}},"2":{"start":{"line":7,"column":12},"end":{"line":40,"column":2}},"3":{"start":{"line":41,"column":15},"end":{"line":41,"column":20}},"4":{"start":{"line":42,"column":0},"end":{"line":42,"column":30}}},"fnMap":{},"branchMap":{},"s":{"0":1,"1":1,"2":1,"3":1,"4":1},"f":{},"b":{},"_coverageSchema":"43e27e138ebf9cfc5966b082cf9a028302ed4184","hash":"b03f6530ca64b0b81b4ab2ac5bd474027e26863d","contentHash":"66bc0d2a977c200e2f9fac32305d576a1fa9f5e6a8c9983317c7001699ccabe3"},"C:\\Users\\Samuel Adafia\\Documents\\Andela Bootcamp\\Cycle 5\\banka\\server\\routes\\api\\v1\\accountsRoutes.js":{"path":"C:\\Users\\Samuel Adafia\\Documents\\Andela Bootcamp\\Cycle 5\\banka\\server\\routes\\api\\v1\\accountsRoutes.js","statementMap":{"0":{"start":{"line":3,"column":0},"end":{"line":5,"column":3}},"1":{"start":{"line":6,"column":0},"end":{"line":6,"column":28}},"2":{"start":{"line":8,"column":15},"end":{"line":8,"column":33}},"3":{"start":{"line":10,"column":26},"end":{"line":10,"column":103}},"4":{"start":{"line":12,"column":39},"end":{"line":12,"column":95}},"5":{"start":{"line":14,"column":21},"end":{"line":14,"column":43}},"6":{"start":{"line":15,"column":0},"end":{"line":15,"column":79}},"7":{"start":{"line":16,"column":0},"end":{"line":16,"column":79}},"8":{"start":{"line":17,"column":0},"end":{"line":17,"column":107}},"9":{"start":{"line":18,"column":0},"end":{"line":18,"column":99}},"10":{"start":{"line":19,"column":15},"end":{"line":19,"column":29}},"11":{"start":{"line":20,"column":0},"end":{"line":20,"column":30}}},"fnMap":{"0":{"name":"_interopRequireDefault","decl":{"start":{"line":12,"column":9},"end":{"line":12,"column":31}},"loc":{"start":{"line":12,"column":37},"end":{"line":12,"column":97}},"line":12}},"branchMap":{"0":{"loc":{"start":{"line":12,"column":46},"end":{"line":12,"column":94}},"type":"cond-expr","locations":[{"start":{"line":12,"column":70},"end":{"line":12,"column":73}},{"start":{"line":12,"column":76},"end":{"line":12,"column":94}}],"line":12},"1":{"loc":{"start":{"line":12,"column":46},"end":{"line":12,"column":67}},"type":"binary-expr","locations":[{"start":{"line":12,"column":46},"end":{"line":12,"column":49}},{"start":{"line":12,"column":53},"end":{"line":12,"column":67}}],"line":12}},"s":{"0":1,"1":1,"2":1,"3":1,"4":1,"5":1,"6":1,"7":1,"8":1,"9":1,"10":1,"11":1},"f":{"0":1},"b":{"0":[1,0],"1":[1,1]},"_coverageSchema":"43e27e138ebf9cfc5966b082cf9a028302ed4184","hash":"ce4e073d07649fa23618a595c9b0ddd223dc0e56","contentHash":"33e8e34136b6827fdb1fc6057033577d1c78cc413a1e692197f1778e2613be60"},"C:\\Users\\Samuel Adafia\\Documents\\Andela Bootcamp\\Cycle 5\\banka\\server\\controllers\\v1\\accountsController.js":{"path":"C:\\Users\\Samuel Adafia\\Documents\\Andela Bootcamp\\Cycle 5\\banka\\server\\controllers\\v1\\accountsController.js","statementMap":{"0":{"start":{"line":3,"column":0},"end":{"line":5,"column":3}},"1":{"start":{"line":6,"column":0},"end":{"line":6,"column":28}},"2":{"start":{"line":8,"column":15},"end":{"line":8,"column":73}},"3":{"start":{"line":10,"column":13},"end":{"line":10,"column":69}},"4":{"start":{"line":12,"column":39},"end":{"line":12,"column":95}},"5":{"start":{"line":14,"column":50},"end":{"line":14,"column":151}},"6":{"start":{"line":14,"column":92},"end":{"line":14,"column":149}},"7":{"start":{"line":16,"column":44},"end":{"line":16,"column":315}},"8":{"start":{"line":16,"column":57},"end":{"line":16,"column":58}},"9":{"start":{"line":16,"column":102},"end":{"line":16,"column":110}},"10":{"start":{"line":16,"column":112},"end":{"line":16,"column":167}},"11":{"start":{"line":16,"column":168},"end":{"line":16,"column":199}},"12":{"start":{"line":16,"column":200},"end":{"line":16,"column":254}},"13":{"start":{"line":16,"column":227},"end":{"line":16,"column":254}},"14":{"start":{"line":16,"column":255},"end":{"line":16,"column":313}},"15":{"start":{"line":18,"column":62},"end":{"line":18,"column":131}},"16":{"start":{"line":18,"column":78},"end":{"line":18,"column":131}},"17":{"start":{"line":18,"column":132},"end":{"line":18,"column":193}},"18":{"start":{"line":18,"column":149},"end":{"line":18,"column":193}},"19":{"start":{"line":18,"column":194},"end":{"line":18,"column":213}},"20":{"start":{"line":22,"column":0},"end":{"line":328,"column":3}},"21":{"start":{"line":24,"column":4},"end":{"line":24,"column":36}},"22":{"start":{"line":27,"column":2},"end":{"line":325,"column":6}},"23":{"start":{"line":31,"column":6},"end":{"line":35,"column":9}},"24":{"start":{"line":42,"column":23},"end":{"line":53,"column":7}},"25":{"start":{"line":55,"column":6},"end":{"line":60,"column":7}},"26":{"start":{"line":56,"column":8},"end":{"line":59,"column":11}},"27":{"start":{"line":62,"column":6},"end":{"line":67,"column":7}},"28":{"start":{"line":63,"column":8},"end":{"line":66,"column":11}},"29":{"start":{"line":69,"column":6},"end":{"line":74,"column":7}},"30":{"start":{"line":70,"column":8},"end":{"line":73,"column":11}},"31":{"start":{"line":76,"column":6},"end":{"line":81,"column":7}},"32":{"start":{"line":77,"column":8},"end":{"line":80,"column":11}},"33":{"start":{"line":83,"column":22},"end":{"line":83,"column":35}},"34":{"start":{"line":84,"column":23},"end":{"line":84,"column":70}},"35":{"start":{"line":86,"column":6},"end":{"line":91,"column":7}},"36":{"start":{"line":87,"column":8},"end":{"line":90,"column":11}},"37":{"start":{"line":93,"column":6},"end":{"line":98,"column":7}},"38":{"start":{"line":94,"column":8},"end":{"line":97,"column":11}},"39":{"start":{"line":100,"column":6},"end":{"line":105,"column":7}},"40":{"start":{"line":101,"column":8},"end":{"line":104,"column":11}},"41":{"start":{"line":107,"column":6},"end":{"line":112,"column":7}},"42":{"start":{"line":108,"column":8},"end":{"line":111,"column":11}},"43":{"start":{"line":114,"column":18},"end":{"line":116,"column":8}},"44":{"start":{"line":115,"column":8},"end":{"line":115,"column":47}},"45":{"start":{"line":118,"column":6},"end":{"line":129,"column":7}},"46":{"start":{"line":119,"column":8},"end":{"line":122,"column":11}},"47":{"start":{"line":124,"column":20},"end":{"line":126,"column":10}},"48":{"start":{"line":125,"column":10},"end":{"line":125,"column":49}},"49":{"start":{"line":128,"column":8},"end":{"line":128,"column":39}},"50":{"start":{"line":131,"column":6},"end":{"line":138,"column":7}},"51":{"start":{"line":132,"column":8},"end":{"line":137,"column":9}},"52":{"start":{"line":133,"column":10},"end":{"line":136,"column":13}},"53":{"start":{"line":140,"column":6},"end":{"line":140,"column":43}},"54":{"start":{"line":142,"column":6},"end":{"line":146,"column":9}},"55":{"start":{"line":153,"column":24},"end":{"line":156,"column":7}},"56":{"start":{"line":158,"column":6},"end":{"line":163,"column":7}},"57":{"start":{"line":159,"column":8},"end":{"line":162,"column":11}},"58":{"start":{"line":165,"column":6},"end":{"line":170,"column":7}},"59":{"start":{"line":166,"column":8},"end":{"line":169,"column":11}},"60":{"start":{"line":172,"column":23},"end":{"line":172,"column":70}},"61":{"start":{"line":173,"column":26},"end":{"line":173,"column":90}},"62":{"start":{"line":175,"column":6},"end":{"line":180,"column":7}},"63":{"start":{"line":176,"column":8},"end":{"line":179,"column":11}},"64":{"start":{"line":182,"column":6},"end":{"line":187,"column":7}},"65":{"start":{"line":183,"column":8},"end":{"line":186,"column":11}},"66":{"start":{"line":189,"column":6},"end":{"line":194,"column":7}},"67":{"start":{"line":190,"column":8},"end":{"line":193,"column":11}},"68":{"start":{"line":196,"column":6},"end":{"line":201,"column":7}},"69":{"start":{"line":197,"column":8},"end":{"line":200,"column":11}},"70":{"start":{"line":203,"column":24},"end":{"line":205,"column":8}},"71":{"start":{"line":204,"column":8},"end":{"line":204,"column":115}},"72":{"start":{"line":207,"column":6},"end":{"line":212,"column":7}},"73":{"start":{"line":208,"column":8},"end":{"line":211,"column":11}},"74":{"start":{"line":214,"column":18},"end":{"line":216,"column":8}},"75":{"start":{"line":215,"column":8},"end":{"line":215,"column":76}},"76":{"start":{"line":218,"column":6},"end":{"line":245,"column":7}},"77":{"start":{"line":219,"column":25},"end":{"line":219,"column":33}},"78":{"start":{"line":221,"column":8},"end":{"line":239,"column":11}},"79":{"start":{"line":222,"column":10},"end":{"line":238,"column":11}},"80":{"start":{"line":223,"column":12},"end":{"line":230,"column":13}},"81":{"start":{"line":224,"column":14},"end":{"line":229,"column":15}},"82":{"start":{"line":225,"column":16},"end":{"line":228,"column":19}},"83":{"start":{"line":232,"column":12},"end":{"line":232,"column":84}},"84":{"start":{"line":233,"column":12},"end":{"line":237,"column":15}},"85":{"start":{"line":241,"column":8},"end":{"line":244,"column":11}},"86":{"start":{"line":252,"column":24},"end":{"line":255,"column":7}},"87":{"start":{"line":257,"column":6},"end":{"line":262,"column":7}},"88":{"start":{"line":258,"column":8},"end":{"line":261,"column":11}},"89":{"start":{"line":264,"column":6},"end":{"line":269,"column":7}},"90":{"start":{"line":265,"column":8},"end":{"line":268,"column":11}},"91":{"start":{"line":271,"column":23},"end":{"line":271,"column":70}},"92":{"start":{"line":272,"column":26},"end":{"line":272,"column":90}},"93":{"start":{"line":274,"column":6},"end":{"line":279,"column":7}},"94":{"start":{"line":275,"column":8},"end":{"line":278,"column":11}},"95":{"start":{"line":281,"column":6},"end":{"line":286,"column":7}},"96":{"start":{"line":282,"column":8},"end":{"line":285,"column":11}},"97":{"start":{"line":288,"column":24},"end":{"line":290,"column":8}},"98":{"start":{"line":289,"column":8},"end":{"line":289,"column":115}},"99":{"start":{"line":292,"column":6},"end":{"line":297,"column":7}},"100":{"start":{"line":293,"column":8},"end":{"line":296,"column":11}},"101":{"start":{"line":299,"column":18},"end":{"line":301,"column":8}},"102":{"start":{"line":300,"column":8},"end":{"line":300,"column":76}},"103":{"start":{"line":303,"column":6},"end":{"line":322,"column":7}},"104":{"start":{"line":304,"column":8},"end":{"line":310,"column":11}},"105":{"start":{"line":305,"column":10},"end":{"line":309,"column":11}},"106":{"start":{"line":306,"column":24},"end":{"line":306,"column":60}},"107":{"start":{"line":308,"column":12},"end":{"line":308,"column":49}},"108":{"start":{"line":312,"column":8},"end":{"line":316,"column":11}},"109":{"start":{"line":318,"column":8},"end":{"line":321,"column":11}},"110":{"start":{"line":327,"column":2},"end":{"line":327,"column":18}},"111":{"start":{"line":331,"column":15},"end":{"line":331,"column":23}},"112":{"start":{"line":332,"column":0},"end":{"line":332,"column":30}}},"fnMap":{"0":{"name":"_interopRequireDefault","decl":{"start":{"line":12,"column":9},"end":{"line":12,"column":31}},"loc":{"start":{"line":12,"column":37},"end":{"line":12,"column":97}},"line":12},"1":{"name":"_classCallCheck","decl":{"start":{"line":14,"column":9},"end":{"line":14,"column":24}},"loc":{"start":{"line":14,"column":48},"end":{"line":14,"column":153}},"line":14},"2":{"name":"_defineProperties","decl":{"start":{"line":16,"column":9},"end":{"line":16,"column":26}},"loc":{"start":{"line":16,"column":42},"end":{"line":16,"column":317}},"line":16},"3":{"name":"_createClass","decl":{"start":{"line":18,"column":9},"end":{"line":18,"column":21}},"loc":{"start":{"line":18,"column":60},"end":{"line":18,"column":215}},"line":18},"4":{"name":"(anonymous_4)","decl":{"start":{"line":22,"column":0},"end":{"line":22,"column":1}},"loc":{"start":{"line":22,"column":12},"end":{"line":328,"column":1}},"line":22},"5":{"name":"Accounts","decl":{"start":{"line":23,"column":11},"end":{"line":23,"column":19}},"loc":{"start":{"line":23,"column":22},"end":{"line":25,"column":3}},"line":23},"6":{"name":"getAllAccounts","decl":{"start":{"line":29,"column":20},"end":{"line":29,"column":34}},"loc":{"start":{"line":29,"column":45},"end":{"line":36,"column":5}},"line":29},"7":{"name":"createAccount","decl":{"start":{"line":40,"column":20},"end":{"line":40,"column":33}},"loc":{"start":{"line":40,"column":44},"end":{"line":147,"column":5}},"line":40},"8":{"name":"(anonymous_8)","decl":{"start":{"line":114,"column":41},"end":{"line":114,"column":42}},"loc":{"start":{"line":114,"column":57},"end":{"line":116,"column":7}},"line":114},"9":{"name":"(anonymous_9)","decl":{"start":{"line":124,"column":45},"end":{"line":124,"column":46}},"loc":{"start":{"line":124,"column":61},"end":{"line":126,"column":9}},"line":124},"10":{"name":"accountActivateDeactivate","decl":{"start":{"line":151,"column":20},"end":{"line":151,"column":45}},"loc":{"start":{"line":151,"column":56},"end":{"line":246,"column":5}},"line":151},"11":{"name":"(anonymous_11)","decl":{"start":{"line":203,"column":47},"end":{"line":203,"column":48}},"loc":{"start":{"line":203,"column":63},"end":{"line":205,"column":7}},"line":203},"12":{"name":"(anonymous_12)","decl":{"start":{"line":214,"column":43},"end":{"line":214,"column":44}},"loc":{"start":{"line":214,"column":62},"end":{"line":216,"column":7}},"line":214},"13":{"name":"(anonymous_13)","decl":{"start":{"line":221,"column":36},"end":{"line":221,"column":37}},"loc":{"start":{"line":221,"column":55},"end":{"line":239,"column":9}},"line":221},"14":{"name":"deleteAccount","decl":{"start":{"line":250,"column":20},"end":{"line":250,"column":33}},"loc":{"start":{"line":250,"column":44},"end":{"line":323,"column":5}},"line":250},"15":{"name":"(anonymous_15)","decl":{"start":{"line":288,"column":47},"end":{"line":288,"column":48}},"loc":{"start":{"line":288,"column":63},"end":{"line":290,"column":7}},"line":288},"16":{"name":"(anonymous_16)","decl":{"start":{"line":299,"column":43},"end":{"line":299,"column":44}},"loc":{"start":{"line":299,"column":62},"end":{"line":301,"column":7}},"line":299},"17":{"name":"(anonymous_17)","decl":{"start":{"line":304,"column":36},"end":{"line":304,"column":37}},"loc":{"start":{"line":304,"column":55},"end":{"line":310,"column":9}},"line":304}},"branchMap":{"0":{"loc":{"start":{"line":12,"column":46},"end":{"line":12,"column":94}},"type":"cond-expr","locations":[{"start":{"line":12,"column":70},"end":{"line":12,"column":73}},{"start":{"line":12,"column":76},"end":{"line":12,"column":94}}],"line":12},"1":{"loc":{"start":{"line":12,"column":46},"end":{"line":12,"column":67}},"type":"binary-expr","locations":[{"start":{"line":12,"column":46},"end":{"line":12,"column":49}},{"start":{"line":12,"column":53},"end":{"line":12,"column":67}}],"line":12},"2":{"loc":{"start":{"line":14,"column":50},"end":{"line":14,"column":151}},"type":"if","locations":[{"start":{"line":14,"column":50},"end":{"line":14,"column":151}},{"start":{"line":14,"column":50},"end":{"line":14,"column":151}}],"line":14},"3":{"loc":{"start":{"line":16,"column":136},"end":{"line":16,"column":166}},"type":"binary-expr","locations":[{"start":{"line":16,"column":136},"end":{"line":16,"column":157}},{"start":{"line":16,"column":161},"end":{"line":16,"column":166}}],"line":16},"4":{"loc":{"start":{"line":16,"column":200},"end":{"line":16,"column":254}},"type":"if","locations":[{"start":{"line":16,"column":200},"end":{"line":16,"column":254}},{"start":{"line":16,"column":200},"end":{"line":16,"column":254}}],"line":16},"5":{"loc":{"start":{"line":18,"column":62},"end":{"line":18,"column":131}},"type":"if","locations":[{"start":{"line":18,"column":62},"end":{"line":18,"column":131}},{"start":{"line":18,"column":62},"end":{"line":18,"column":131}}],"line":18},"6":{"loc":{"start":{"line":18,"column":132},"end":{"line":18,"column":193}},"type":"if","locations":[{"start":{"line":18,"column":132},"end":{"line":18,"column":193}},{"start":{"line":18,"column":132},"end":{"line":18,"column":193}}],"line":18},"7":{"loc":{"start":{"line":55,"column":6},"end":{"line":60,"column":7}},"type":"if","locations":[{"start":{"line":55,"column":6},"end":{"line":60,"column":7}},{"start":{"line":55,"column":6},"end":{"line":60,"column":7}}],"line":55},"8":{"loc":{"start":{"line":62,"column":6},"end":{"line":67,"column":7}},"type":"if","locations":[{"start":{"line":62,"column":6},"end":{"line":67,"column":7}},{"start":{"line":62,"column":6},"end":{"line":67,"column":7}}],"line":62},"9":{"loc":{"start":{"line":69,"column":6},"end":{"line":74,"column":7}},"type":"if","locations":[{"start":{"line":69,"column":6},"end":{"line":74,"column":7}},{"start":{"line":69,"column":6},"end":{"line":74,"column":7}}],"line":69},"10":{"loc":{"start":{"line":76,"column":6},"end":{"line":81,"column":7}},"type":"if","locations":[{"start":{"line":76,"column":6},"end":{"line":81,"column":7}},{"start":{"line":76,"column":6},"end":{"line":81,"column":7}}],"line":76},"11":{"loc":{"start":{"line":86,"column":6},"end":{"line":91,"column":7}},"type":"if","locations":[{"start":{"line":86,"column":6},"end":{"line":91,"column":7}},{"start":{"line":86,"column":6},"end":{"line":91,"column":7}}],"line":86},"12":{"loc":{"start":{"line":93,"column":6},"end":{"line":98,"column":7}},"type":"if","locations":[{"start":{"line":93,"column":6},"end":{"line":98,"column":7}},{"start":{"line":93,"column":6},"end":{"line":98,"column":7}}],"line":93},"13":{"loc":{"start":{"line":100,"column":6},"end":{"line":105,"column":7}},"type":"if","locations":[{"start":{"line":100,"column":6},"end":{"line":105,"column":7}},{"start":{"line":100,"column":6},"end":{"line":105,"column":7}}],"line":100},"14":{"loc":{"start":{"line":107,"column":6},"end":{"line":112,"column":7}},"type":"if","locations":[{"start":{"line":107,"column":6},"end":{"line":112,"column":7}},{"start":{"line":107,"column":6},"end":{"line":112,"column":7}}],"line":107},"15":{"loc":{"start":{"line":118,"column":6},"end":{"line":129,"column":7}},"type":"if","locations":[{"start":{"line":118,"column":6},"end":{"line":129,"column":7}},{"start":{"line":118,"column":6},"end":{"line":129,"column":7}}],"line":118},"16":{"loc":{"start":{"line":131,"column":6},"end":{"line":138,"column":7}},"type":"if","locations":[{"start":{"line":131,"column":6},"end":{"line":138,"column":7}},{"start":{"line":131,"column":6},"end":{"line":138,"column":7}}],"line":131},"17":{"loc":{"start":{"line":132,"column":8},"end":{"line":137,"column":9}},"type":"if","locations":[{"start":{"line":132,"column":8},"end":{"line":137,"column":9}},{"start":{"line":132,"column":8},"end":{"line":137,"column":9}}],"line":132},"18":{"loc":{"start":{"line":158,"column":6},"end":{"line":163,"column":7}},"type":"if","locations":[{"start":{"line":158,"column":6},"end":{"line":163,"column":7}},{"start":{"line":158,"column":6},"end":{"line":163,"column":7}}],"line":158},"19":{"loc":{"start":{"line":165,"column":6},"end":{"line":170,"column":7}},"type":"if","locations":[{"start":{"line":165,"column":6},"end":{"line":170,"column":7}},{"start":{"line":165,"column":6},"end":{"line":170,"column":7}}],"line":165},"20":{"loc":{"start":{"line":175,"column":6},"end":{"line":180,"column":7}},"type":"if","locations":[{"start":{"line":175,"column":6},"end":{"line":180,"column":7}},{"start":{"line":175,"column":6},"end":{"line":180,"column":7}}],"line":175},"21":{"loc":{"start":{"line":182,"column":6},"end":{"line":187,"column":7}},"type":"if","locations":[{"start":{"line":182,"column":6},"end":{"line":187,"column":7}},{"start":{"line":182,"column":6},"end":{"line":187,"column":7}}],"line":182},"22":{"loc":{"start":{"line":189,"column":6},"end":{"line":194,"column":7}},"type":"if","locations":[{"start":{"line":189,"column":6},"end":{"line":194,"column":7}},{"start":{"line":189,"column":6},"end":{"line":194,"column":7}}],"line":189},"23":{"loc":{"start":{"line":196,"column":6},"end":{"line":201,"column":7}},"type":"if","locations":[{"start":{"line":196,"column":6},"end":{"line":201,"column":7}},{"start":{"line":196,"column":6},"end":{"line":201,"column":7}}],"line":196},"24":{"loc":{"start":{"line":204,"column":15},"end":{"line":204,"column":114}},"type":"binary-expr","locations":[{"start":{"line":204,"column":15},"end":{"line":204,"column":47}},{"start":{"line":204,"column":51},"end":{"line":204,"column":89}},{"start":{"line":204,"column":93},"end":{"line":204,"column":114}}],"line":204},"25":{"loc":{"start":{"line":207,"column":6},"end":{"line":212,"column":7}},"type":"if","locations":[{"start":{"line":207,"column":6},"end":{"line":212,"column":7}},{"start":{"line":207,"column":6},"end":{"line":212,"column":7}}],"line":207},"26":{"loc":{"start":{"line":218,"column":6},"end":{"line":245,"column":7}},"type":"if","locations":[{"start":{"line":218,"column":6},"end":{"line":245,"column":7}},{"start":{"line":218,"column":6},"end":{"line":245,"column":7}}],"line":218},"27":{"loc":{"start":{"line":222,"column":10},"end":{"line":238,"column":11}},"type":"if","locations":[{"start":{"line":222,"column":10},"end":{"line":238,"column":11}},{"start":{"line":222,"column":10},"end":{"line":238,"column":11}}],"line":222},"28":{"loc":{"start":{"line":223,"column":12},"end":{"line":230,"column":13}},"type":"if","locations":[{"start":{"line":223,"column":12},"end":{"line":230,"column":13}},{"start":{"line":223,"column":12},"end":{"line":230,"column":13}}],"line":223},"29":{"loc":{"start":{"line":224,"column":14},"end":{"line":229,"column":15}},"type":"if","locations":[{"start":{"line":224,"column":14},"end":{"line":229,"column":15}},{"start":{"line":224,"column":14},"end":{"line":229,"column":15}}],"line":224},"30":{"loc":{"start":{"line":232,"column":29},"end":{"line":232,"column":83}},"type":"cond-expr","locations":[{"start":{"line":232,"column":49},"end":{"line":232,"column":66}},{"start":{"line":232,"column":69},"end":{"line":232,"column":83}}],"line":232},"31":{"loc":{"start":{"line":257,"column":6},"end":{"line":262,"column":7}},"type":"if","locations":[{"start":{"line":257,"column":6},"end":{"line":262,"column":7}},{"start":{"line":257,"column":6},"end":{"line":262,"column":7}}],"line":257},"32":{"loc":{"start":{"line":264,"column":6},"end":{"line":269,"column":7}},"type":"if","locations":[{"start":{"line":264,"column":6},"end":{"line":269,"column":7}},{"start":{"line":264,"column":6},"end":{"line":269,"column":7}}],"line":264},"33":{"loc":{"start":{"line":274,"column":6},"end":{"line":279,"column":7}},"type":"if","locations":[{"start":{"line":274,"column":6},"end":{"line":279,"column":7}},{"start":{"line":274,"column":6},"end":{"line":279,"column":7}}],"line":274},"34":{"loc":{"start":{"line":281,"column":6},"end":{"line":286,"column":7}},"type":"if","locations":[{"start":{"line":281,"column":6},"end":{"line":286,"column":7}},{"start":{"line":281,"column":6},"end":{"line":286,"column":7}}],"line":281},"35":{"loc":{"start":{"line":289,"column":15},"end":{"line":289,"column":114}},"type":"binary-expr","locations":[{"start":{"line":289,"column":15},"end":{"line":289,"column":47}},{"start":{"line":289,"column":51},"end":{"line":289,"column":89}},{"start":{"line":289,"column":93},"end":{"line":289,"column":114}}],"line":289},"36":{"loc":{"start":{"line":292,"column":6},"end":{"line":297,"column":7}},"type":"if","locations":[{"start":{"line":292,"column":6},"end":{"line":297,"column":7}},{"start":{"line":292,"column":6},"end":{"line":297,"column":7}}],"line":292},"37":{"loc":{"start":{"line":303,"column":6},"end":{"line":322,"column":7}},"type":"if","locations":[{"start":{"line":303,"column":6},"end":{"line":322,"column":7}},{"start":{"line":303,"column":6},"end":{"line":322,"column":7}}],"line":303},"38":{"loc":{"start":{"line":305,"column":10},"end":{"line":309,"column":11}},"type":"if","locations":[{"start":{"line":305,"column":10},"end":{"line":309,"column":11}},{"start":{"line":305,"column":10},"end":{"line":309,"column":11}}],"line":305}},"s":{"0":1,"1":1,"2":1,"3":1,"4":2,"5":0,"6":0,"7":1,"8":1,"9":4,"10":4,"11":4,"12":4,"13":4,"14":4,"15":1,"16":0,"17":1,"18":1,"19":1,"20":1,"21":0,"22":1,"23":0,"24":0,"25":0,"26":0,"27":0,"28":0,"29":0,"30":0,"31":0,"32":0,"33":0,"34":0,"35":0,"36":0,"37":0,"38":0,"39":0,"40":0,"41":0,"42":0,"43":0,"44":0,"45":0,"46":0,"47":0,"48":0,"49":0,"50":0,"51":0,"52":0,"53":0,"54":0,"55":0,"56":0,"57":0,"58":0,"59":0,"60":0,"61":0,"62":0,"63":0,"64":0,"65":0,"66":0,"67":0,"68":0,"69":0,"70":0,"71":0,"72":0,"73":0,"74":0,"75":0,"76":0,"77":0,"78":0,"79":0,"80":0,"81":0,"82":0,"83":0,"84":0,"85":0,"86":0,"87":0,"88":0,"89":0,"90":0,"91":0,"92":0,"93":0,"94":0,"95":0,"96":0,"97":0,"98":0,"99":0,"100":0,"101":0,"102":0,"103":0,"104":0,"105":0,"106":0,"107":0,"108":0,"109":0,"110":1,"111":1,"112":1},"f":{"0":2,"1":0,"2":1,"3":1,"4":1,"5":0,"6":0,"7":0,"8":0,"9":0,"10":0,"11":0,"12":0,"13":0,"14":0,"15":0,"16":0,"17":0},"b":{"0":[2,0],"1":[2,2],"2":[0,0],"3":[4,4],"4":[4,0],"5":[0,1],"6":[1,0],"7":[0,0],"8":[0,0],"9":[0,0],"10":[0,0],"11":[0,0],"12":[0,0],"13":[0,0],"14":[0,0],"15":[0,0],"16":[0,0],"17":[0,0],"18":[0,0],"19":[0,0],"20":[0,0],"21":[0,0],"22":[0,0],"23":[0,0],"24":[0,0,0],"25":[0,0],"26":[0,0],"27":[0,0],"28":[0,0],"29":[0,0],"30":[0,0],"31":[0,0],"32":[0,0],"33":[0,0],"34":[0,0],"35":[0,0,0],"36":[0,0],"37":[0,0],"38":[0,0]},"_coverageSchema":"43e27e138ebf9cfc5966b082cf9a028302ed4184","hash":"a7c7cf475e54d71dc3a873521ebd528dc7a9b79f","contentHash":"019aa8a4893ab6669008c43c5117f6b06463c87c28ea1798469297309944a26a"},"C:\\Users\\Samuel Adafia\\Documents\\Andela Bootcamp\\Cycle 5\\banka\\server\\models\\v1\\Account.js":{"path":"C:\\Users\\Samuel Adafia\\Documents\\Andela Bootcamp\\Cycle 5\\banka\\server\\models\\v1\\Account.js","statementMap":{"0":{"start":{"line":3,"column":0},"end":{"line":5,"column":3}},"1":{"start":{"line":6,"column":0},"end":{"line":6,"column":28}},"2":{"start":{"line":7,"column":15},"end":{"line":63,"column":2}},"3":{"start":{"line":64,"column":15},"end":{"line":64,"column":23}},"4":{"start":{"line":65,"column":0},"end":{"line":65,"column":30}}},"fnMap":{},"branchMap":{},"s":{"0":1,"1":1,"2":1,"3":1,"4":1},"f":{},"b":{},"_coverageSchema":"43e27e138ebf9cfc5966b082cf9a028302ed4184","hash":"49c3f226b152685d5167d7911fb1d2d2de0648c9","contentHash":"534614c6c9035bbc7205ce7f8723afc1090b74664dd8ad9cd33de56b4c4f012f"},"C:\\Users\\Samuel Adafia\\Documents\\Andela Bootcamp\\Cycle 5\\banka\\server\\routes\\api\\v1\\transactionsRoutes.js":{"path":"C:\\Users\\Samuel Adafia\\Documents\\Andela Bootcamp\\Cycle 5\\banka\\server\\routes\\api\\v1\\transactionsRoutes.js","statementMap":{"0":{"start":{"line":3,"column":0},"end":{"line":5,"column":3}},"1":{"start":{"line":6,"column":0},"end":{"line":6,"column":28}},"2":{"start":{"line":8,"column":15},"end":{"line":8,"column":33}},"3":{"start":{"line":10,"column":30},"end":{"line":10,"column":111}},"4":{"start":{"line":12,"column":39},"end":{"line":12,"column":95}},"5":{"start":{"line":14,"column":24},"end":{"line":14,"column":46}},"6":{"start":{"line":15,"column":0},"end":{"line":15,"column":94}},"7":{"start":{"line":16,"column":0},"end":{"line":16,"column":112}},"8":{"start":{"line":17,"column":0},"end":{"line":17,"column":110}},"9":{"start":{"line":18,"column":15},"end":{"line":18,"column":32}},"10":{"start":{"line":19,"column":0},"end":{"line":19,"column":30}}},"fnMap":{"0":{"name":"_interopRequireDefault","decl":{"start":{"line":12,"column":9},"end":{"line":12,"column":31}},"loc":{"start":{"line":12,"column":37},"end":{"line":12,"column":97}},"line":12}},"branchMap":{"0":{"loc":{"start":{"line":12,"column":46},"end":{"line":12,"column":94}},"type":"cond-expr","locations":[{"start":{"line":12,"column":70},"end":{"line":12,"column":73}},{"start":{"line":12,"column":76},"end":{"line":12,"column":94}}],"line":12},"1":{"loc":{"start":{"line":12,"column":46},"end":{"line":12,"column":67}},"type":"binary-expr","locations":[{"start":{"line":12,"column":46},"end":{"line":12,"column":49}},{"start":{"line":12,"column":53},"end":{"line":12,"column":67}}],"line":12}},"s":{"0":1,"1":1,"2":1,"3":1,"4":1,"5":1,"6":1,"7":1,"8":1,"9":1,"10":1},"f":{"0":1},"b":{"0":[1,0],"1":[1,1]},"_coverageSchema":"43e27e138ebf9cfc5966b082cf9a028302ed4184","hash":"803682ef95cdb841603077e32d1691cc4700e290","contentHash":"fe064e3caf24f722aae5cae0026ae8eb8fb59f7804bb4852ed0d63991d9475bd"},"C:\\Users\\Samuel Adafia\\Documents\\Andela Bootcamp\\Cycle 5\\banka\\server\\controllers\\v1\\transactionsController.js":{"path":"C:\\Users\\Samuel Adafia\\Documents\\Andela Bootcamp\\Cycle 5\\banka\\server\\controllers\\v1\\transactionsController.js","statementMap":{"0":{"start":{"line":3,"column":0},"end":{"line":5,"column":3}},"1":{"start":{"line":6,"column":0},"end":{"line":6,"column":28}},"2":{"start":{"line":8,"column":20},"end":{"line":8,"column":83}},"3":{"start":{"line":10,"column":13},"end":{"line":10,"column":69}},"4":{"start":{"line":12,"column":15},"end":{"line":12,"column":73}},"5":{"start":{"line":14,"column":39},"end":{"line":14,"column":95}},"6":{"start":{"line":16,"column":50},"end":{"line":16,"column":151}},"7":{"start":{"line":16,"column":92},"end":{"line":16,"column":149}},"8":{"start":{"line":18,"column":44},"end":{"line":18,"column":315}},"9":{"start":{"line":18,"column":57},"end":{"line":18,"column":58}},"10":{"start":{"line":18,"column":102},"end":{"line":18,"column":110}},"11":{"start":{"line":18,"column":112},"end":{"line":18,"column":167}},"12":{"start":{"line":18,"column":168},"end":{"line":18,"column":199}},"13":{"start":{"line":18,"column":200},"end":{"line":18,"column":254}},"14":{"start":{"line":18,"column":227},"end":{"line":18,"column":254}},"15":{"start":{"line":18,"column":255},"end":{"line":18,"column":313}},"16":{"start":{"line":20,"column":62},"end":{"line":20,"column":131}},"17":{"start":{"line":20,"column":78},"end":{"line":20,"column":131}},"18":{"start":{"line":20,"column":132},"end":{"line":20,"column":193}},"19":{"start":{"line":20,"column":149},"end":{"line":20,"column":193}},"20":{"start":{"line":20,"column":194},"end":{"line":20,"column":213}},"21":{"start":{"line":24,"column":0},"end":{"line":200,"column":3}},"22":{"start":{"line":26,"column":4},"end":{"line":26,"column":40}},"23":{"start":{"line":29,"column":2},"end":{"line":197,"column":6}},"24":{"start":{"line":32,"column":6},"end":{"line":36,"column":9}},"25":{"start":{"line":41,"column":27},"end":{"line":51,"column":7}},"26":{"start":{"line":53,"column":6},"end":{"line":58,"column":7}},"27":{"start":{"line":54,"column":8},"end":{"line":57,"column":11}},"28":{"start":{"line":60,"column":6},"end":{"line":65,"column":7}},"29":{"start":{"line":61,"column":8},"end":{"line":64,"column":11}},"30":{"start":{"line":67,"column":19},"end":{"line":69,"column":8}},"31":{"start":{"line":68,"column":8},"end":{"line":68,"column":50}},"32":{"start":{"line":71,"column":6},"end":{"line":76,"column":7}},"33":{"start":{"line":72,"column":8},"end":{"line":75,"column":11}},"34":{"start":{"line":78,"column":17},"end":{"line":80,"column":8}},"35":{"start":{"line":79,"column":8},"end":{"line":79,"column":50}},"36":{"start":{"line":82,"column":6},"end":{"line":87,"column":7}},"37":{"start":{"line":83,"column":8},"end":{"line":86,"column":11}},"38":{"start":{"line":89,"column":22},"end":{"line":91,"column":8}},"39":{"start":{"line":90,"column":8},"end":{"line":90,"column":70}},"40":{"start":{"line":93,"column":6},"end":{"line":98,"column":7}},"41":{"start":{"line":94,"column":8},"end":{"line":97,"column":11}},"42":{"start":{"line":100,"column":20},"end":{"line":102,"column":8}},"43":{"start":{"line":101,"column":8},"end":{"line":101,"column":70}},"44":{"start":{"line":104,"column":6},"end":{"line":104,"column":77}},"45":{"start":{"line":105,"column":6},"end":{"line":105,"column":53}},"46":{"start":{"line":106,"column":6},"end":{"line":110,"column":9}},"47":{"start":{"line":115,"column":27},"end":{"line":125,"column":7}},"48":{"start":{"line":127,"column":6},"end":{"line":132,"column":7}},"49":{"start":{"line":128,"column":8},"end":{"line":131,"column":11}},"50":{"start":{"line":134,"column":6},"end":{"line":139,"column":7}},"51":{"start":{"line":135,"column":8},"end":{"line":138,"column":11}},"52":{"start":{"line":141,"column":19},"end":{"line":143,"column":8}},"53":{"start":{"line":142,"column":8},"end":{"line":142,"column":50}},"54":{"start":{"line":145,"column":6},"end":{"line":150,"column":7}},"55":{"start":{"line":146,"column":8},"end":{"line":149,"column":11}},"56":{"start":{"line":152,"column":17},"end":{"line":154,"column":8}},"57":{"start":{"line":153,"column":8},"end":{"line":153,"column":50}},"58":{"start":{"line":156,"column":6},"end":{"line":161,"column":7}},"59":{"start":{"line":157,"column":8},"end":{"line":160,"column":11}},"60":{"start":{"line":163,"column":22},"end":{"line":165,"column":8}},"61":{"start":{"line":164,"column":8},"end":{"line":164,"column":70}},"62":{"start":{"line":167,"column":6},"end":{"line":172,"column":7}},"63":{"start":{"line":168,"column":8},"end":{"line":171,"column":11}},"64":{"start":{"line":174,"column":20},"end":{"line":176,"column":8}},"65":{"start":{"line":175,"column":8},"end":{"line":175,"column":70}},"66":{"start":{"line":178,"column":28},"end":{"line":178,"column":70}},"67":{"start":{"line":180,"column":6},"end":{"line":188,"column":7}},"68":{"start":{"line":181,"column":8},"end":{"line":181,"column":79}},"69":{"start":{"line":182,"column":8},"end":{"line":182,"column":55}},"70":{"start":{"line":183,"column":8},"end":{"line":187,"column":11}},"71":{"start":{"line":190,"column":6},"end":{"line":195,"column":7}},"72":{"start":{"line":191,"column":8},"end":{"line":194,"column":11}},"73":{"start":{"line":199,"column":2},"end":{"line":199,"column":22}},"74":{"start":{"line":202,"column":15},"end":{"line":202,"column":27}},"75":{"start":{"line":203,"column":0},"end":{"line":203,"column":30}}},"fnMap":{"0":{"name":"_interopRequireDefault","decl":{"start":{"line":14,"column":9},"end":{"line":14,"column":31}},"loc":{"start":{"line":14,"column":37},"end":{"line":14,"column":97}},"line":14},"1":{"name":"_classCallCheck","decl":{"start":{"line":16,"column":9},"end":{"line":16,"column":24}},"loc":{"start":{"line":16,"column":48},"end":{"line":16,"column":153}},"line":16},"2":{"name":"_defineProperties","decl":{"start":{"line":18,"column":9},"end":{"line":18,"column":26}},"loc":{"start":{"line":18,"column":42},"end":{"line":18,"column":317}},"line":18},"3":{"name":"_createClass","decl":{"start":{"line":20,"column":9},"end":{"line":20,"column":21}},"loc":{"start":{"line":20,"column":60},"end":{"line":20,"column":215}},"line":20},"4":{"name":"(anonymous_4)","decl":{"start":{"line":24,"column":0},"end":{"line":24,"column":1}},"loc":{"start":{"line":24,"column":12},"end":{"line":200,"column":1}},"line":24},"5":{"name":"Transactions","decl":{"start":{"line":25,"column":11},"end":{"line":25,"column":23}},"loc":{"start":{"line":25,"column":26},"end":{"line":27,"column":3}},"line":25},"6":{"name":"getAllTransactions","decl":{"start":{"line":31,"column":20},"end":{"line":31,"column":38}},"loc":{"start":{"line":31,"column":49},"end":{"line":37,"column":5}},"line":31},"7":{"name":"accountCredit","decl":{"start":{"line":40,"column":20},"end":{"line":40,"column":33}},"loc":{"start":{"line":40,"column":44},"end":{"line":111,"column":5}},"line":40},"8":{"name":"(anonymous_8)","decl":{"start":{"line":67,"column":42},"end":{"line":67,"column":43}},"loc":{"start":{"line":67,"column":58},"end":{"line":69,"column":7}},"line":67},"9":{"name":"(anonymous_9)","decl":{"start":{"line":78,"column":42},"end":{"line":78,"column":43}},"loc":{"start":{"line":78,"column":58},"end":{"line":80,"column":7}},"line":78},"10":{"name":"(anonymous_10)","decl":{"start":{"line":89,"column":47},"end":{"line":89,"column":48}},"loc":{"start":{"line":89,"column":66},"end":{"line":91,"column":7}},"line":89},"11":{"name":"(anonymous_11)","decl":{"start":{"line":100,"column":47},"end":{"line":100,"column":48}},"loc":{"start":{"line":100,"column":66},"end":{"line":102,"column":7}},"line":100},"12":{"name":"accountDebit","decl":{"start":{"line":114,"column":20},"end":{"line":114,"column":32}},"loc":{"start":{"line":114,"column":43},"end":{"line":196,"column":5}},"line":114},"13":{"name":"(anonymous_13)","decl":{"start":{"line":141,"column":42},"end":{"line":141,"column":43}},"loc":{"start":{"line":141,"column":58},"end":{"line":143,"column":7}},"line":141},"14":{"name":"(anonymous_14)","decl":{"start":{"line":152,"column":42},"end":{"line":152,"column":43}},"loc":{"start":{"line":152,"column":58},"end":{"line":154,"column":7}},"line":152},"15":{"name":"(anonymous_15)","decl":{"start":{"line":163,"column":47},"end":{"line":163,"column":48}},"loc":{"start":{"line":163,"column":66},"end":{"line":165,"column":7}},"line":163},"16":{"name":"(anonymous_16)","decl":{"start":{"line":174,"column":47},"end":{"line":174,"column":48}},"loc":{"start":{"line":174,"column":66},"end":{"line":176,"column":7}},"line":174}},"branchMap":{"0":{"loc":{"start":{"line":14,"column":46},"end":{"line":14,"column":94}},"type":"cond-expr","locations":[{"start":{"line":14,"column":70},"end":{"line":14,"column":73}},{"start":{"line":14,"column":76},"end":{"line":14,"column":94}}],"line":14},"1":{"loc":{"start":{"line":14,"column":46},"end":{"line":14,"column":67}},"type":"binary-expr","locations":[{"start":{"line":14,"column":46},"end":{"line":14,"column":49}},{"start":{"line":14,"column":53},"end":{"line":14,"column":67}}],"line":14},"2":{"loc":{"start":{"line":16,"column":50},"end":{"line":16,"column":151}},"type":"if","locations":[{"start":{"line":16,"column":50},"end":{"line":16,"column":151}},{"start":{"line":16,"column":50},"end":{"line":16,"column":151}}],"line":16},"3":{"loc":{"start":{"line":18,"column":136},"end":{"line":18,"column":166}},"type":"binary-expr","locations":[{"start":{"line":18,"column":136},"end":{"line":18,"column":157}},{"start":{"line":18,"column":161},"end":{"line":18,"column":166}}],"line":18},"4":{"loc":{"start":{"line":18,"column":200},"end":{"line":18,"column":254}},"type":"if","locations":[{"start":{"line":18,"column":200},"end":{"line":18,"column":254}},{"start":{"line":18,"column":200},"end":{"line":18,"column":254}}],"line":18},"5":{"loc":{"start":{"line":20,"column":62},"end":{"line":20,"column":131}},"type":"if","locations":[{"start":{"line":20,"column":62},"end":{"line":20,"column":131}},{"start":{"line":20,"column":62},"end":{"line":20,"column":131}}],"line":20},"6":{"loc":{"start":{"line":20,"column":132},"end":{"line":20,"column":193}},"type":"if","locations":[{"start":{"line":20,"column":132},"end":{"line":20,"column":193}},{"start":{"line":20,"column":132},"end":{"line":20,"column":193}}],"line":20},"7":{"loc":{"start":{"line":53,"column":6},"end":{"line":58,"column":7}},"type":"if","locations":[{"start":{"line":53,"column":6},"end":{"line":58,"column":7}},{"start":{"line":53,"column":6},"end":{"line":58,"column":7}}],"line":53},"8":{"loc":{"start":{"line":60,"column":6},"end":{"line":65,"column":7}},"type":"if","locations":[{"start":{"line":60,"column":6},"end":{"line":65,"column":7}},{"start":{"line":60,"column":6},"end":{"line":65,"column":7}}],"line":60},"9":{"loc":{"start":{"line":71,"column":6},"end":{"line":76,"column":7}},"type":"if","locations":[{"start":{"line":71,"column":6},"end":{"line":76,"column":7}},{"start":{"line":71,"column":6},"end":{"line":76,"column":7}}],"line":71},"10":{"loc":{"start":{"line":82,"column":6},"end":{"line":87,"column":7}},"type":"if","locations":[{"start":{"line":82,"column":6},"end":{"line":87,"column":7}},{"start":{"line":82,"column":6},"end":{"line":87,"column":7}}],"line":82},"11":{"loc":{"start":{"line":93,"column":6},"end":{"line":98,"column":7}},"type":"if","locations":[{"start":{"line":93,"column":6},"end":{"line":98,"column":7}},{"start":{"line":93,"column":6},"end":{"line":98,"column":7}}],"line":93},"12":{"loc":{"start":{"line":127,"column":6},"end":{"line":132,"column":7}},"type":"if","locations":[{"start":{"line":127,"column":6},"end":{"line":132,"column":7}},{"start":{"line":127,"column":6},"end":{"line":132,"column":7}}],"line":127},"13":{"loc":{"start":{"line":134,"column":6},"end":{"line":139,"column":7}},"type":"if","locations":[{"start":{"line":134,"column":6},"end":{"line":139,"column":7}},{"start":{"line":134,"column":6},"end":{"line":139,"column":7}}],"line":134},"14":{"loc":{"start":{"line":145,"column":6},"end":{"line":150,"column":7}},"type":"if","locations":[{"start":{"line":145,"column":6},"end":{"line":150,"column":7}},{"start":{"line":145,"column":6},"end":{"line":150,"column":7}}],"line":145},"15":{"loc":{"start":{"line":156,"column":6},"end":{"line":161,"column":7}},"type":"if","locations":[{"start":{"line":156,"column":6},"end":{"line":161,"column":7}},{"start":{"line":156,"column":6},"end":{"line":161,"column":7}}],"line":156},"16":{"loc":{"start":{"line":167,"column":6},"end":{"line":172,"column":7}},"type":"if","locations":[{"start":{"line":167,"column":6},"end":{"line":172,"column":7}},{"start":{"line":167,"column":6},"end":{"line":172,"column":7}}],"line":167},"17":{"loc":{"start":{"line":180,"column":6},"end":{"line":188,"column":7}},"type":"if","locations":[{"start":{"line":180,"column":6},"end":{"line":188,"column":7}},{"start":{"line":180,"column":6},"end":{"line":188,"column":7}}],"line":180},"18":{"loc":{"start":{"line":190,"column":6},"end":{"line":195,"column":7}},"type":"if","locations":[{"start":{"line":190,"column":6},"end":{"line":195,"column":7}},{"start":{"line":190,"column":6},"end":{"line":195,"column":7}}],"line":190}},"s":{"0":1,"1":1,"2":1,"3":1,"4":1,"5":3,"6":0,"7":0,"8":1,"9":1,"10":3,"11":3,"12":3,"13":3,"14":3,"15":3,"16":1,"17":0,"18":1,"19":1,"20":1,"21":1,"22":0,"23":1,"24":0,"25":0,"26":0,"27":0,"28":0,"29":0,"30":0,"31":0,"32":0,"33":0,"34":0,"35":0,"36":0,"37":0,"38":0,"39":0,"40":0,"41":0,"42":0,"43":0,"44":0,"45":0,"46":0,"47":0,"48":0,"49":0,"50":0,"51":0,"52":0,"53":0,"54":0,"55":0,"56":0,"57":0,"58":0,"59":0,"60":0,"61":0,"62":0,"63":0,"64":0,"65":0,"66":0,"67":0,"68":0,"69":0,"70":0,"71":0,"72":0,"73":1,"74":1,"75":1},"f":{"0":3,"1":0,"2":1,"3":1,"4":1,"5":0,"6":0,"7":0,"8":0,"9":0,"10":0,"11":0,"12":0,"13":0,"14":0,"15":0,"16":0},"b":{"0":[3,0],"1":[3,3],"2":[0,0],"3":[3,3],"4":[3,0],"5":[0,1],"6":[1,0],"7":[0,0],"8":[0,0],"9":[0,0],"10":[0,0],"11":[0,0],"12":[0,0],"13":[0,0],"14":[0,0],"15":[0,0],"16":[0,0],"17":[0,0],"18":[0,0]},"_coverageSchema":"43e27e138ebf9cfc5966b082cf9a028302ed4184","hash":"2a7e24ec00df4cf4cfe2d68fabee48ae6d52323a","contentHash":"1563b8e56234e6653561dfe138553b8f216dd6470d3999e601e1f302ea43ac6f"},"C:\\Users\\Samuel Adafia\\Documents\\Andela Bootcamp\\Cycle 5\\banka\\server\\models\\v1\\Transactions.js":{"path":"C:\\Users\\Samuel Adafia\\Documents\\Andela Bootcamp\\Cycle 5\\banka\\server\\models\\v1\\Transactions.js","statementMap":{"0":{"start":{"line":3,"column":0},"end":{"line":5,"column":3}},"1":{"start":{"line":6,"column":0},"end":{"line":6,"column":28}},"2":{"start":{"line":7,"column":19},"end":{"line":40,"column":2}},"3":{"start":{"line":41,"column":15},"end":{"line":41,"column":27}},"4":{"start":{"line":42,"column":0},"end":{"line":42,"column":30}}},"fnMap":{},"branchMap":{},"s":{"0":1,"1":1,"2":1,"3":1,"4":1},"f":{},"b":{},"_coverageSchema":"43e27e138ebf9cfc5966b082cf9a028302ed4184","hash":"8f18f84c03687e3d074c21a7e2f318ba872508d8","contentHash":"4c18726f3f01c1e583a356c2406f2bc0ac137509443321cffdfb07416cac0cf6"},"C:\\Users\\Samuel Adafia\\Documents\\Andela Bootcamp\\Cycle 5\\banka\\server\\routes\\api\\v2\\index.js":{"path":"C:\\Users\\Samuel Adafia\\Documents\\Andela Bootcamp\\Cycle 5\\banka\\server\\routes\\api\\v2\\index.js","statementMap":{"0":{"start":{"line":3,"column":0},"end":{"line":5,"column":3}},"1":{"start":{"line":6,"column":0},"end":{"line":6,"column":28}},"2":{"start":{"line":8,"column":15},"end":{"line":8,"column":33}},"3":{"start":{"line":10,"column":21},"end":{"line":10,"column":71}},"4":{"start":{"line":12,"column":24},"end":{"line":12,"column":77}},"5":{"start":{"line":14,"column":39},"end":{"line":14,"column":95}},"6":{"start":{"line":16,"column":18},"end":{"line":16,"column":40}},"7":{"start":{"line":17,"column":0},"end":{"line":17,"column":43}},"8":{"start":{"line":18,"column":0},"end":{"line":18,"column":46}},"9":{"start":{"line":19,"column":15},"end":{"line":19,"column":26}},"10":{"start":{"line":20,"column":0},"end":{"line":20,"column":30}}},"fnMap":{"0":{"name":"_interopRequireDefault","decl":{"start":{"line":14,"column":9},"end":{"line":14,"column":31}},"loc":{"start":{"line":14,"column":37},"end":{"line":14,"column":97}},"line":14}},"branchMap":{"0":{"loc":{"start":{"line":14,"column":46},"end":{"line":14,"column":94}},"type":"cond-expr","locations":[{"start":{"line":14,"column":70},"end":{"line":14,"column":73}},{"start":{"line":14,"column":76},"end":{"line":14,"column":94}}],"line":14},"1":{"loc":{"start":{"line":14,"column":46},"end":{"line":14,"column":67}},"type":"binary-expr","locations":[{"start":{"line":14,"column":46},"end":{"line":14,"column":49}},{"start":{"line":14,"column":53},"end":{"line":14,"column":67}}],"line":14}},"s":{"0":1,"1":1,"2":1,"3":1,"4":1,"5":2,"6":1,"7":1,"8":1,"9":1,"10":1},"f":{"0":2},"b":{"0":[2,0],"1":[2,2]},"_coverageSchema":"43e27e138ebf9cfc5966b082cf9a028302ed4184","hash":"2b197cfef81ee29faecf0f68f817a04e21c05af2","contentHash":"71db6cc2be22a42cf1ba4d464ffeb4666160bbf61c70a2eaf68d0d00e3f586dd"},"C:\\Users\\Samuel Adafia\\Documents\\Andela Bootcamp\\Cycle 5\\banka\\server\\routes\\api\\v2\\usersDbRoutes.js":{"path":"C:\\Users\\Samuel Adafia\\Documents\\Andela Bootcamp\\Cycle 5\\banka\\server\\routes\\api\\v2\\usersDbRoutes.js","statementMap":{"0":{"start":{"line":3,"column":0},"end":{"line":5,"column":3}},"1":{"start":{"line":6,"column":0},"end":{"line":6,"column":28}},"2":{"start":{"line":8,"column":15},"end":{"line":8,"column":33}},"3":{"start":{"line":10,"column":18},"end":{"line":10,"column":80}},"4":{"start":{"line":12,"column":25},"end":{"line":12,"column":101}},"5":{"start":{"line":14,"column":39},"end":{"line":14,"column":95}},"6":{"start":{"line":16,"column":20},"end":{"line":16,"column":42}},"7":{"start":{"line":17,"column":0},"end":{"line":17,"column":71}},"8":{"start":{"line":18,"column":0},"end":{"line":18,"column":77}},"9":{"start":{"line":19,"column":0},"end":{"line":19,"column":77}},"10":{"start":{"line":20,"column":15},"end":{"line":20,"column":28}},"11":{"start":{"line":21,"column":0},"end":{"line":21,"column":30}}},"fnMap":{"0":{"name":"_interopRequireDefault","decl":{"start":{"line":14,"column":9},"end":{"line":14,"column":31}},"loc":{"start":{"line":14,"column":37},"end":{"line":14,"column":97}},"line":14}},"branchMap":{"0":{"loc":{"start":{"line":14,"column":46},"end":{"line":14,"column":94}},"type":"cond-expr","locations":[{"start":{"line":14,"column":70},"end":{"line":14,"column":73}},{"start":{"line":14,"column":76},"end":{"line":14,"column":94}}],"line":14},"1":{"loc":{"start":{"line":14,"column":46},"end":{"line":14,"column":67}},"type":"binary-expr","locations":[{"start":{"line":14,"column":46},"end":{"line":14,"column":49}},{"start":{"line":14,"column":53},"end":{"line":14,"column":67}}],"line":14}},"s":{"0":1,"1":1,"2":1,"3":1,"4":1,"5":2,"6":1,"7":1,"8":1,"9":1,"10":1,"11":1},"f":{"0":2},"b":{"0":[2,0],"1":[2,2]},"_coverageSchema":"43e27e138ebf9cfc5966b082cf9a028302ed4184","hash":"dfd91c4ee51209cd0034b1e20358d3b7d5a058a4","contentHash":"625f8c0678432d66cfff5344ee25e95de511362777be2a94d46afd60471afb5c"},"C:\\Users\\Samuel Adafia\\Documents\\Andela Bootcamp\\Cycle 5\\banka\\server\\helpers\\checkToken.js":{"path":"C:\\Users\\Samuel Adafia\\Documents\\Andela Bootcamp\\Cycle 5\\banka\\server\\helpers\\checkToken.js","statementMap":{"0":{"start":{"line":3,"column":0},"end":{"line":5,"column":3}},"1":{"start":{"line":6,"column":0},"end":{"line":6,"column":28}},"2":{"start":{"line":8,"column":17},"end":{"line":23,"column":1}},"3":{"start":{"line":9,"column":15},"end":{"line":9,"column":43}},"4":{"start":{"line":11,"column":2},"end":{"line":22,"column":3}},"5":{"start":{"line":12,"column":18},"end":{"line":12,"column":36}},"6":{"start":{"line":14,"column":16},"end":{"line":14,"column":25}},"7":{"start":{"line":15,"column":4},"end":{"line":15,"column":22}},"8":{"start":{"line":16,"column":4},"end":{"line":16,"column":11}},"9":{"start":{"line":18,"column":4},"end":{"line":21,"column":7}},"10":{"start":{"line":25,"column":15},"end":{"line":25,"column":25}},"11":{"start":{"line":26,"column":0},"end":{"line":26,"column":30}}},"fnMap":{"0":{"name":"checkToken","decl":{"start":{"line":8,"column":26},"end":{"line":8,"column":36}},"loc":{"start":{"line":8,"column":53},"end":{"line":23,"column":1}},"line":8}},"branchMap":{"0":{"loc":{"start":{"line":11,"column":2},"end":{"line":22,"column":3}},"type":"if","locations":[{"start":{"line":11,"column":2},"end":{"line":22,"column":3}},{"start":{"line":11,"column":2},"end":{"line":22,"column":3}}],"line":11}},"s":{"0":1,"1":1,"2":1,"3":0,"4":0,"5":0,"6":0,"7":0,"8":0,"9":0,"10":1,"11":1},"f":{"0":0},"b":{"0":[0,0]},"_coverageSchema":"43e27e138ebf9cfc5966b082cf9a028302ed4184","hash":"41cd478bcc56287896005901e0857d696d7e5098","contentHash":"8b8f9cd781c67d8d9c81b1cdbf5d8aa034e4c90a583214b29412e074e04686fc"},"C:\\Users\\Samuel Adafia\\Documents\\Andela Bootcamp\\Cycle 5\\banka\\server\\controllers\\v2\\usersControllerDb.js":{"path":"C:\\Users\\Samuel Adafia\\Documents\\Andela Bootcamp\\Cycle 5\\banka\\server\\controllers\\v2\\usersControllerDb.js","statementMap":{"0":{"start":{"line":3,"column":0},"end":{"line":5,"column":3}},"1":{"start":{"line":6,"column":0},"end":{"line":6,"column":28}},"2":{"start":{"line":8,"column":14},"end":{"line":8,"column":55}},"3":{"start":{"line":10,"column":20},"end":{"line":10,"column":67}},"4":{"start":{"line":12,"column":13},"end":{"line":12,"column":69}},"5":{"start":{"line":14,"column":18},"end":{"line":14,"column":77}},"6":{"start":{"line":16,"column":11},"end":{"line":16,"column":49}},"7":{"start":{"line":18,"column":22},"end":{"line":18,"column":85}},"8":{"start":{"line":20,"column":23},"end":{"line":20,"column":87}},"9":{"start":{"line":22,"column":39},"end":{"line":22,"column":95}},"10":{"start":{"line":24,"column":77},"end":{"line":24,"column":175}},"11":{"start":{"line":24,"column":94},"end":{"line":24,"column":107}},"12":{"start":{"line":24,"column":121},"end":{"line":24,"column":131}},"13":{"start":{"line":24,"column":151},"end":{"line":24,"column":165}},"14":{"start":{"line":24,"column":166},"end":{"line":24,"column":173}},"15":{"start":{"line":24,"column":176},"end":{"line":24,"column":263}},"16":{"start":{"line":24,"column":193},"end":{"line":24,"column":208}},"17":{"start":{"line":24,"column":218},"end":{"line":24,"column":261}},"18":{"start":{"line":26,"column":33},"end":{"line":26,"column":387}},"19":{"start":{"line":26,"column":65},"end":{"line":26,"column":69}},"20":{"start":{"line":26,"column":78},"end":{"line":26,"column":87}},"21":{"start":{"line":26,"column":89},"end":{"line":26,"column":384}},"22":{"start":{"line":26,"column":147},"end":{"line":26,"column":167}},"23":{"start":{"line":26,"column":193},"end":{"line":26,"column":264}},"24":{"start":{"line":26,"column":290},"end":{"line":26,"column":360}},"25":{"start":{"line":26,"column":363},"end":{"line":26,"column":380}},"26":{"start":{"line":28,"column":0},"end":{"line":28,"column":28}},"27":{"start":{"line":30,"column":12},"end":{"line":259,"column":1}},"28":{"start":{"line":32,"column":23},"end":{"line":66,"column":7}},"29":{"start":{"line":37,"column":6},"end":{"line":65,"column":35}},"30":{"start":{"line":38,"column":8},"end":{"line":64,"column":9}},"31":{"start":{"line":39,"column":10},"end":{"line":63,"column":11}},"32":{"start":{"line":41,"column":14},"end":{"line":41,"column":47}},"33":{"start":{"line":42,"column":14},"end":{"line":42,"column":32}},"34":{"start":{"line":43,"column":14},"end":{"line":43,"column":32}},"35":{"start":{"line":44,"column":14},"end":{"line":44,"column":55}},"36":{"start":{"line":47,"column":14},"end":{"line":47,"column":35}},"37":{"start":{"line":48,"column":14},"end":{"line":48,"column":31}},"38":{"start":{"line":49,"column":14},"end":{"line":49,"column":39}},"39":{"start":{"line":50,"column":14},"end":{"line":53,"column":18}},"40":{"start":{"line":56,"column":14},"end":{"line":56,"column":33}},"41":{"start":{"line":57,"column":14},"end":{"line":57,"column":49}},"42":{"start":{"line":58,"column":14},"end":{"line":58,"column":82}},"43":{"start":{"line":62,"column":14},"end":{"line":62,"column":37}},"44":{"start":{"line":69,"column":6},"end":{"line":69,"column":49}},"45":{"start":{"line":72,"column":4},"end":{"line":72,"column":23}},"46":{"start":{"line":75,"column":22},"end":{"line":161,"column":7}},"47":{"start":{"line":80,"column":6},"end":{"line":160,"column":37}},"48":{"start":{"line":81,"column":8},"end":{"line":159,"column":9}},"49":{"start":{"line":82,"column":10},"end":{"line":158,"column":11}},"50":{"start":{"line":84,"column":14},"end":{"line":91,"column":16}},"51":{"start":{"line":92,"column":14},"end":{"line":92,"column":82}},"52":{"start":{"line":94,"column":14},"end":{"line":97,"column":15}},"53":{"start":{"line":95,"column":16},"end":{"line":95,"column":35}},"54":{"start":{"line":96,"column":16},"end":{"line":96,"column":22}},"55":{"start":{"line":99,"column":14},"end":{"line":102,"column":18}},"56":{"start":{"line":105,"column":14},"end":{"line":105,"column":61}},"57":{"start":{"line":106,"column":14},"end":{"line":106,"column":33}},"58":{"start":{"line":107,"column":14},"end":{"line":107,"column":70}},"59":{"start":{"line":110,"column":14},"end":{"line":110,"column":40}},"60":{"start":{"line":112,"column":14},"end":{"line":115,"column":15}},"61":{"start":{"line":113,"column":16},"end":{"line":113,"column":36}},"62":{"start":{"line":114,"column":16},"end":{"line":114,"column":22}},"63":{"start":{"line":117,"column":14},"end":{"line":120,"column":18}},"64":{"start":{"line":123,"column":14},"end":{"line":123,"column":142}},"65":{"start":{"line":124,"column":14},"end":{"line":124,"column":112}},"66":{"start":{"line":125,"column":14},"end":{"line":125,"column":34}},"67":{"start":{"line":126,"column":14},"end":{"line":126,"column":34}},"68":{"start":{"line":127,"column":14},"end":{"line":127,"column":59}},"69":{"start":{"line":130,"column":14},"end":{"line":130,"column":37}},"70":{"start":{"line":131,"column":14},"end":{"line":131,"column":32}},"71":{"start":{"line":132,"column":14},"end":{"line":134,"column":16}},"72":{"start":{"line":136,"column":14},"end":{"line":145,"column":17}},"73":{"start":{"line":139,"column":16},"end":{"line":144,"column":19}},"74":{"start":{"line":147,"column":14},"end":{"line":147,"column":34}},"75":{"start":{"line":148,"column":14},"end":{"line":148,"column":20}},"76":{"start":{"line":151,"column":14},"end":{"line":151,"column":34}},"77":{"start":{"line":152,"column":14},"end":{"line":152,"column":52}},"78":{"start":{"line":153,"column":14},"end":{"line":153,"column":91}},"79":{"start":{"line":157,"column":14},"end":{"line":157,"column":38}},"80":{"start":{"line":164,"column":6},"end":{"line":164,"column":48}},"81":{"start":{"line":167,"column":4},"end":{"line":167,"column":22}},"82":{"start":{"line":170,"column":22},"end":{"line":251,"column":7}},"83":{"start":{"line":174,"column":6},"end":{"line":250,"column":19}},"84":{"start":{"line":175,"column":8},"end":{"line":249,"column":9}},"85":{"start":{"line":176,"column":10},"end":{"line":248,"column":11}},"86":{"start":{"line":178,"column":14},"end":{"line":181,"column":16}},"87":{"start":{"line":182,"column":14},"end":{"line":182,"column":90}},"88":{"start":{"line":184,"column":14},"end":{"line":187,"column":15}},"89":{"start":{"line":185,"column":16},"end":{"line":185,"column":35}},"90":{"start":{"line":186,"column":16},"end":{"line":186,"column":22}},"91":{"start":{"line":189,"column":14},"end":{"line":192,"column":18}},"92":{"start":{"line":195,"column":14},"end":{"line":195,"column":61}},"93":{"start":{"line":196,"column":14},"end":{"line":196,"column":33}},"94":{"start":{"line":197,"column":14},"end":{"line":197,"column":70}},"95":{"start":{"line":200,"column":14},"end":{"line":200,"column":40}},"96":{"start":{"line":202,"column":14},"end":{"line":205,"column":15}},"97":{"start":{"line":203,"column":16},"end":{"line":203,"column":36}},"98":{"start":{"line":204,"column":16},"end":{"line":204,"column":22}},"99":{"start":{"line":207,"column":14},"end":{"line":210,"column":15}},"100":{"start":{"line":208,"column":16},"end":{"line":208,"column":36}},"101":{"start":{"line":209,"column":16},"end":{"line":209,"column":22}},"102":{"start":{"line":212,"column":14},"end":{"line":224,"column":17}},"103":{"start":{"line":217,"column":16},"end":{"line":217,"column":39}},"104":{"start":{"line":217,"column":25},"end":{"line":217,"column":39}},"105":{"start":{"line":218,"column":16},"end":{"line":223,"column":19}},"106":{"start":{"line":226,"column":14},"end":{"line":226,"column":34}},"107":{"start":{"line":227,"column":14},"end":{"line":227,"column":20}},"108":{"start":{"line":230,"column":14},"end":{"line":233,"column":18}},"109":{"start":{"line":236,"column":14},"end":{"line":236,"column":34}},"110":{"start":{"line":237,"column":14},"end":{"line":237,"column":20}},"111":{"start":{"line":240,"column":14},"end":{"line":243,"column":18}},"112":{"start":{"line":247,"column":14},"end":{"line":247,"column":38}},"113":{"start":{"line":254,"column":6},"end":{"line":254,"column":48}},"114":{"start":{"line":257,"column":4},"end":{"line":257,"column":22}},"115":{"start":{"line":260,"column":15},"end":{"line":260,"column":20}},"116":{"start":{"line":261,"column":0},"end":{"line":261,"column":30}}},"fnMap":{"0":{"name":"_interopRequireDefault","decl":{"start":{"line":22,"column":9},"end":{"line":22,"column":31}},"loc":{"start":{"line":22,"column":37},"end":{"line":22,"column":97}},"line":22},"1":{"name":"asyncGeneratorStep","decl":{"start":{"line":24,"column":9},"end":{"line":24,"column":27}},"loc":{"start":{"line":24,"column":75},"end":{"line":24,"column":265}},"line":24},"2":{"name":"_asyncToGenerator","decl":{"start":{"line":26,"column":9},"end":{"line"
[...]
"73":{"start":{"line":142,"column":14},"end":{"line":142,"column":34}},"74":{"start":{"line":143,"column":14},"end":{"line":143,"column":20}},"75":{"start":{"line":146,"column":14},"end":{"line":146,"column":34}},"76":{"start":{"line":147,"column":14},"end":{"line":147,"column":52}},"77":{"start":{"line":148,"column":14},"end":{"line":148,"column":91}},"78":{"start":{"line":151,"column":14},"end":{"line":151,"column":34}},"79":{"start":{"line":152,"column":14},"end":{"line":152,"column":20}},"80":{"start":{"line":155,"column":14},"end":{"line":158,"column":18}},"81":{"start":{"line":162,"column":14},"end":{"line":162,"column":38}},"82":{"start":{"line":169,"column":6},"end":{"line":169,"column":51}},"83":{"start":{"line":172,"column":4},"end":{"line":172,"column":25}},"84":{"start":{"line":175,"column":37},"end":{"line":295,"column":7}},"85":{"start":{"line":180,"column":6},"end":{"line":294,"column":37}},"86":{"start":{"line":181,"column":8},"end":{"line":293,"column":9}},"87":{"start":{"line":182,"column":10},"end":{"line":292,"column":11}},"88":{"start":{"line":184,"column":14},"end":{"line":187,"column":16}},"89":{"start":{"line":188,"column":14},"end":{"line":188,"column":89}},"90":{"start":{"line":190,"column":14},"end":{"line":193,"column":15}},"91":{"start":{"line":191,"column":16},"end":{"line":191,"column":35}},"92":{"start":{"line":192,"column":16},"end":{"line":192,"column":22}},"93":{"start":{"line":195,"column":14},"end":{"line":198,"column":18}},"94":{"start":{"line":201,"column":14},"end":{"line":201,"column":61}},"95":{"start":{"line":202,"column":14},"end":{"line":202,"column":33}},"96":{"start":{"line":203,"column":14},"end":{"line":203,"column":70}},"97":{"start":{"line":206,"column":14},"end":{"line":206,"column":40}},"98":{"start":{"line":208,"column":14},"end":{"line":211,"column":15}},"99":{"start":{"line":209,"column":16},"end":{"line":209,"column":36}},"100":{"start":{"line":210,"column":16},"end":{"line":210,"column":22}},"101":{"start":{"line":213,"column":14},"end":{"line":216,"column":18}},"102":{"start":{"line":219,"column":14},"end":{"line":222,"column":15}},"103":{"start":{"line":220,"column":16},"end":{"line":220,"column":36}},"104":{"start":{"line":221,"column":16},"end":{"line":221,"column":22}},"105":{"start":{"line":224,"column":14},"end":{"line":227,"column":18}},"106":{"start":{"line":230,"column":14},"end":{"line":233,"column":16}},"107":{"start":{"line":234,"column":14},"end":{"line":234,"column":105}},"108":{"start":{"line":236,"column":14},"end":{"line":239,"column":15}},"109":{"start":{"line":237,"column":16},"end":{"line":237,"column":36}},"110":{"start":{"line":238,"column":16},"end":{"line":238,"column":22}},"111":{"start":{"line":241,"column":14},"end":{"line":244,"column":18}},"112":{"start":{"line":247,"column":14},"end":{"line":247,"column":67}},"113":{"start":{"line":248,"column":14},"end":{"line":248,"column":98}},"114":{"start":{"line":249,"column":14},"end":{"line":249,"column":76}},"115":{"start":{"line":250,"column":14},"end":{"line":250,"column":34}},"116":{"start":{"line":251,"column":14},"end":{"line":251,"column":34}},"117":{"start":{"line":252,"column":14},"end":{"line":252,"column":86}},"118":{"start":{"line":255,"column":14},"end":{"line":255,"column":37}},"119":{"start":{"line":256,"column":14},"end":{"line":256,"column":32}},"120":{"start":{"line":258,"column":14},"end":{"line":261,"column":15}},"121":{"start":{"line":259,"column":16},"end":{"line":259,"column":36}},"122":{"start":{"line":260,"column":16},"end":{"line":260,"column":22}},"123":{"start":{"line":263,"column":14},"end":{"line":266,"column":18}},"124":{"start":{"line":269,"column":14},"end":{"line":269,"column":34}},"125":{"start":{"line":270,"column":14},"end":{"line":270,"column":64}},"126":{"start":{"line":273,"column":14},"end":{"line":273,"column":41}},"127":{"start":{"line":274,"column":14},"end":{"line":278,"column":18}},"128":{"start":{"line":281,"column":14},"end":{"line":281,"column":34}},"129":{"start":{"line":282,"column":14},"end":{"line":282,"column":20}},"130":{"start":{"line":285,"column":14},"end":{"line":285,"column":34}},"131":{"start":{"line":286,"column":14},"end":{"line":286,"column":52}},"132":{"start":{"line":287,"column":14},"end":{"line":287,"column":84}},"133":{"start":{"line":291,"column":14},"end":{"line":291,"column":38}},"134":{"start":{"line":298,"column":6},"end":{"line":298,"column":63}},"135":{"start":{"line":301,"column":4},"end":{"line":301,"column":37}},"136":{"start":{"line":304,"column":15},"end":{"line":304,"column":23}},"137":{"start":{"line":305,"column":0},"end":{"line":305,"column":30}}},"fnMap":{"0":{"name":"_interopRequireDefault","decl":{"start":{"line":22,"column":9},"end":{"line":22,"column":31}},"loc":{"start":{"line":22,"column":37},"end":{"line":22,"column":97}},"line":22},"1":{"name":"asyncGeneratorStep","decl":{"start":{"line":24,"column":9},"end":{"line":24,"column":27}},"loc":{"start":{"line":24,"column":75},"end":{"line":24,"column":265}},"line":24},"2":{"name":"_asyncToGenerator","decl":{"start":{"line":26,"column":9},"end":{"line":26,"column":26}},"loc":{"start":{"line":26,"column":31},"end":{"line":26,"column":389}},"line":26},"3":{"name":"(anonymous_3)","decl":{"start":{"line":26,"column":40},"end":{"line":26,"column":41}},"loc":{"start":{"line":26,"column":52},"end":{"line":26,"column":386}},"line":26},"4":{"name":"(anonymous_4)","decl":{"start":{"line":26,"column":108},"end":{"line":26,"column":109}},"loc":{"start":{"line":26,"column":135},"end":{"line":26,"column":382}},"line":26},"5":{"name":"_next","decl":{"start":{"line":26,"column":178},"end":{"line":26,"column":183}},"loc":{"start":{"line":26,"column":191},"end":{"line":26,"column":266}},"line":26},"6":{"name":"_throw","decl":{"start":{"line":26,"column":276},"end":{"line":26,"column":282}},"loc":{"start":{"line":26,"column":288},"end":{"line":26,"column":362}},"line":26},"7":{"name":"(anonymous_7)","decl":{"start":{"line":31,"column":18},"end":{"line":31,"column":19}},"loc":{"start":{"line":31,"column":30},"end":{"line":73,"column":3}},"line":31},"8":{"name":"_callee","decl":{"start":{"line":34,"column":37},"end":{"line":34,"column":44}},"loc":{"start":{"line":34,"column":55},"end":{"line":66,"column":5}},"line":34},"9":{"name":"_callee$","decl":{"start":{"line":37,"column":46},"end":{"line":37,"column":54}},"loc":{"start":{"line":37,"column":65},"end":{"line":65,"column":7}},"line":37},"10":{"name":"getAllaccounts","decl":{"start":{"line":68,"column":13},"end":{"line":68,"column":27}},"loc":{"start":{"line":68,"column":37},"end":{"line":70,"column":5}},"line":68},"11":{"name":"(anonymous_11)","decl":{"start":{"line":74,"column":17},"end":{"line":74,"column":18}},"loc":{"start":{"line":74,"column":29},"end":{"line":173,"column":3}},"line":74},"12":{"name":"_callee2","decl":{"start":{"line":77,"column":37},"end":{"line":77,"column":45}},"loc":{"start":{"line":77,"column":56},"end":{"line":166,"column":5}},"line":77},"13":{"name":"_callee2$","decl":{"start":{"line":80,"column":46},"end":{"line":80,"column":55}},"loc":{"start":{"line":80,"column":67},"end":{"line":165,"column":7}},"line":80},"14":{"name":"(anonymous_14)","decl":{"start":{"line":133,"column":17},"end":{"line":133,"column":18}},"loc":{"start":{"line":133,"column":39},"end":{"line":140,"column":15}},"line":133},"15":{"name":"createAccount","decl":{"start":{"line":168,"column":13},"end":{"line":168,"column":26}},"loc":{"start":{"line":168,"column":37},"end":{"line":170,"column":5}},"line":168},"16":{"name":"(anonymous_16)","decl":{"start":{"line":174,"column":29},"end":{"line":174,"column":30}},"loc":{"start":{"line":174,"column":41},"end":{"line":302,"column":3}},"line":174},"17":{"name":"_callee3","decl":{"start":{"line":177,"column":37},"end":{"line":177,"column":45}},"loc":{"start":{"line":177,"column":56},"end":{"line":295,"column":5}},"line":177},"18":{"name":"_callee3$","decl":{"start":{"line":180,"column":46},"end":{"line":180,"column":55}},"loc":{"start":{"line":180,"column":67},"end":{"line":294,"column":7}},"line":180},"19":{"name":"accountActivateDeactivate","decl":{"start":{"line":297,"column":13},"end":{"line":297,"column":38}},"loc":{"start":{"line":297,"column":49},"end":{"line":299,"column":5}},"line":297}},"branchMap":{"0":{"loc":{"start":{"line":22,"column":46},"end":{"line":22,"column":94}},"type":"cond-expr","locations":[{"start":{"line":22,"column":70},"end":{"line":22,"column":73}},{"start":{"line":22,"column":76},"end":{"line":22,"column":94}}],"line":22},"1":{"loc":{"start":{"line":22,"column":46},"end":{"line":22,"column":67}},"type":"binary-expr","locations":[{"start":{"line":22,"column":46},"end":{"line":22,"column":49}},{"start":{"line":22,"column":53},"end":{"line":22,"column":67}}],"line":22},"2":{"loc":{"start":{"line":24,"column":176},"end":{"line":24,"column":263}},"type":"if","locations":[{"start":{"line":24,"column":176},"end":{"line":24,"column":263}},{"start":{"line":24,"column":176},"end":{"line":24,"column":263}}],"line":24},"3":{"loc":{"start":{"line":39,"column":10},"end":{"line":63,"column":11}},"type":"switch","locations":[{"start":{"line":40,"column":12},"end":{"line":44,"column":55}},{"start":{"line":46,"column":12},"end":{"line":53,"column":18}},{"start":{"line":55,"column":12},"end":{"line":58,"column":82}},{"start":{"line":60,"column":12},"end":{"line":60,"column":20}},{"start":{"line":61,"column":12},"end":{"line":62,"column":37}}],"line":39},"4":{"loc":{"start":{"line":82,"column":10},"end":{"line":163,"column":11}},"type":"switch","locations":[{"start":{"line":83,"column":12},"end":{"line":103,"column":18}},{"start":{"line":105,"column":12},"end":{"line":110,"column":70}},{"start":{"line":112,"column":12},"end":{"line":122,"column":59}},{"start":{"line":124,"column":12},"end":{"line":143,"column":20}},{"start":{"line":145,"column":12},"end":{"line":148,"column":91}},{"start":{"line":150,"column":12},"end":{"line":152,"column":20}},{"start":{"line":154,"column":12},"end":{"line":158,"column":18}},{"start":{"line":160,"column":12},"end":{"line":160,"column":20}},{"start":{"line":161,"column":12},"end":{"line":162,"column":38}}],"line":82},"5":{"loc":{"start":{"line":95,"column":14},"end":{"line":98,"column":15}},"type":"if","locations":[{"start":{"line":95,"column":14},"end":{"line":98,"column":15}},{"start":{"line":95,"column":14},"end":{"line":98,"column":15}}],"line":95},"6":{"loc":{"start":{"line":115,"column":14},"end":{"line":118,"column":15}},"type":"if","locations":[{"start":{"line":115,"column":14},"end":{"line":118,"column":15}},{"start":{"line":115,"column":14},"end":{"line":118,"column":15}}],"line":115},"7":{"loc":{"start":{"line":182,"column":10},"end":{"line":292,"column":11}},"type":"switch","locations":[{"start":{"line":183,"column":12},"end":{"line":198,"column":18}},{"start":{"line":200,"column":12},"end":{"line":203,"column":70}},{"start":{"line":205,"column":12},"end":{"line":216,"column":18}},{"start":{"line":218,"column":12},"end":{"line":227,"column":18}},{"start":{"line":229,"column":12},"end":{"line":244,"column":18}},{"start":{"line":246,"column":12},"end":{"line":252,"column":86}},{"start":{"line":254,"column":12},"end":{"line":266,"column":18}},{"start":{"line":268,"column":12},"end":{"line":270,"column":64}},{"start":{"line":272,"column":12},"end":{"line":278,"column":18}},{"start":{"line":280,"column":12},"end":{"line":282,"column":20}},{"start":{"line":284,"column":12},"end":{"line":287,"column":84}},{"start":{"line":289,"column":12},"end":{"line":289,"column":20}},{"start":{"line":290,"column":12},"end":{"line":291,"column":38}}],"line":182},"8":{"loc":{"start":{"line":190,"column":14},"end":{"line":193,"column":15}},"type":"if","locations":[{"start":{"line":190,"column":14},"end":{"line":193,"column":15}},{"start":{"line":190,"column":14},"end":{"line":193,"column":15}}],"line":190},"9":{"loc":{"start":{"line":208,"column":14},"end":{"line":211,"column":15}},"type":"if","locations":[{"start":{"line":208,"column":14},"end":{"line":211,"column":15}},{"start":{"line":208,"column":14},"end":{"line":211,"column":15}}],"line":208},"10":{"loc":{"start":{"line":219,"column":14},"end":{"line":222,"column":15}},"type":"if","locations":[{"start":{"line":219,"column":14},"end":{"line":222,"column":15}},{"start":{"line":219,"column":14},"end":{"line":222,"column":15}}],"line":219},"11":{"loc":{"start":{"line":236,"column":14},"end":{"line":239,"column":15}},"type":"if","locations":[{"start":{"line":236,"column":14},"end":{"line":239,"column":15}},{"start":{"line":236,"column":14},"end":{"line":239,"column":15}}],"line":236},"12":{"loc":{"start":{"line":258,"column":14},"end":{"line":261,"column":15}},"type":"if","locations":[{"start":{"line":258,"column":14},"end":{"line":261,"column":15}},{"start":{"line":258,"column":14},"end":{"line":261,"column":15}}],"line":258}},"s":{"0":1,"1":1,"2":1,"3":1,"4":1,"5":1,"6":1,"7":1,"8":1,"9":7,"10":20,"11":20,"12":20,"13":0,"14":0,"15":20,"16":9,"17":11,"18":3,"19":9,"20":9,"21":9,"22":9,"23":20,"24":0,"25":9,"26":1,"27":1,"28":1,"29":1,"30":3,"31":3,"32":1,"33":1,"34":1,"35":1,"36":1,"37":1,"38":1,"39":1,"40":0,"41":0,"42":0,"43":1,"44":1,"45":1,"46":1,"47":3,"48":8,"49":13,"50":3,"51":3,"52":3,"53":2,"54":2,"55":1,"56":2,"57":2,"58":2,"59":2,"60":2,"61":2,"62":2,"63":1,"64":1,"65":1,"66":1,"67":1,"68":1,"69":1,"70":1,"71":1,"72":1,"73":1,"74":1,"75":0,"76":0,"77":0,"78":1,"79":1,"80":1,"81":3,"82":3,"83":1,"84":1,"85":5,"86":17,"87":29,"88":5,"89":5,"90":5,"91":4,"92":4,"93":1,"94":4,"95":4,"96":4,"97":4,"98":4,"99":3,"100":3,"101":1,"102":3,"103":2,"104":2,"105":1,"106":2,"107":2,"108":2,"109":2,"110":2,"111":0,"112":2,"113":2,"114":2,"115":2,"116":2,"117":2,"118":2,"119":2,"120":2,"121":1,"122":1,"123":1,"124":1,"125":1,"126":1,"127":1,"128":0,"129":0,"130":0,"131":0,"132":0,"133":5,"134":5,"135":1,"136":1,"137":1},"f":{"0":7,"1":20,"2":3,"3":9,"4":9,"5":20,"6":0,"7":1,"8":1,"9":3,"10":1,"11":1,"12":3,"13":8,"14":1,"15":3,"16":1,"17":5,"18":17,"19":5},"b":{"0":[4,3],"1":[7,7],"2":[9,11],"3":[1,1,0,0,1],"4":[3,2,2,1,0,1,1,1,3],"5":[2,1],"6":[1,1],"7":[5,4,4,3,2,2,2,1,1,0,0,0,5],"8":[4,1],"9":[3,1],"10":[2,1],"11":[2,0],"12":[1,1]},"_coverageSchema":"43e27e138ebf9cfc5966b082cf9a028302ed4184","hash":"676510298347f5a35163b1c2d8a277834f0405bb","contentHash":"aba91e5b1402c87cb33cb0b3bc6e0d627f4b6f19b9660ad335972b12f7acc3b5"},"C:\\Users\\Samuel Adafia\\Documents\\Andela Bootcamp\\Cycle 5\\banka\\server\\helpers\\accountsValidation.js":{"path":"C:\\Users\\Samuel Adafia\\Documents\\Andela Bootcamp\\Cycle 5\\banka\\server\\helpers\\accountsValidation.js","statementMap":{"0":{"start":{"line":3,"column":0},"end":{"line":5,"column":3}},"1":{"start":{"line":6,"column":0},"end":{"line":6,"column":28}},"2":{"start":{"line":8,"column":11},"end":{"line":8,"column":49}},"3":{"start":{"line":10,"column":39},"end":{"line":10,"column":95}},"4":{"start":{"line":12,"column":26},"end":{"line":20,"column":2}},"5":{"start":{"line":22,"column":15},"end":{"line":22,"column":34}},"6":{"start":{"line":23,"column":0},"end":{"line":23,"column":30}}},"fnMap":{"0":{"name":"_interopRequireDefault","decl":{"start":{"line":10,"column":9},"end":{"line":10,"column":31}},"loc":{"start":{"line":10,"column":37},"end":{"line":10,"column":97}},"line":10}},"branchMap":{"0":{"loc":{"start":{"line":10,"column":46},"end":{"line":10,"column":94}},"type":"cond-expr","locations":[{"start":{"line":10,"column":70},"end":{"line":10,"column":73}},{"start":{"line":10,"column":76},"end":{"line":10,"column":94}}],"line":10},"1":{"loc":{"start":{"line":10,"column":46},"end":{"line":10,"column":67}},"type":"binary-expr","locations":[{"start":{"line":10,"column":46},"end":{"line":10,"column":49}},{"start":{"line":10,"column":53},"end":{"line":10,"column":67}}],"line":10}},"s":{"0":1,"1":1,"2":1,"3":1,"4":1,"5":1,"6":1},"f":{"0":1},"b":{"0":[0,1],"1":[1,1]},"_coverageSchema":"43e27e138ebf9cfc5966b082cf9a028302ed4184","hash":"9eeb65a534dfa68899b1ac4f471c489632814146","contentHash":"d2bde2f49b4121329a9eb143f9e8a0d9532bbc3a8d3c70854eb16bc6e9ddf874"},"C:\\Users\\Samuel Adafia\\Documents\\Andela Bootcamp\\Cycle 5\\banka\\server\\helpers\\activateDeactivateValidation.js":{"path":"C:\\Users\\Samuel Adafia\\Documents\\Andela Bootcamp\\Cycle 5\\banka\\server\\helpers\\activateDeactivateValidation.js","statementMap":{"0":{"start":{"line":3,"column":0},"end":{"line":5,"column":3}},"1":{"start":{"line":6,"column":0},"end":{"line":6,"column":28}},"2":{"start":{"line":8,"column":11},"end":{"line":8,"column":49}},"3":{"start":{"line":10,"column":39},"end":{"line":10,"column":95}},"4":{"start":{"line":12,"column":21},"end":{"line":15,"column":2}},"5":{"start":{"line":17,"column":15},"end":{"line":17,"column":29}},"6":{"start":{"line":18,"column":0},"end":{"line":18,"column":30}}},"fnMap":{"0":{"name":"_interopRequireDefault","decl":{"start":{"line":10,"column":9},"end":{"line":10,"column":31}},"loc":{"start":{"line":10,"column":37},"end":{"line":10,"column":97}},"line":10}},"branchMap":{"0":{"loc":{"start":{"line":10,"column":46},"end":{"line":10,"column":94}},"type":"cond-expr","locations":[{"start":{"line":10,"column":70},"end":{"line":10,"column":73}},{"start":{"line":10,"column":76},"end":{"line":10,"column":94}}],"line":10},"1":{"loc":{"start":{"line":10,"column":46},"end":{"line":10,"column":67}},"type":"binary-expr","locations":[{"start":{"line":10,"column":46},"end":{"line":10,"column":49}},{"start":{"line":10,"column":53},"end":{"line":10,"column":67}}],"line":10}},"s":{"0":1,"1":1,"2":1,"3":1,"4":1,"5":1,"6":1},"f":{"0":1},"b":{"0":[0,1],"1":[1,1]},"_coverageSchema":"43e27e138ebf9cfc5966b082cf9a028302ed4184","hash":"85053a32688a577ff7ae6166be3207c0c910984a","contentHash":"c9b62da96fa4941ebe870a03ee36e8ff8280867d5bfe261dae3dfc126219abf4"},"C:\\Users\\Samuel Adafia\\Documents\\Andela Bootcamp\\Cycle 5\\banka\\server\\middleware\\addAdmin.js":{"path":"C:\\Users\\Samuel Adafia\\Documents\\Andela Bootcamp\\Cycle 5\\banka\\server\\middleware\\addAdmin.js","statementMap":{"0":{"start":{"line":3,"column":0},"end":{"line":5,"column":3}},"1":{"start":{"line":6,"column":0},"end":{"line":6,"column":28}},"2":{"start":{"line":8,"column":13},"end":{"line":8,"column":66}},"3":{"start":{"line":10,"column":39},"end":{"line":10,"column":95}},"4":{"start":{"line":12,"column":15},"end":{"line":19,"column":1}},"5":{"start":{"line":13,"column":13},"end":{"line":13,"column":147}},"6":{"start":{"line":14,"column":15},"end":{"line":14,"column":99}},"7":{"start":{"line":16,"column":2},"end":{"line":16,"column":40}},"8":{"start":{"line":18,"column":2},"end":{"line":18,"column":9}},"9":{"start":{"line":21,"column":15},"end":{"line":21,"column":23}},"10":{"start":{"line":22,"column":0},"end":{"line":22,"column":30}}},"fnMap":{"0":{"name":"_interopRequireDefault","decl":{"start":{"line":10,"column":9},"end":{"line":10,"column":31}},"loc":{"start":{"line":10,"column":37},"end":{"line":10,"column":97}},"line":10},"1":{"name":"addAdmin","decl":{"start":{"line":12,"column":24},"end":{"line":12,"column":32}},"loc":{"start":{"line":12,"column":49},"end":{"line":19,"column":1}},"line":12}},"branchMap":{"0":{"loc":{"start":{"line":10,"column":46},"end":{"line":10,"column":94}},"type":"cond-expr","locations":[{"start":{"line":10,"column":70},"end":{"line":10,"column":73}},{"start":{"line":10,"column":76},"end":{"line":10,"column":94}}],"line":10},"1":{"loc":{"start":{"line":10,"column":46},"end":{"line":10,"column":67}},"type":"binary-expr","locations":[{"start":{"line":10,"column":46},"end":{"line":10,"column":49}},{"start":{"line":10,"column":53},"end":{"line":10,"column":67}}],"line":10}},"s":{"0":1,"1":1,"2":1,"3":1,"4":1,"5":20,"6":20,"7":20,"8":20,"9":1,"10":1},"f":{"0":1,"1":20},"b":{"0":[1,0],"1":[1,1]},"_coverageSchema":"43e27e138ebf9cfc5966b082cf9a028302ed4184","hash":"2f2b05a6a9f0ff011df2f9892de2a0af902177ff","contentHash":"42c1723c19bffe88eee51e203ba6d7ba031804002b7e7099bd7f3fbe74061421"}}