{"C:\\Users\\Samuel Adafia\\Documents\\Andela Bootcamp\\Cycle 5\\banka\\server\\server.js":{"path":"C:\\Users\\Samuel Adafia\\Documents\\Andela Bootcamp\\Cycle 5\\banka\\server\\server.js","statementMap":{"0":{"start":{"line":3,"column":0},"end":{"line":5,"column":3}},"1":{"start":{"line":6,"column":0},"end":{"line":6,"column":28}},"2":{"start":{"line":8,"column":15},"end":{"line":8,"column":57}},"3":{"start":{"line":10,"column":12},"end":{"line":10,"column":51}},"4":{"start":{"line":12,"column":0},"end":{"line":12,"column":27}},"5":{"start":{"line":14,"column":9},"end":{"line":14,"column":59}},"6":{"start":{"line":16,"column":10},"end":{"line":16,"column":60}},"7":{"start":{"line":18,"column":18},"end":{"line":18,"column":64}},"8":{"start":{"line":20,"column":24},"end":{"line":20,"column":77}},"9":{"start":{"line":22,"column":15},"end":{"line":22,"column":59}},"10":{"start":{"line":24,"column":39},"end":{"line":24,"column":95}},"11":{"start":{"line":26,"column":10},"end":{"line":26,"column":36}},"12":{"start":{"line":29,"column":0},"end":{"line":29,"column":39}},"13":{"start":{"line":30,"column":0},"end":{"line":30,"column":115}},"14":{"start":{"line":32,"column":0},"end":{"line":34,"column":4}},"15":{"start":{"line":36,"column":0},"end":{"line":36,"column":82}},"16":{"start":{"line":38,"column":0},"end":{"line":38,"column":35}},"17":{"start":{"line":39,"column":0},"end":{"line":39,"column":36}},"18":{"start":{"line":40,"column":11},"end":{"line":40,"column":35}},"19":{"start":{"line":41,"column":0},"end":{"line":43,"column":3}},"20":{"start":{"line":42,"column":2},"end":{"line":42,"column":56}},"21":{"start":{"line":44,"column":15},"end":{"line":44,"column":18}},"22":{"start":{"line":45,"column":0},"end":{"line":45,"column":30}}},"fnMap":{"0":{"name":"_interopRequireDefault","decl":{"start":{"line":24,"column":9},"end":{"line":24,"column":31}},"loc":{"start":{"line":24,"column":37},"end":{"line":24,"column":97}},"line":24},"1":{"name":"(anonymous_1)","decl":{"start":{"line":41,"column":17},"end":{"line":41,"column":18}},"loc":{"start":{"line":41,"column":29},"end":{"line":43,"column":1}},"line":41}},"branchMap":{"0":{"loc":{"start":{"line":24,"column":46},"end":{"line":24,"column":94}},"type":"cond-expr","locations":[{"start":{"line":24,"column":70},"end":{"line":24,"column":73}},{"start":{"line":24,"column":76},"end":{"line":24,"column":94}}],"line":24},"1":{"loc":{"start":{"line":24,"column":46},"end":{"line":24,"column":67}},"type":"binary-expr","locations":[{"start":{"line":24,"column":46},"end":{"line":24,"column":49}},{"start":{"line":24,"column":53},"end":{"line":24,"column":67}}],"line":24},"2":{"loc":{"start":{"line":40,"column":11},"end":{"line":40,"column":35}},"type":"binary-expr","locations":[{"start":{"line":40,"column":11},"end":{"line":40,"column":27}},{"start":{"line":40,"column":31},"end":{"line":40,"column":35}}],"line":40}},"s":{"0":1,"1":1,"2":1,"3":1,"4":1,"5":1,"6":1,"7":1,"8":1,"9":1,"10":7,"11":1,"12":1,"13":1,"14":1,"15":1,"16":1,"17":1,"18":1,"19":1,"20":1,"21":1,"22":1},"f":{"0":7,"1":1},"b":{"0":[2,5],"1":[7,7],"2":[1,1]},"_coverageSchema":"43e27e138ebf9cfc5966b082cf9a028302ed4184","hash":"421cb7396071528f1aa090d58b18a27b0137888c","contentHash":"0d7b3b9d4740559dfe1470f0e718c65dac82aa638dda5bf2b995d79bd12ad9d5"},"C:\\Users\\Samuel Adafia\\Documents\\Andela Bootcamp\\Cycle 5\\banka\\server\\routes\\api\\v1\\index.js":{"path":"C:\\Users\\Samuel Adafia\\Documents\\Andela Bootcamp\\Cycle 5\\banka\\server\\routes\\api\\v1\\index.js","statementMap":{"0":{"start":{"line":3,"column":0},"end":{"line":5,"column":3}},"1":{"start":{"line":6,"column":0},"end":{"line":6,"column":28}},"2":{"start":{"line":8,"column":15},"end":{"line":8,"column":33}},"3":{"start":{"line":10,"column":19},"end":{"line":10,"column":67}},"4":{"start":{"line":12,"column":22},"end":{"line":12,"column":73}},"5":{"start":{"line":14,"column":26},"end":{"line":14,"column":81}},"6":{"start":{"line":16,"column":39},"end":{"line":16,"column":95}},"7":{"start":{"line":18,"column":16},"end":{"line":18,"column":38}},"8":{"start":{"line":19,"column":0},"end":{"line":19,"column":39}},"9":{"start":{"line":20,"column":0},"end":{"line":20,"column":42}},"10":{"start":{"line":21,"column":0},"end":{"line":21,"column":46}},"11":{"start":{"line":22,"column":15},"end":{"line":22,"column":24}},"12":{"start":{"line":23,"column":0},"end":{"line":23,"column":30}}},"fnMap":{"0":{"name":"_interopRequireDefault","decl":{"start":{"line":16,"column":9},"end":{"line":16,"column":31}},"loc":{"start":{"line":16,"column":37},"end":{"line":16,"column":97}},"line":16}},"branchMap":{"0":{"loc":{"start":{"line":16,"column":46},"end":{"line":16,"column":94}},"type":"cond-expr","locations":[{"start":{"line":16,"column":70},"end":{"line":16,"column":73}},{"start":{"line":16,"column":76},"end":{"line":16,"column":94}}],"line":16},"1":{"loc":{"start":{"line":16,"column":46},"end":{"line":16,"column":67}},"type":"binary-expr","locations":[{"start":{"line":16,"column":46},"end":{"line":16,"column":49}},{"start":{"line":16,"column":53},"end":{"line":16,"column":67}}],"line":16}},"s":{"0":1,"1":1,"2":1,"3":1,"4":1,"5":1,"6":3,"7":1,"8":1,"9":1,"10":1,"11":1,"12":1},"f":{"0":3},"b":{"0":[3,0],"1":[3,3]},"_coverageSchema":"43e27e138ebf9cfc5966b082cf9a028302ed4184","hash":"c4d0925f5dc620f5ef6b2ca8881ffa2a89e08674","contentHash":"07ef264278d10130df3d6cf796c8591f73053efb5045b6450c9f8e8b39fd2436"},"C:\\Users\\Samuel Adafia\\Documents\\Andela Bootcamp\\Cycle 5\\banka\\server\\routes\\api\\v1\\usersRoutes.js":{"path":"C:\\Users\\Samuel Adafia\\Documents\\Andela Bootcamp\\Cycle 5\\banka\\server\\routes\\api\\v1\\usersRoutes.js","statementMap":{"0":{"start":{"line":3,"column":0},"end":{"line":5,"column":3}},"1":{"start":{"line":6,"column":0},"end":{"line":6,"column":28}},"2":{"start":{"line":8,"column":15},"end":{"line":8,"column":33}},"3":{"start":{"line":10,"column":23},"end":{"line":10,"column":97}},"4":{"start":{"line":12,"column":39},"end":{"line":12,"column":95}},"5":{"start":{"line":14,"column":18},"end":{"line":14,"column":40}},"6":{"start":{"line":15,"column":0},"end":{"line":15,"column":67}},"7":{"start":{"line":16,"column":0},"end":{"line":16,"column":73}},"8":{"start":{"line":17,"column":0},"end":{"line":17,"column":73}},"9":{"start":{"line":18,"column":15},"end":{"line":18,"column":26}},"10":{"start":{"line":19,"column":0},"end":{"line":19,"column":30}}},"fnMap":{"0":{"name":"_interopRequireDefault","decl":{"start":{"line":12,"column":9},"end":{"line":12,"column":31}},"loc":{"start":{"line":12,"column":37},"end":{"line":12,"column":97}},"line":12}},"branchMap":{"0":{"loc":{"start":{"line":12,"column":46},"end":{"line":12,"column":94}},"type":"cond-expr","locations":[{"start":{"line":12,"column":70},"end":{"line":12,"column":73}},{"start":{"line":12,"column":76},"end":{"line":12,"column":94}}],"line":12},"1":{"loc":{"start":{"line":12,"column":46},"end":{"line":12,"column":67}},"type":"binary-expr","locations":[{"start":{"line":12,"column":46},"end":{"line":12,"column":49}},{"start":{"line":12,"column":53},"end":{"line":12,"column":67}}],"line":12}},"s":{"0":1,"1":1,"2":1,"3":1,"4":1,"5":1,"6":1,"7":1,"8":1,"9":1,"10":1},"f":{"0":1},"b":{"0":[1,0],"1":[1,1]},"_coverageSchema":"43e27e138ebf9cfc5966b082cf9a028302ed4184","hash":"ffb46c63e24cf355fffa2b6939d142155dd6e819","contentHash":"6b2a9e3ba4ed5d87e01d496b4e476aec3bf35f7fc6581e0b92ade84743670940"},"C:\\Users\\Samuel Adafia\\Documents\\Andela Bootcamp\\Cycle 5\\banka\\server\\controllers\\v1\\usersController.js":{"path":"C:\\Users\\Samuel Adafia\\Documents\\Andela Bootcamp\\Cycle 5\\banka\\server\\controllers\\v1\\usersController.js","statementMap":{"0":{"start":{"line":3,"column":0},"end":{"line":5,"column":3}},"1":{"start":{"line":6,"column":0},"end":{"line":6,"column":28}},"2":{"start":{"line":8,"column":14},"end":{"line":8,"column":55}},"3":{"start":{"line":10,"column":20},"end":{"line":10,"column":67}},"4":{"start":{"line":12,"column":13},"end":{"line":12,"column":69}},"5":{"start":{"line":14,"column":39},"end":{"line":14,"column":95}},"6":{"start":{"line":16,"column":50},"end":{"line":16,"column":151}},"7":{"start":{"line":16,"column":92},"end":{"line":16,"column":149}},"8":{"start":{"line":18,"column":44},"end":{"line":18,"column":315}},"9":{"start":{"line":18,"column":57},"end":{"line":18,"column":58}},"10":{"start":{"line":18,"column":102},"end":{"line":18,"column":110}},"11":{"start":{"line":18,"column":112},"end":{"line":18,"column":167}},"12":{"start":{"line":18,"column":168},"end":{"line":18,"column":199}},"13":{"start":{"line":18,"column":200},"end":{"line":18,"column":254}},"14":{"start":{"line":18,"column":227},"end":{"line":18,"column":254}},"15":{"start":{"line":18,"column":255},"end":{"line":18,"column":313}},"16":{"start":{"line":20,"column":62},"end":{"line":20,"column":131}},"17":{"start":{"line":20,"column":78},"end":{"line":20,"column":131}},"18":{"start":{"line":20,"column":132},"end":{"line":20,"column":193}},"19":{"start":{"line":20,"column":149},"end":{"line":20,"column":193}},"20":{"start":{"line":20,"column":194},"end":{"line":20,"column":213}},"21":{"start":{"line":22,"column":0},"end":{"line":22,"column":28}},"22":{"start":{"line":26,"column":0},"end":{"line":215,"column":3}},"23":{"start":{"line":28,"column":4},"end":{"line":28,"column":33}},"24":{"start":{"line":31,"column":2},"end":{"line":212,"column":6}},"25":{"start":{"line":35,"column":6},"end":{"line":39,"column":9}},"26":{"start":{"line":45,"column":24},"end":{"line":48,"column":7}},"27":{"start":{"line":50,"column":6},"end":{"line":55,"column":7}},"28":{"start":{"line":51,"column":8},"end":{"line":54,"column":11}},"29":{"start":{"line":57,"column":6},"end":{"line":62,"column":7}},"30":{"start":{"line":58,"column":8},"end":{"line":61,"column":11}},"31":{"start":{"line":64,"column":23},"end":{"line":64,"column":70}},"32":{"start":{"line":65,"column":26},"end":{"line":65,"column":90}},"33":{"start":{"line":71,"column":6},"end":{"line":76,"column":7}},"34":{"start":{"line":72,"column":8},"end":{"line":75,"column":11}},"35":{"start":{"line":78,"column":6},"end":{"line":83,"column":7}},"36":{"start":{"line":79,"column":8},"end":{"line":82,"column":11}},"37":{"start":{"line":85,"column":18},"end":{"line":87,"column":8}},"38":{"start":{"line":86,"column":8},"end":{"line":86,"column":90}},"39":{"start":{"line":89,"column":6},"end":{"line":109,"column":7}},"40":{"start":{"line":90,"column":19},"end":{"line":92,"column":13}},"41":{"start":{"line":91,"column":10},"end":{"line":91,"column":50}},"42":{"start":{"line":94,"column":8},"end":{"line":103,"column":11}},"43":{"start":{"line":97,"column":10},"end":{"line":102,"column":13}},"44":{"start":{"line":106,"column":8},"end":{"line":108,"column":11}},"45":{"start":{"line":115,"column":20},"end":{"line":126,"column":7}},"46":{"start":{"line":128,"column":6},"end":{"line":133,"column":7}},"47":{"start":{"line":129,"column":8},"end":{"line":132,"column":11}},"48":{"start":{"line":135,"column":6},"end":{"line":140,"column":7}},"49":{"start":{"line":136,"column":8},"end":{"line":139,"column":11}},"50":{"start":{"line":142,"column":6},"end":{"line":147,"column":7}},"51":{"start":{"line":143,"column":8},"end":{"line":146,"column":11}},"52":{"start":{"line":149,"column":6},"end":{"line":154,"column":7}},"53":{"start":{"line":150,"column":8},"end":{"line":153,"column":11}},"54":{"start":{"line":156,"column":22},"end":{"line":156,"column":35}},"55":{"start":{"line":157,"column":23},"end":{"line":157,"column":70}},"56":{"start":{"line":158,"column":26},"end":{"line":158,"column":90}},"57":{"start":{"line":160,"column":6},"end":{"line":165,"column":7}},"58":{"start":{"line":161,"column":8},"end":{"line":164,"column":11}},"59":{"start":{"line":167,"column":6},"end":{"line":172,"column":7}},"60":{"start":{"line":168,"column":8},"end":{"line":171,"column":11}},"61":{"start":{"line":174,"column":6},"end":{"line":179,"column":7}},"62":{"start":{"line":175,"column":8},"end":{"line":178,"column":11}},"63":{"start":{"line":181,"column":6},"end":{"line":186,"column":7}},"64":{"start":{"line":182,"column":8},"end":{"line":185,"column":11}},"65":{"start":{"line":188,"column":18},"end":{"line":190,"column":8}},"66":{"start":{"line":189,"column":8},"end":{"line":189,"column":44}},"67":{"start":{"line":192,"column":6},"end":{"line":197,"column":7}},"68":{"start":{"line":193,"column":8},"end":{"line":196,"column":11}},"69":{"start":{"line":199,"column":6},"end":{"line":199,"column":38}},"70":{"start":{"line":201,"column":6},"end":{"line":210,"column":9}},"71":{"start":{"line":204,"column":8},"end":{"line":209,"column":11}},"72":{"start":{"line":214,"column":2},"end":{"line":214,"column":15}},"73":{"start":{"line":217,"column":15},"end":{"line":217,"column":20}},"74":{"start":{"line":218,"column":0},"end":{"line":218,"column":30}}},"fnMap":{"0":{"name":"_interopRequireDefault","decl":{"start":{"line":14,"column":9},"end":{"line":14,"column":31}},"loc":{"start":{"line":14,"column":37},"end":{"line":14,"column":97}},"line":14},"1":{"name":"_classCallCheck","decl":{"start":{"line":16,"column":9},"end":{"line":16,"column":24}},"loc":{"start":{"line":16,"column":48},"end":{"line":16,"column":153}},"line":16},"2":{"name":"_defineProperties","decl":{"start":{"line":18,"column":9},"end":{"line":18,"column":26}},"loc":{"start":{"line":18,"column":42},"end":{"line":18,"column":317}},"line":18},"3":{"name":"_createClass","decl":{"start":{"line":20,"column":9},"end":{"line":20,"column":21}},"loc":{"start":{"line":20,"column":60},"end":{"line":20,"column":215}},"line":20},"4":{"name":"(anonymous_4)","decl":{"start":{"line":26,"column":0},"end":{"line":26,"column":1}},"loc":{"start":{"line":26,"column":12},"end":{"line":215,"column":1}},"line":26},"5":{"name":"Users","decl":{"start":{"line":27,"column":11},"end":{"line":27,"column":16}},"loc":{"start":{"line":27,"column":19},"end":{"line":29,"column":3}},"line":27},"6":{"name":"getAllUsers","decl":{"start":{"line":33,"column":20},"end":{"line":33,"column":31}},"loc":{"start":{"line":33,"column":42},"end":{"line":40,"column":5}},"line":33},"7":{"name":"userSignIn","decl":{"start":{"line":43,"column":20},"end":{"line":43,"column":30}},"loc":{"start":{"line":43,"column":47},"end":{"line":110,"column":5}},"line":43},"8":{"name":"(anonymous_8)","decl":{"start":{"line":85,"column":41},"end":{"line":85,"column":42}},"loc":{"start":{"line":85,"column":57},"end":{"line":87,"column":7}},"line":85},"9":{"name":"(anonymous_9)","decl":{"start":{"line":90,"column":44},"end":{"line":90,"column":45}},"loc":{"start":{"line":90,"column":60},"end":{"line":92,"column":9}},"line":90},"10":{"name":"(anonymous_10)","decl":{"start":{"line":96,"column":11},"end":{"line":96,"column":12}},"loc":{"start":{"line":96,"column":33},"end":{"line":103,"column":9}},"line":96},"11":{"name":"userSignUp","decl":{"start":{"line":113,"column":20},"end":{"line":113,"column":30}},"loc":{"start":{"line":113,"column":41},"end":{"line":211,"column":5}},"line":113},"12":{"name":"(anonymous_12)","decl":{"start":{"line":188,"column":41},"end":{"line":188,"column":42}},"loc":{"start":{"line":188,"column":57},"end":{"line":190,"column":7}},"line":188},"13":{"name":"(anonymous_13)","decl":{"start":{"line":203,"column":9},"end":{"line":203,"column":10}},"loc":{"start":{"line":203,"column":31},"end":{"line":210,"column":7}},"line":203}},"branchMap":{"0":{"loc":{"start":{"line":14,"column":46},"end":{"line":14,"column":94}},"type":"cond-expr","locations":[{"start":{"line":14,"column":70},"end":{"line":14,"column":73}},{"start":{"line":14,"column":76},"end":{"line":14,"column":94}}],"line":14},"1":{"loc":{"start":{"line":14,"column":46},"end":{"line":14,"column":67}},"type":"binary-expr","locations":[{"start":{"line":14,"column":46},"end":{"line":14,"column":49}},{"start":{"line":14,"column":53},"end":{"line":14,"column":67}}],"line":14},"2":{"loc":{"start":{"line":16,"column":50},"end":{"line":16,"column":151}},"type":"if","locations":[{"start":{"line":16,"column":50},"end":{"line":16,"column":151}},{"start":{"line":16,"column":50},"end":{"line":16,"column":151}}],"line":16},"3":{"loc":{"start":{"line":18,"column":136},"end":{"line":18,"column":166}},"type":"binary-expr","locations":[{"start":{"line":18,"column":136},"end":{"line":18,"column":157}},{"start":{"line":18,"column":161},"end":{"line":18,"column":166}}],"line":18},"4":{"loc":{"start":{"line":18,"column":200},"end":{"line":18,"column":254}},"type":"if","locations":[{"start":{"line":18,"column":200},"end":{"line":18,"column":254}},{"start":{"line":18,"column":200},"end":{"line":18,"column":254}}],"line":18},"5":{"loc":{"start":{"line":20,"column":62},"end":{"line":20,"column":131}},"type":"if","locations":[{"start":{"line":20,"column":62},"end":{"line":20,"column":131}},{"start":{"line":20,"column":62},"end":{"line":20,"column":131}}],"line":20},"6":{"loc":{"start":{"line":20,"column":132},"end":{"line":20,"column":193}},"type":"if","locations":[{"start":{"line":20,"column":132},"end":{"line":20,"column":193}},{"start":{"line":20,"column":132},"end":{"line":20,"column":193}}],"line":20},"7":{"loc":{"start":{"line":50,"column":6},"end":{"line":55,"column":7}},"type":"if","locations":[{"start":{"line":50,"column":6},"end":{"line":55,"column":7}},{"start":{"line":50,"column":6},"end":{"line":55,"column":7}}],"line":50},"8":{"loc":{"start":{"line":57,"column":6},"end":{"line":62,"column":7}},"type":"if","locations":[{"start":{"line":57,"column":6},"end":{"line":62,"column":7}},{"start":{"line":57,"column":6},"end":{"line":62,"column":7}}],"line":57},"9":{"loc":{"start":{"line":71,"column":6},"end":{"line":76,"column":7}},"type":"if","locations":[{"start":{"line":71,"column":6},"end":{"line":76,"column":7}},{"start":{"line":71,"column":6},"end":{"line":76,"column":7}}],"line":71},"10":{"loc":{"start":{"line":78,"column":6},"end":{"line":83,"column":7}},"type":"if","locations":[{"start":{"line":78,"column":6},"end":{"line":83,"column":7}},{"start":{"line":78,"column":6},"end":{"line":83,"column":7}}],"line":78},"11":{"loc":{"start":{"line":86,"column":15},"end":{"line":86,"column":89}},"type":"binary-expr","locations":[{"start":{"line":86,"column":15},"end":{"line":86,"column":47}},{"start":{"line":86,"column":51},"end":{"line":86,"column":89}}],"line":86},"12":{"loc":{"start":{"line":89,"column":6},"end":{"line":109,"column":7}},"type":"if","locations":[{"start":{"line":89,"column":6},"end":{"line":109,"column":7}},{"start":{"line":89,"column":6},"end":{"line":109,"column":7}}],"line":89},"13":{"loc":{"start":{"line":128,"column":6},"end":{"line":133,"column":7}},"type":"if","locations":[{"start":{"line":128,"column":6},"end":{"line":133,"column":7}},{"start":{"line":128,"column":6},"end":{"line":133,"column":7}}],"line":128},"14":{"loc":{"start":{"line":135,"column":6},"end":{"line":140,"column":7}},"type":"if","locations":[{"start":{"line":135,"column":6},"end":{"line":140,"column":7}},{"start":{"line":135,"column":6},"end":{"line":140,"column":7}}],"line":135},"15":{"loc":{"start":{"line":142,"column":6},"end":{"line":147,"column":7}},"type":"if","locations":[{"start":{"line":142,"column":6},"end":{"line":147,"column":7}},{"start":{"line":142,"column":6},"end":{"line":147,"column":7}}],"line":142},"16":{"loc":{"start":{"line":149,"column":6},"end":{"line":154,"column":7}},"type":"if","locations":[{"start":{"line":149,"column":6},"end":{"line":154,"column":7}},{"start":{"line":149,"column":6},"end":{"line":154,"column":7}}],"line":149},"17":{"loc":{"start":{"line":160,"column":6},"end":{"line":165,"column":7}},"type":"if","locations":[{"start":{"line":160,"column":6},"end":{"line":165,"column":7}},{"start":{"line":160,"column":6},"end":{"line":165,"column":7}}],"line":160},"18":{"loc":{"start":{"line":167,"column":6},"end":{"line":172,"column":7}},"type":"if","locations":[{"start":{"line":167,"column":6},"end":{"line":172,"column":7}},{"start":{"line":167,"column":6},"end":{"line":172,"column":7}}],"line":167},"19":{"loc":{"start":{"line":174,"column":6},"end":{"line":179,"column":7}},"type":"if","locations":[{"start":{"line":174,"column":6},"end":{"line":179,"column":7}},{"start":{"line":174,"column":6},"end":{"line":179,"column":7}}],"line":174},"20":{"loc":{"start":{"line":181,"column":6},"end":{"line":186,"column":7}},"type":"if","locations":[{"start":{"line":181,"column":6},"end":{"line":186,"column":7}},{"start":{"line":181,"column":6},"end":{"line":186,"column":7}}],"line":181},"21":{"loc":{"start":{"line":192,"column":6},"end":{"line":197,"column":7}},"type":"if","locations":[{"start":{"line":192,"column":6},"end":{"line":197,"column":7}},{"start":{"line":192,"column":6},"end":{"line":197,"column":7}}],"line":192}},"s":{"0":1,"1":1,"2":1,"3":1,"4":1,"5":3,"6":0,"7":0,"8":1,"9":1,"10":3,"11":3,"12":3,"13":3,"14":3,"15":3,"16":1,"17":0,"18":1,"19":1,"20":1,"21":1,"22":1,"23":0,"24":1,"25":1,"26":11,"27":11,"28":1,"29":10,"30":1,"31":9,"32":9,"33":9,"34":2,"35":7,"36":5,"37":2,"38":5,"39":2,"40":1,"41":3,"42":1,"43":1,"44":1,"45":10,"46":10,"47":1,"48":9,"49":1,"50":8,"51":1,"52":7,"53":1,"54":6,"55":6,"56":6,"57":6,"58":1,"59":5,"60":1,"61":4,"62":1,"63":3,"64":1,"65":2,"66":6,"67":2,"68":1,"69":1,"70":1,"71":1,"72":1,"73":1,"74":1},"f":{"0":3,"1":0,"2":1,"3":1,"4":1,"5":0,"6":1,"7":11,"8":5,"9":3,"10":1,"11":10,"12":6,"13":1},"b":{"0":[1,2],"1":[3,3],"2":[0,0],"3":[3,3],"4":[3,0],"5":[0,1],"6":[1,0],"7":[1,10],"8":[1,9],"9":[2,7],"10":[5,2],"11":[5,2],"12":[1,1],"13":[1,9],"14":[1,8],"15":[1,7],"16":[1,6],"17":[1,5],"18":[1,4],"19":[1,3],"20":[1,2],"21":[1,1]},"_coverageSchema":"43e27e138ebf9cfc5966b082cf9a028302ed4184","hash":"9d01359c5d1cee16b7467bcb9378d727151f19cd","contentHash":"0fa5fd378593366ed8b70fdf43492aae63d42db7669fc92ee3823891f4acfe86"},"C:\\Users\\Samuel Adafia\\Documents\\Andela Bootcamp\\Cycle 5\\banka\\server\\models\\v1\\Users.js":{"path":"C:\\Users\\Samuel Adafia\\Documents\\Andela Bootcamp\\Cycle 5\\banka\\server\\models\\v1\\Users.js","statementMap":{"0":{"start":{"line":3,"column":0},"end":{"line":5,"column":3}},"1":{"start":{"line":6,"column":0},"end":{"line":6,"column":28}},"2":{"start":{"line":7,"column":12},"end":{"line":40,"column":2}},"3":{"start":{"line":41,"column":15},"end":{"line":41,"column":20}},"4":{"start":{"line":42,"column":0},"end":{"line":42,"column":30}}},"fnMap":{},"branchMap":{},"s":{"0":1,"1":1,"2":1,"3":1,"4":1},"f":{},"b":{},"_coverageSchema":"43e27e138ebf9cfc5966b082cf9a028302ed4184","hash":"b03f6530ca64b0b81b4ab2ac5bd474027e26863d","contentHash":"66bc0d2a977c200e2f9fac32305d576a1fa9f5e6a8c9983317c7001699ccabe3"},"C:\\Users\\Samuel Adafia\\Documents\\Andela Bootcamp\\Cycle 5\\banka\\server\\routes\\api\\v1\\accountsRoutes.js":{"path":"C:\\Users\\Samuel Adafia\\Documents\\Andela Bootcamp\\Cycle 5\\banka\\server\\routes\\api\\v1\\accountsRoutes.js","statementMap":{"0":{"start":{"line":3,"column":0},"end":{"line":5,"column":3}},"1":{"start":{"line":6,"column":0},"end":{"line":6,"column":28}},"2":{"start":{"line":8,"column":15},"end":{"line":8,"column":33}},"3":{"start":{"line":10,"column":26},"end":{"line":10,"column":103}},"4":{"start":{"line":12,"column":39},"end":{"line":12,"column":95}},"5":{"start":{"line":14,"column":21},"end":{"line":14,"column":43}},"6":{"start":{"line":15,"column":0},"end":{"line":15,"column":79}},"7":{"start":{"line":16,"column":0},"end":{"line":16,"column":79}},"8":{"start":{"line":17,"column":0},"end":{"line":17,"column":107}},"9":{"start":{"line":18,"column":0},"end":{"line":18,"column":99}},"10":{"start":{"line":19,"column":15},"end":{"line":19,"column":29}},"11":{"start":{"line":20,"column":0},"end":{"line":20,"column":30}}},"fnMap":{"0":{"name":"_interopRequireDefault","decl":{"start":{"line":12,"column":9},"end":{"line":12,"column":31}},"loc":{"start":{"line":12,"column":37},"end":{"line":12,"column":97}},"line":12}},"branchMap":{"0":{"loc":{"start":{"line":12,"column":46},"end":{"line":12,"column":94}},"type":"cond-expr","locations":[{"start":{"line":12,"column":70},"end":{"line":12,"column":73}},{"start":{"line":12,"column":76},"end":{"line":12,"column":94}}],"line":12},"1":{"loc":{"start":{"line":12,"column":46},"end":{"line":12,"column":67}},"type":"binary-expr","locations":[{"start":{"line":12,"column":46},"end":{"line":12,"column":49}},{"start":{"line":12,"column":53},"end":{"line":12,"column":67}}],"line":12}},"s":{"0":1,"1":1,"2":1,"3":1,"4":1,"5":1,"6":1,"7":1,"8":1,"9":1,"10":1,"11":1},"f":{"0":1},"b":{"0":[1,0],"1":[1,1]},"_coverageSchema":"43e27e138ebf9cfc5966b082cf9a028302ed4184","hash":"ce4e073d07649fa23618a595c9b0ddd223dc0e56","contentHash":"33e8e34136b6827fdb1fc6057033577d1c78cc413a1e692197f1778e2613be60"},"C:\\Users\\Samuel Adafia\\Documents\\Andela Bootcamp\\Cycle 5\\banka\\server\\controllers\\v1\\accountsController.js":{"path":"C:\\Users\\Samuel Adafia\\Documents\\Andela Bootcamp\\Cycle 5\\banka\\server\\controllers\\v1\\accountsController.js","statementMap":{"0":{"start":{"line":3,"column":0},"end":{"line":5,"column":3}},"1":{"start":{"line":6,"column":0},"end":{"line":6,"column":28}},"2":{"start":{"line":8,"column":15},"end":{"line":8,"column":73}},"3":{"start":{"line":10,"column":13},"end":{"line":10,"column":69}},"4":{"start":{"line":12,"column":39},"end":{"line":12,"column":95}},"5":{"start":{"line":14,"column":50},"end":{"line":14,"column":151}},"6":{"start":{"line":14,"column":92},"end":{"line":14,"column":149}},"7":{"start":{"line":16,"column":44},"end":{"line":16,"column":315}},"8":{"start":{"line":16,"column":57},"end":{"line":16,"column":58}},"9":{"start":{"line":16,"column":102},"end":{"line":16,"column":110}},"10":{"start":{"line":16,"column":112},"end":{"line":16,"column":167}},"11":{"start":{"line":16,"column":168},"end":{"line":16,"column":199}},"12":{"start":{"line":16,"column":200},"end":{"line":16,"column":254}},"13":{"start":{"line":16,"column":227},"end":{"line":16,"column":254}},"14":{"start":{"line":16,"column":255},"end":{"line":16,"column":313}},"15":{"start":{"line":18,"column":62},"end":{"line":18,"column":131}},"16":{"start":{"line":18,"column":78},"end":{"line":18,"column":131}},"17":{"start":{"line":18,"column":132},"end":{"line":18,"column":193}},"18":{"start":{"line":18,"column":149},"end":{"line":18,"column":193}},"19":{"start":{"line":18,"column":194},"end":{"line":18,"column":213}},"20":{"start":{"line":22,"column":0},"end":{"line":328,"column":3}},"21":{"start":{"line":24,"column":4},"end":{"line":24,"column":36}},"22":{"start":{"line":27,"column":2},"end":{"line":325,"column":6}},"23":{"start":{"line":31,"column":6},"end":{"line":35,"column":9}},"24":{"start":{"line":42,"column":23},"end":{"line":53,"column":7}},"25":{"start":{"line":55,"column":6},"end":{"line":60,"column":7}},"26":{"start":{"line":56,"column":8},"end":{"line":59,"column":11}},"27":{"start":{"line":62,"column":6},"end":{"line":67,"column":7}},"28":{"start":{"line":63,"column":8},"end":{"line":66,"column":11}},"29":{"start":{"line":69,"column":6},"end":{"line":74,"column":7}},"30":{"start":{"line":70,"column":8},"end":{"line":73,"column":11}},"31":{"start":{"line":76,"column":6},"end":{"line":81,"column":7}},"32":{"start":{"line":77,"column":8},"end":{"line":80,"column":11}},"33":{"start":{"line":83,"column":22},"end":{"line":83,"column":35}},"34":{"start":{"line":84,"column":23},"end":{"line":84,"column":70}},"35":{"start":{"line":86,"column":6},"end":{"line":91,"column":7}},"36":{"start":{"line":87,"column":8},"end":{"line":90,"column":11}},"37":{"start":{"line":93,"column":6},"end":{"line":98,"column":7}},"38":{"start":{"line":94,"column":8},"end":{"line":97,"column":11}},"39":{"start":{"line":100,"column":6},"end":{"line":105,"column":7}},"40":{"start":{"line":101,"column":8},"end":{"line":104,"column":11}},"41":{"start":{"line":107,"column":6},"end":{"line":112,"column":7}},"42":{"start":{"line":108,"column":8},"end":{"line":111,"column":11}},"43":{"start":{"line":114,"column":18},"end":{"line":116,"column":8}},"44":{"start":{"line":115,"column":8},"end":{"line":115,"column":47}},"45":{"start":{"line":118,"column":6},"end":{"line":129,"column":7}},"46":{"start":{"line":119,"column":8},"end":{"line":122,"column":11}},"47":{"start":{"line":124,"column":20},"end":{"line":126,"column":10}},"48":{"start":{"line":125,"column":10},"end":{"line":125,"column":49}},"49":{"start":{"line":128,"column":8},"end":{"line":128,"column":39}},"50":{"start":{"line":131,"column":6},"end":{"line":138,"column":7}},"51":{"start":{"line":132,"column":8},"end":{"line":137,"column":9}},"52":{"start":{"line":133,"column":10},"end":{"line":136,"column":13}},"53":{"start":{"line":140,"column":6},"end":{"line":140,"column":43}},"54":{"start":{"line":142,"column":6},"end":{"line":146,"column":9}},"55":{"start":{"line":153,"column":24},"end":{"line":156,"column":7}},"56":{"start":{"line":158,"column":6},"end":{"line":163,"column":7}},"57":{"start":{"line":159,"column":8},"end":{"line":162,"column":11}},"58":{"start":{"line":165,"column":6},"end":{"line":170,"column":7}},"59":{"start":{"line":166,"column":8},"end":{"line":169,"column":11}},"60":{"start":{"line":172,"column":23},"end":{"line":172,"column":70}},"61":{"start":{"line":173,"column":26},"end":{"line":173,"column":90}},"62":{"start":{"line":175,"column":6},"end":{"line":180,"column":7}},"63":{"start":{"line":176,"column":8},"end":{"line":179,"column":11}},"64":{"start":{"line":182,"column":6},"end":{"line":187,"column":7}},"65":{"start":{"line":183,"column":8},"end":{"line":186,"column":11}},"66":{"start":{"line":189,"column":6},"end":{"line":194,"column":7}},"67":{"start":{"line":190,"column":8},"end":{"line":193,"column":11}},"68":{"start":{"line":196,"column":6},"end":{"line":201,"column":7}},"69":{"start":{"line":197,"column":8},"end":{"line":200,"column":11}},"70":{"start":{"line":203,"column":24},"end":{"line":205,"column":8}},"71":{"start":{"line":204,"column":8},"end":{"line":204,"column":115}},"72":{"start":{"line":207,"column":6},"end":{"line":212,"column":7}},"73":{"start":{"line":208,"column":8},"end":{"line":211,"column":11}},"74":{"start":{"line":214,"column":18},"end":{"line":216,"column":8}},"75":{"start":{"line":215,"column":8},"end":{"line":215,"column":76}},"76":{"start":{"line":218,"column":6},"end":{"line":245,"column":7}},"77":{"start":{"line":219,"column":25},"end":{"line":219,"column":33}},"78":{"start":{"line":221,"column":8},"end":{"line":239,"column":11}},"79":{"start":{"line":222,"column":10},"end":{"line":238,"column":11}},"80":{"start":{"line":223,"column":12},"end":{"line":230,"column":13}},"81":{"start":{"line":224,"column":14},"end":{"line":229,"column":15}},"82":{"start":{"line":225,"column":16},"end":{"line":228,"column":19}},"83":{"start":{"line":232,"column":12},"end":{"line":232,"column":84}},"84":{"start":{"line":233,"column":12},"end":{"line":237,"column":15}},"85":{"start":{"line":241,"column":8},"end":{"line":244,"column":11}},"86":{"start":{"line":252,"column":24},"end":{"line":255,"column":7}},"87":{"start":{"line":257,"column":6},"end":{"line":262,"column":7}},"88":{"start":{"line":258,"column":8},"end":{"line":261,"column":11}},"89":{"start":{"line":264,"column":6},"end":{"line":269,"column":7}},"90":{"start":{"line":265,"column":8},"end":{"line":268,"column":11}},"91":{"start":{"line":271,"column":23},"end":{"line":271,"column":70}},"92":{"start":{"line":272,"column":26},"end":{"line":272,"column":90}},"93":{"start":{"line":274,"column":6},"end":{"line":279,"column":7}},"94":{"start":{"line":275,"column":8},"end":{"line":278,"column":11}},"95":{"start":{"line":281,"column":6},"end":{"line":286,"column":7}},"96":{"start":{"line":282,"column":8},"end":{"line":285,"column":11}},"97":{"start":{"line":288,"column":24},"end":{"line":290,"column":8}},"98":{"start":{"line":289,"column":8},"end":{"line":289,"column":115}},"99":{"start":{"line":292,"column":6},"end":{"line":297,"column":7}},"100":{"start":{"line":293,"column":8},"end":{"line":296,"column":11}},"101":{"start":{"line":299,"column":18},"end":{"line":301,"column":8}},"102":{"start":{"line":300,"column":8},"end":{"line":300,"column":76}},"103":{"start":{"line":303,"column":6},"end":{"line":322,"column":7}},"104":{"start":{"line":304,"column":8},"end":{"line":310,"column":11}},"105":{"start":{"line":305,"column":10},"end":{"line":309,"column":11}},"106":{"start":{"line":306,"column":24},"end":{"line":306,"column":60}},"107":{"start":{"line":308,"column":12},"end":{"line":308,"column":49}},"108":{"start":{"line":312,"column":8},"end":{"line":316,"column":11}},"109":{"start":{"line":318,"column":8},"end":{"line":321,"column":11}},"110":{"start":{"line":327,"column":2},"end":{"line":327,"column":18}},"111":{"start":{"line":331,"column":15},"end":{"line":331,"column":23}},"112":{"start":{"line":332,"column":0},"end":{"line":332,"column":30}}},"fnMap":{"0":{"name":"_interopRequireDefault","decl":{"start":{"line":12,"column":9},"end":{"line":12,"column":31}},"loc":{"start":{"line":12,"column":37},"end":{"line":12,"column":97}},"line":12},"1":{"name":"_classCallCheck","decl":{"start":{"line":14,"column":9},"end":{"line":14,"column":24}},"loc":{"start":{"line":14,"column":48},"end":{"line":14,"column":153}},"line":14},"2":{"name":"_defineProperties","decl":{"start":{"line":16,"column":9},"end":{"line":16,"column":26}},"loc":{"start":{"line":16,"column":42},"end":{"line":16,"column":317}},"line":16},"3":{"name":"_createClass","decl":{"start":{"line":18,"column":9},"end":{"line":18,"column":21}},"loc":{"start":{"line":18,"column":60},"end":{"line":18,"column":215}},"line":18},"4":{"name":"(anonymous_4)","decl":{"start":{"line":22,"column":0},"end":{"line":22,"column":1}},"loc":{"start":{"line":22,"column":12},"end":{"line":328,"column":1}},"line":22},"5":{"name":"Accounts","decl":{"start":{"line":23,"column":11},"end":{"line":23,"column":19}},"loc":{"start":{"line":23,"column":22},"end":{"line":25,"column":3}},"line":23},"6":{"name":"getAllAccounts","decl":{"start":{"line":29,"column":20},"end":{"line":29,"column":34}},"loc":{"start":{"line":29,"column":45},"end":{"line":36,"column":5}},"line":29},"7":{"name":"createAccount","decl":{"start":{"line":40,"column":20},"end":{"line":40,"column":33}},"loc":{"start":{"line":40,"column":44},"end":{"line":147,"column":5}},"line":40},"8":{"name":"(anonymous_8)","decl":{"start":{"line":114,"column":41},"end":{"line":114,"column":42}},"loc":{"start":{"line":114,"column":57},"end":{"line":116,"column":7}},"line":114},"9":{"name":"(anonymous_9)","decl":{"start":{"line":124,"column":45},"end":{"line":124,"column":46}},"loc":{"start":{"line":124,"column":61},"end":{"line":126,"column":9}},"line":124},"10":{"name":"accountActivateDeactivate","decl":{"start":{"line":151,"column":20},"end":{"line":151,"column":45}},"loc":{"start":{"line":151,"column":56},"end":{"line":246,"column":5}},"line":151},"11":{"name":"(anonymous_11)","decl":{"start":{"line":203,"column":47},"end":{"line":203,"column":48}},"loc":{"start":{"line":203,"column":63},"end":{"line":205,"column":7}},"line":203},"12":{"name":"(anonymous_12)","decl":{"start":{"line":214,"column":43},"end":{"line":214,"column":44}},"loc":{"start":{"line":214,"column":62},"end":{"line":216,"column":7}},"line":214},"13":{"name":"(anonymous_13)","decl":{"start":{"line":221,"column":36},"end":{"line":221,"column":37}},"loc":{"start":{"line":221,"column":55},"end":{"line":239,"column":9}},"line":221},"14":{"name":"deleteAccount","decl":{"start":{"line":250,"column":20},"end":{"line":250,"column":33}},"loc":{"start":{"line":250,"column":44},"end":{"line":323,"column":5}},"line":250},"15":{"name":"(anonymous_15)","decl":{"start":{"line":288,"column":47},"end":{"line":288,"column":48}},"loc":{"start":{"line":288,"column":63},"end":{"line":290,"column":7}},"line":288},"16":{"name":"(anonymous_16)","decl":{"start":{"line":299,"column":43},"end":{"line":299,"column":44}},"loc":{"start":{"line":299,"column":62},"end":{"line":301,"column":7}},"line":299},"17":{"name":"(anonymous_17)","decl":{"start":{"line":304,"column":36},"end":{"line":304,"column":37}},"loc":{"start":{"line":304,"column":55},"end":{"line":310,"column":9}},"line":304}},"branchMap":{"0":{"loc":{"start":{"line":12,"column":46},"end":{"line":12,"column":94}},"type":"cond-expr","locations":[{"start":{"line":12,"column":70},"end":{"line":12,"column":73}},{"start":{"line":12,"column":76},"end":{"line":12,"column":94}}],"line":12},"1":{"loc":{"start":{"line":12,"column":46},"end":{"line":12,"column":67}},"type":"binary-expr","locations":[{"start":{"line":12,"column":46},"end":{"line":12,"column":49}},{"start":{"line":12,"column":53},"end":{"line":12,"column":67}}],"line":12},"2":{"loc":{"start":{"line":14,"column":50},"end":{"line":14,"column":151}},"type":"if","locations":[{"start":{"line":14,"column":50},"end":{"line":14,"column":151}},{"start":{"line":14,"column":50},"end":{"line":14,"column":151}}],"line":14},"3":{"loc":{"start":{"line":16,"column":136},"end":{"line":16,"column":166}},"type":"binary-expr","locations":[{"start":{"line":16,"column":136},"end":{"line":16,"column":157}},{"start":{"line":16,"column":161},"end":{"line":16,"column":166}}],"line":16},"4":{"loc":{"start":{"line":16,"column":200},"end":{"line":16,"column":254}},"type":"if","locations":[{"start":{"line":16,"column":200},"end":{"line":16,"column":254}},{"start":{"line":16,"column":200},"end":{"line":16,"column":254}}],"line":16},"5":{"loc":{"start":{"line":18,"column":62},"end":{"line":18,"column":131}},"type":"if","locations":[{"start":{"line":18,"column":62},"end":{"line":18,"column":131}},{"start":{"line":18,"column":62},"end":{"line":18,"column":131}}],"line":18},"6":{"loc":{"start":{"line":18,"column":132},"end":{"line":18,"column":193}},"type":"if","locations":[{"start":{"line":18,"column":132},"end":{"line":18,"column":193}},{"start":{"line":18,"column":132},"end":{"line":18,"column":193}}],"line":18},"7":{"loc":{"start":{"line":55,"column":6},"end":{"line":60,"column":7}},"type":"if","locations":[{"start":{"line":55,"column":6},"end":{"line":60,"column":7}},{"start":{"line":55,"column":6},"end":{"line":60,"column":7}}],"line":55},"8":{"loc":{"start":{"line":62,"column":6},"end":{"line":67,"column":7}},"type":"if","locations":[{"start":{"line":62,"column":6},"end":{"line":67,"column":7}},{"start":{"line":62,"column":6},"end":{"line":67,"column":7}}],"line":62},"9":{"loc":{"start":{"line":69,"column":6},"end":{"line":74,"column":7}},"type":"if","locations":[{"start":{"line":69,"column":6},"end":{"line":74,"column":7}},{"start":{"line":69,"column":6},"end":{"line":74,"column":7}}],"line":69},"10":{"loc":{"start":{"line":76,"column":6},"end":{"line":81,"column":7}},"type":"if","locations":[{"start":{"line":76,"column":6},"end":{"line":81,"column":7}},{"start":{"line":76,"column":6},"end":{"line":81,"column":7}}],"line":76},"11":{"loc":{"start":{"line":86,"column":6},"end":{"line":91,"column":7}},"type":"if","locations":[{"start":{"line":86,"column":6},"end":{"line":91,"column":7}},{"start":{"line":86,"column":6},"end":{"line":91,"column":7}}],"line":86},"12":{"loc":{"start":{"line":93,"column":6},"end":{"line":98,"column":7}},"type":"if","locations":[{"start":{"line":93,"column":6},"end":{"line":98,"column":7}},{"start":{"line":93,"column":6},"end":{"line":98,"column":7}}],"line":93},"13":{"loc":{"start":{"line":100,"column":6},"end":{"line":105,"column":7}},"type":"if","locations":[{"start":{"line":100,"column":6},"end":{"line":105,"column":7}},{"start":{"line":100,"column":6},"end":{"line":105,"column":7}}],"line":100},"14":{"loc":{"start":{"line":107,"column":6},"end":{"line":112,"column":7}},"type":"if","locations":[{"start":{"line":107,"column":6},"end":{"line":112,"column":7}},{"start":{"line":107,"column":6},"end":{"line":112,"column":7}}],"line":107},"15":{"loc":{"start":{"line":118,"column":6},"end":{"line":129,"column":7}},"type":"if","locations":[{"start":{"line":118,"column":6},"end":{"line":129,"column":7}},{"start":{"line":118,"column":6},"end":{"line":129,"column":7}}],"line":118},"16":{"loc":{"start":{"line":131,"column":6},"end":{"line":138,"column":7}},"type":"if","locations":[{"start":{"line":131,"column":6},"end":{"line":138,"column":7}},{"start":{"line":131,"column":6},"end":{"line":138,"column":7}}],"line":131},"17":{"loc":{"start":{"line":132,"column":8},"end":{"line":137,"column":9}},"type":"if","locations":[{"start":{"line":132,"column":8},"end":{"line":137,"column":9}},{"start":{"line":132,"column":8},"end":{"line":137,"column":9}}],"line":132},"18":{"loc":{"start":{"line":158,"column":6},"end":{"line":163,"column":7}},"type":"if","locations":[{"start":{"line":158,"column":6},"end":{"line":163,"column":7}},{"start":{"line":158,"column":6},"end":{"line":163,"column":7}}],"line":158},"19":{"loc":{"start":{"line":165,"column":6},"end":{"line":170,"column":7}},"type":"if","locations":[{"start":{"line":165,"column":6},"end":{"line":170,"column":7}},{"start":{"line":165,"column":6},"end":{"line":170,"column":7}}],"line":165},"20":{"loc":{"start":{"line":175,"column":6},"end":{"line":180,"column":7}},"type":"if","locations":[{"start":{"line":175,"column":6},"end":{"line":180,"column":7}},{"start":{"line":175,"column":6},"end":{"line":180,"column":7}}],"line":175},"21":{"loc":{"start":{"line":182,"column":6},"end":{"line":187,"column":7}},"type":"if","locations":[{"start":{"line":182,"column":6},"end":{"line":187,"column":7}},{"start":{"line":182,"column":6},"end":{"line":187,"column":7}}],"line":182},"22":{"loc":{"start":{"line":189,"column":6},"end":{"line":194,"column":7}},"type":"if","locations":[{"start":{"line":189,"column":6},"end":{"line":194,"column":7}},{"start":{"line":189,"column":6},"end":{"line":194,"column":7}}],"line":189},"23":{"loc":{"start":{"line":196,"column":6},"end":{"line":201,"column":7}},"type":"if","locations":[{"start":{"line":196,"column":6},"end":{"line":201,"column":7}},{"start":{"line":196,"column":6},"end":{"line":201,"column":7}}],"line":196},"24":{"loc":{"start":{"line":204,"column":15},"end":{"line":204,"column":114}},"type":"binary-expr","locations":[{"start":{"line":204,"column":15},"end":{"line":204,"column":47}},{"start":{"line":204,"column":51},"end":{"line":204,"column":89}},{"start":{"line":204,"column":93},"end":{"line":204,"column":114}}],"line":204},"25":{"loc":{"start":{"line":207,"column":6},"end":{"line":212,"column":7}},"type":"if","locations":[{"start":{"line":207,"column":6},"end":{"line":212,"column":7}},{"start":{"line":207,"column":6},"end":{"line":212,"column":7}}],"line":207},"26":{"loc":{"start":{"line":218,"column":6},"end":{"line":245,"column":7}},"type":"if","locations":[{"start":{"line":218,"column":6},"end":{"line":245,"column":7}},{"start":{"line":218,"column":6},"end":{"line":245,"column":7}}],"line":218},"27":{"loc":{"start":{"line":222,"column":10},"end":{"line":238,"column":11}},"type":"if","locations":[{"start":{"line":222,"column":10},"end":{"line":238,"column":11}},{"start":{"line":222,"column":10},"end":{"line":238,"column":11}}],"line":222},"28":{"loc":{"start":{"line":223,"column":12},"end":{"line":230,"column":13}},"type":"if","locations":[{"start":{"line":223,"column":12},"end":{"line":230,"column":13}},{"start":{"line":223,"column":12},"end":{"line":230,"column":13}}],"line":223},"29":{"loc":{"start":{"line":224,"column":14},"end":{"line":229,"column":15}},"type":"if","locations":[{"start":{"line":224,"column":14},"end":{"line":229,"column":15}},{"start":{"line":224,"column":14},"end":{"line":229,"column":15}}],"line":224},"30":{"loc":{"start":{"line":232,"column":29},"end":{"line":232,"column":83}},"type":"cond-expr","locations":[{"start":{"line":232,"column":49},"end":{"line":232,"column":66}},{"start":{"line":232,"column":69},"end":{"line":232,"column":83}}],"line":232},"31":{"loc":{"start":{"line":257,"column":6},"end":{"line":262,"column":7}},"type":"if","locations":[{"start":{"line":257,"column":6},"end":{"line":262,"column":7}},{"start":{"line":257,"column":6},"end":{"line":262,"column":7}}],"line":257},"32":{"loc":{"start":{"line":264,"column":6},"end":{"line":269,"column":7}},"type":"if","locations":[{"start":{"line":264,"column":6},"end":{"line":269,"column":7}},{"start":{"line":264,"column":6},"end":{"line":269,"column":7}}],"line":264},"33":{"loc":{"start":{"line":274,"column":6},"end":{"line":279,"column":7}},"type":"if","locations":[{"start":{"line":274,"column":6},"end":{"line":279,"column":7}},{"start":{"line":274,"column":6},"end":{"line":279,"column":7}}],"line":274},"34":{"loc":{"start":{"line":281,"column":6},"end":{"line":286,"column":7}},"type":"if","locations":[{"start":{"line":281,"column":6},"end":{"line":286,"column":7}},{"start":{"line":281,"column":6},"end":{"line":286,"column":7}}],"line":281},"35":{"loc":{"start":{"line":289,"column":15},"end":{"line":289,"column":114}},"type":"binary-expr","locations":[{"start":{"line":289,"column":15},"end":{"line":289,"column":47}},{"start":{"line":289,"column":51},"end":{"line":289,"column":89}},{"start":{"line":289,"column":93},"end":{"line":289,"column":114}}],"line":289},"36":{"loc":{"start":{"line":292,"column":6},"end":{"line":297,"column":7}},"type":"if","locations":[{"start":{"line":292,"column":6},"end":{"line":297,"column":7}},{"start":{"line":292,"column":6},"end":{"line":297,"column":7}}],"line":292},"37":{"loc":{"start":{"line":303,"column":6},"end":{"line":322,"column":7}},"type":"if","locations":[{"start":{"line":303,"column":6},"end":{"line":322,"column":7}},{"start":{"line":303,"column":6},"end":{"line":322,"column":7}}],"line":303},"38":{"loc":{"start":{"line":305,"column":10},"end":{"line":309,"column":11}},"type":"if","locations":[{"start":{"line":305,"column":10},"end":{"line":309,"column":11}},{"start":{"line":305,"column":10},"end":{"line":309,"column":11}}],"line":305}},"s":{"0":1,"1":1,"2":1,"3":1,"4":2,"5":0,"6":0,"7":1,"8":1,"9":4,"10":4,"11":4,"12":4,"13":4,"14":4,"15":1,"16":0,"17":1,"18":1,"19":1,"20":1,"21":0,"22":1,"23":1,"24":11,"25":11,"26":1,"27":10,"28":1,"29":9,"30":1,"31":8,"32":1,"33":7,"34":7,"35":7,"36":1,"37":6,"38":1,"39":5,"40":1,"41":4,"42":1,"43":3,"44":7,"45":3,"46":1,"47":2,"48":6,"49":2,"50":2,"51":2,"52":1,"53":1,"54":1,"55":11,"56":11,"57":1,"58":10,"59":1,"60":9,"61":9,"62":9,"63":1,"64":8,"65":1,"66":7,"67":1,"68":6,"69":1,"70":5,"71":15,"72":5,"73":1,"74":4,"75":10,"76":4,"77":3,"78":3,"79":15,"80":3,"81":2,"82":1,"83":2,"84":2,"85":1,"86":7,"87":7,"88":1,"89":6,"90":1,"91":5,"92":5,"93":5,"94":1,"95":4,"96":1,"97":3,"98":9,"99":3,"100":1,"101":2,"102":5,"103":2,"104":1,"105":4,"106":1,"107":1,"108":1,"109":1,"110":1,"111":1,"112":1},"f":{"0":2,"1":0,"2":1,"3":1,"4":1,"5":0,"6":1,"7":11,"8":7,"9":6,"10":11,"11":15,"12":10,"13":15,"14":7,"15":9,"16":5,"17":4},"b":{"0":[2,0],"1":[2,2],"2":[0,0],"3":[4,4],"4":[4,0],"5":[0,1],"6":[1,0],"7":[1,10],"8":[1,9],"9":[1,8],"10":[1,7],"11":[1,6],"12":[1,5],"13":[1,4],"14":[1,3],"15":[1,2],"16":[2,0],"17":[1,1],"18":[1,10],"19":[1,9],"20":[1,8],"21":[1,7],"22":[1,6],"23":[1,5],"24":[15,5,5],"25":[1,4],"26":[3,1],"27":[3,12],"28":[2,1],"29":[1,1],"30":[2,0],"31":[1,6],"32":[1,5],"33":[1,4],"34":[1,3],"35":[9,3,3],"36":[1,2],"37":[1,1],"38":[1,3]},"_coverageSchema":"43e27e138ebf9cfc5966b082cf9a028302ed4184","hash":"a7c7cf475e54d71dc3a873521ebd528dc7a9b79f","contentHash":"019aa8a4893ab6669008c43c5117f6b06463c87c28ea1798469297309944a26a"},"C:\\Users\\Samuel Adafia\\Documents\\Andela Bootcamp\\Cycle 5\\banka\\server\\models\\v1\\Account.js":{"path":"C:\\Users\\Samuel Adafia\\Documents\\Andela Bootcamp\\Cycle 5\\banka\\server\\models\\v1\\Account.js","statementMap":{"0":{"start":{"line":3,"column":0},"end":{"line":5,"column":3}},"1":{"start":{"line":6,"column":0},"end":{"line":6,"column":28}},"2":{"start":{"line":7,"column":15},"end":{"line":63,"column":2}},"3":{"start":{"line":64,"column":15},"end":{"line":64,"column":23}},"4":{"start":{"line":65,"column":0},"end":{"line":65,"column":30}}},"fnMap":{},"branchMap":{},"s":{"0":1,"1":1,"2":1,"3":1,"4":1},"f":{},"b":{},"_coverageSchema":"43e27e138ebf9cfc5966b082cf9a028302ed4184","hash":"49c3f226b152685d5167d7911fb1d2d2de0648c9","contentHash":"534614c6c9035bbc7205ce7f8723afc1090b74664dd8ad9cd33de56b4c4f012f"},"C:\\Users\\Samuel Adafia\\Documents\\Andela Bootcamp\\Cycle 5\\banka\\server\\routes\\api\\v1\\transactionsRoutes.js":{"path":"C:\\Users\\Samuel Adafia\\Documents\\Andela Bootcamp\\Cycle 5\\banka\\server\\routes\\api\\v1\\transactionsRoutes.js","statementMap":{"0":{"start":{"line":3,"column":0},"end":{"line":5,"column":3}},"1":{"start":{"line":6,"column":0},"end":{"line":6,"column":28}},"2":{"start":{"line":8,"column":15},"end":{"line":8,"column":33}},"3":{"start":{"line":10,"column":30},"end":{"line":10,"column":111}},"4":{"start":{"line":12,"column":39},"end":{"line":12,"column":95}},"5":{"start":{"line":14,"column":24},"end":{"line":14,"column":46}},"6":{"start":{"line":15,"column":0},"end":{"line":15,"column":94}},"7":{"start":{"line":16,"column":0},"end":{"line":16,"column":112}},"8":{"start":{"line":17,"column":0},"end":{"line":17,"column":110}},"9":{"start":{"line":18,"column":15},"end":{"line":18,"column":32}},"10":{"start":{"line":19,"column":0},"end":{"line":19,"column":30}}},"fnMap":{"0":{"name":"_interopRequireDefault","decl":{"start":{"line":12,"column":9},"end":{"line":12,"column":31}},"loc":{"start":{"line":12,"column":37},"end":{"line":12,"column":97}},"line":12}},"branchMap":{"0":{"loc":{"start":{"line":12,"column":46},"end":{"line":12,"column":94}},"type":"cond-expr","locations":[{"start":{"line":12,"column":70},"end":{"line":12,"column":73}},{"start":{"line":12,"column":76},"end":{"line":12,"column":94}}],"line":12},"1":{"loc":{"start":{"line":12,"column":46},"end":{"line":12,"column":67}},"type":"binary-expr","locations":[{"start":{"line":12,"column":46},"end":{"line":12,"column":49}},{"start":{"line":12,"column":53},"end":{"line":12,"column":67}}],"line":12}},"s":{"0":1,"1":1,"2":1,"3":1,"4":1,"5":1,"6":1,"7":1,"8":1,"9":1,"10":1},"f":{"0":1},"b":{"0":[1,0],"1":[1,1]},"_coverageSchema":"43e27e138ebf9cfc5966b082cf9a028302ed4184","hash":"803682ef95cdb841603077e32d1691cc4700e290","contentHash":"fe064e3caf24f722aae5cae0026ae8eb8fb59f7804bb4852ed0d63991d9475bd"},"C:\\Users\\Samuel Adafia\\Documents\\Andela Bootcamp\\Cycle 5\\banka\\server\\controllers\\v1\\transactionsController.js":{"path":"C:\\Users\\Samuel Adafia\\Documents\\Andela Bootcamp\\Cycle 5\\banka\\server\\controllers\\v1\\transactionsController.js","statementMap":{"0":{"start":{"line":3,"column":0},"end":{"line":5,"column":3}},"1":{"start":{"line":6,"column":0},"end":{"line":6,"column":28}},"2":{"start":{"line":8,"column":20},"end":{"line":8,"column":83}},"3":{"start":{"line":10,"column":13},"end":{"line":10,"column":69}},"4":{"start":{"line":12,"column":15},"end":{"line":12,"column":73}},"5":{"start":{"line":14,"column":39},"end":{"line":14,"column":95}},"6":{"start":{"line":16,"column":50},"end":{"line":16,"column":151}},"7":{"start":{"line":16,"column":92},"end":{"line":16,"column":149}},"8":{"start":{"line":18,"column":44},"end":{"line":18,"column":315}},"9":{"start":{"line":18,"column":57},"end":{"line":18,"column":58}},"10":{"start":{"line":18,"column":102},"end":{"line":18,"column":110}},"11":{"start":{"line":18,"column":112},"end":{"line":18,"column":167}},"12":{"start":{"line":18,"column":168},"end":{"line":18,"column":199}},"13":{"start":{"line":18,"column":200},"end":{"line":18,"column":254}},"14":{"start":{"line":18,"column":227},"end":{"line":18,"column":254}},"15":{"start":{"line":18,"column":255},"end":{"line":18,"column":313}},"16":{"start":{"line":20,"column":62},"end":{"line":20,"column":131}},"17":{"start":{"line":20,"column":78},"end":{"line":20,"column":131}},"18":{"start":{"line":20,"column":132},"end":{"line":20,"column":193}},"19":{"start":{"line":20,"column":149},"end":{"line":20,"column":193}},"20":{"start":{"line":20,"column":194},"end":{"line":20,"column":213}},"21":{"start":{"line":24,"column":0},"end":{"line":200,"column":3}},"22":{"start":{"line":26,"column":4},"end":{"line":26,"column":40}},"23":{"start":{"line":29,"column":2},"end":{"line":197,"column":6}},"24":{"start":{"line":32,"column":6},"end":{"line":36,"column":9}},"25":{"start":{"line":41,"column":27},"end":{"line":51,"column":7}},"26":{"start":{"line":53,"column":6},"end":{"line":58,"column":7}},"27":{"start":{"line":54,"column":8},"end":{"line":57,"column":11}},"28":{"start":{"line":60,"column":6},"end":{"line":65,"column":7}},"29":{"start":{"line":61,"column":8},"end":{"line":64,"column":11}},"30":{"start":{"line":67,"column":19},"end":{"line":69,"column":8}},"31":{"start":{"line":68,"column":8},"end":{"line":68,"column":50}},"32":{"start":{"line":71,"column":6},"end":{"line":76,"column":7}},"33":{"start":{"line":72,"column":8},"end":{"line":75,"column":11}},"34":{"start":{"line":78,"column":17},"end":{"line":80,"column":8}},"35":{"start":{"line":79,"column":8},"end":{"line":79,"column":50}},"36":{"start":{"line":82,"column":6},"end":{"line":87,"column":7}},"37":{"start":{"line":83,"column":8},"end":{"line":86,"column":11}},"38":{"start":{"line":89,"column":22},"end":{"line":91,"column":8}},"39":{"start":{"line":90,"column":8},"end":{"line":90,"column":70}},"40":{"start":{"line":93,"column":6},"end":{"line":98,"column":7}},"41":{"start":{"line":94,"column":8},"end":{"line":97,"column":11}},"42":{"start":{"line":100,"column":20},"end":{"line":102,"column":8}},"43":{"start":{"line":101,"column":8},"end":{"line":101,"column":70}},"44":{"start":{"line":104,"column":6},"end":{"line":104,"column":77}},"45":{"start":{"line":105,"column":6},"end":{"line":105,"column":53}},"46":{"start":{"line":106,"column":6},"end":{"line":110,"column":9}},"47":{"start":{"line":115,"column":27},"end":{"line":125,"column":7}},"48":{"start":{"line":127,"column":6},"end":{"line":132,"column":7}},"49":{"start":{"line":128,"column":8},"end":{"line":131,"column":11}},"50":{"start":{"line":134,"column":6},"end":{"line":139,"column":7}},"51":{"start":{"line":135,"column":8},"end":{"line":138,"column":11}},"52":{"start":{"line":141,"column":19},"end":{"line":143,"column":8}},"53":{"start":{"line":142,"column":8},"end":{"line":142,"column":50}},"54":{"start":{"line":145,"column":6},"end":{"line":150,"column":7}},"55":{"start":{"line":146,"column":8},"end":{"line":149,"column":11}},"56":{"start":{"line":152,"column":17},"end":{"line":154,"column":8}},"57":{"start":{"line":153,"column":8},"end":{"line":153,"column":50}},"58":{"start":{"line":156,"column":6},"end":{"line":161,"column":7}},"59":{"start":{"line":157,"column":8},"end":{"line":160,"column":11}},"60":{"start":{"line":163,"column":22},"end":{"line":165,"column":8}},"61":{"start":{"line":164,"column":8},"end":{"line":164,"column":70}},"62":{"start":{"line":167,"column":6},"end":{"line":172,"column":7}},"63":{"start":{"line":168,"column":8},"end":{"line":171,"column":11}},"64":{"start":{"line":174,"column":20},"end":{"line":176,"column":8}},"65":{"start":{"line":175,"column":8},"end":{"line":175,"column":70}},"66":{"start":{"line":178,"column":28},"end":{"line":178,"column":70}},"67":{"start":{"line":180,"column":6},"end":{"line":188,"column":7}},"68":{"start":{"line":181,"column":8},"end":{"line":181,"column":79}},"69":{"start":{"line":182,"column":8},"end":{"line":182,"column":55}},"70":{"start":{"line":183,"column":8},"end":{"line":187,"column":11}},"71":{"start":{"line":190,"column":6},"end":{"line":195,"column":7}},"72":{"start":{"line":191,"column":8},"end":{"line":194,"column":11}},"73":{"start":{"line":199,"column":2},"end":{"line":199,"column":22}},"74":{"start":{"line":202,"column":15},"end":{"line":202,"column":27}},"75":{"start":{"line":203,"column":0},"end":{"line":203,"column":30}}},"fnMap":{"0":{"name":"_interopRequireDefault","decl":{"start":{"line":14,"column":9},"end":{"line":14,"column":31}},"loc":{"start":{"line":14,"column":37},"end":{"line":14,"column":97}},"line":14},"1":{"name":"_classCallCheck","decl":{"start":{"line":16,"column":9},"end":{"line":16,"column":24}},"loc":{"start":{"line":16,"column":48},"end":{"line":16,"column":153}},"line":16},"2":{"name":"_defineProperties","decl":{"start":{"line":18,"column":9},"end":{"line":18,"column":26}},"loc":{"start":{"line":18,"column":42},"end":{"line":18,"column":317}},"line":18},"3":{"name":"_createClass","decl":{"start":{"line":20,"column":9},"end":{"line":20,"column":21}},"loc":{"start":{"line":20,"column":60},"end":{"line":20,"column":215}},"line":20},"4":{"name":"(anonymous_4)","decl":{"start":{"line":24,"column":0},"end":{"line":24,"column":1}},"loc":{"start":{"line":24,"column":12},"end":{"line":200,"column":1}},"line":24},"5":{"name":"Transactions","decl":{"start":{"line":25,"column":11},"end":{"line":25,"column":23}},"loc":{"start":{"line":25,"column":26},"end":{"line":27,"column":3}},"line":25},"6":{"name":"getAllTransactions","decl":{"start":{"line":31,"column":20},"end":{"line":31,"column":38}},"loc":{"start":{"line":31,"column":49},"end":{"line":37,"column":5}},"line":31},"7":{"name":"accountCredit","decl":{"start":{"line":40,"column":20},"end":{"line":40,"column":33}},"loc":{"start":{"line":40,"column":44},"end":{"line":111,"column":5}},"line":40},"8":{"name":"(anonymous_8)","decl":{"start":{"line":67,"column":42},"end":{"line":67,"column":43}},"loc":{"start":{"line":67,"column":58},"end":{"line":69,"column":7}},"line":67},"9":{"name":"(anonymous_9)","decl":{"start":{"line":78,"column":42},"end":{"line":78,"column":43}},"loc":{"start":{"line":78,"column":58},"end":{"line":80,"column":7}},"line":78},"10":{"name":"(anonymous_10)","decl":{"start":{"line":89,"column":47},"end":{"line":89,"column":48}},"loc":{"start":{"line":89,"column":66},"end":{"line":91,"column":7}},"line":89},"11":{"name":"(anonymous_11)","decl":{"start":{"line":100,"column":47},"end":{"line":100,"column":48}},"loc":{"start":{"line":100,"column":66},"end":{"line":102,"column":7}},"line":100},"12":{"name":"accountDebit","decl":{"start":{"line":114,"column":20},"end":{"line":114,"column":32}},"loc":{"start":{"line":114,"column":43},"end":{"line":196,"column":5}},"line":114},"13":{"name":"(anonymous_13)","decl":{"start":{"line":141,"column":42},"end":{"line":141,"column":43}},"loc":{"start":{"line":141,"column":58},"end":{"line":143,"column":7}},"line":141},"14":{"name":"(anonymous_14)","decl":{"start":{"line":152,"column":42},"end":{"line":152,"column":43}},"loc":{"start":{"line":152,"column":58},"end":{"line":154,"column":7}},"line":152},"15":{"name":"(anonymous_15)","decl":{"start":{"line":163,"column":47},"end":{"line":163,"column":48}},"loc":{"start":{"line":163,"column":66},"end":{"line":165,"column":7}},"line":163},"16":{"name":"(anonymous_16)","decl":{"start":{"line":174,"column":47},"end":{"line":174,"column":48}},"loc":{"start":{"line":174,"column":66},"end":{"line":176,"column":7}},"line":174}},"branchMap":{"0":{"loc":{"start":{"line":14,"column":46},"end":{"line":14,"column":94}},"type":"cond-expr","locations":[{"start":{"line":14,"column":70},"end":{"line":14,"column":73}},{"start":{"line":14,"column":76},"end":{"line":14,"column":94}}],"line":14},"1":{"loc":{"start":{"line":14,"column":46},"end":{"line":14,"column":67}},"type":"binary-expr","locations":[{"start":{"line":14,"column":46},"end":{"line":14,"column":49}},{"start":{"line":14,"column":53},"end":{"line":14,"column":67}}],"line":14},"2":{"loc":{"start":{"line":16,"column":50},"end":{"line":16,"column":151}},"type":"if","locations":[{"start":{"line":16,"column":50},"end":{"line":16,"column":151}},{"start":{"line":16,"column":50},"end":{"line":16,"column":151}}],"line":16},"3":{"loc":{"start":{"line":18,"column":136},"end":{"line":18,"column":166}},"type":"binary-expr","locations":[{"start":{"line":18,"column":136},"end":{"line":18,"column":157}},{"start":{"line":18,"column":161},"end":{"line":18,"column":166}}],"line":18},"4":{"loc":{"start":{"line":18,"column":200},"end":{"line":18,"column":254}},"type":"if","locations":[{"start":{"line":18,"column":200},"end":{"line":18,"column":254}},{"start":{"line":18,"column":200},"end":{"line":18,"column":254}}],"line":18},"5":{"loc":{"start":{"line":20,"column":62},"end":{"line":20,"column":131}},"type":"if","locations":[{"start":{"line":20,"column":62},"end":{"line":20,"column":131}},{"start":{"line":20,"column":62},"end":{"line":20,"column":131}}],"line":20},"6":{"loc":{"start":{"line":20,"column":132},"end":{"line":20,"column":193}},"type":"if","locations":[{"start":{"line":20,"column":132},"end":{"line":20,"column":193}},{"start":{"line":20,"column":132},"end":{"line":20,"column":193}}],"line":20},"7":{"loc":{"start":{"line":53,"column":6},"end":{"line":58,"column":7}},"type":"if","locations":[{"start":{"line":53,"column":6},"end":{"line":58,"column":7}},{"start":{"line":53,"column":6},"end":{"line":58,"column":7}}],"line":53},"8":{"loc":{"start":{"line":60,"column":6},"end":{"line":65,"column":7}},"type":"if","locations":[{"start":{"line":60,"column":6},"end":{"line":65,"column":7}},{"start":{"line":60,"column":6},"end":{"line":65,"column":7}}],"line":60},"9":{"loc":{"start":{"line":71,"column":6},"end":{"line":76,"column":7}},"type":"if","locations":[{"start":{"line":71,"column":6},"end":{"line":76,"column":7}},{"start":{"line":71,"column":6},"end":{"line":76,"column":7}}],"line":71},"10":{"loc":{"start":{"line":82,"column":6},"end":{"line":87,"column":7}},"type":"if","locations":[{"start":{"line":82,"column":6},"end":{"line":87,"column":7}},{"start":{"line":82,"column":6},"end":{"line":87,"column":7}}],"line":82},"11":{"loc":{"start":{"line":93,"column":6},"end":{"line":98,"column":7}},"type":"if","locations":[{"start":{"line":93,"column":6},"end":{"line":98,"column":7}},{"start":{"line":93,"column":6},"end":{"line":98,"column":7}}],"line":93},"12":{"loc":{"start":{"line":127,"column":6},"end":{"line":132,"column":7}},"type":"if","locations":[{"start":{"line":127,"column":6},"end":{"line":132,"column":7}},{"start":{"line":127,"column":6},"end":{"line":132,"column":7}}],"line":127},"13":{"loc":{"start":{"line":134,"column":6},"end":{"line":139,"column":7}},"type":"if","locations":[{"start":{"line":134,"column":6},"end":{"line":139,"column":7}},{"start":{"line":134,"column":6},"end":{"line":139,"column":7}}],"line":134},"14":{"loc":{"start":{"line":145,"column":6},"end":{"line":150,"column":7}},"type":"if","locations":[{"start":{"line":145,"column":6},"end":{"line":150,"column":7}},{"start":{"line":145,"column":6},"end":{"line":150,"column":7}}],"line":145},"15":{"loc":{"start":{"line":156,"column":6},"end":{"line":161,"column":7}},"type":"if","locations":[{"start":{"line":156,"column":6},"end":{"line":161,"column":7}},{"start":{"line":156,"column":6},"end":{"line":161,"column":7}}],"line":156},"16":{"loc":{"start":{"line":167,"column":6},"end":{"line":172,"column":7}},"type":"if","locations":[{"start":{"line":167,"column":6},"end":{"line":172,"column":7}},{"start":{"line":167,"column":6},"end":{"line":172,"column":7}}],"line":167},"17":{"loc":{"start":{"line":180,"column":6},"end":{"line":188,"column":7}},"type":"if","locations":[{"start":{"line":180,"column":6},"end":{"line":188,"column":7}},{"start":{"line":180,"column":6},"end":{"line":188,"column":7}}],"line":180},"18":{"loc":{"start":{"line":190,"column":6},"end":{"line":195,"column":7}},"type":"if","locations":[{"start":{"line":190,"column":6},"end":{"line":195,"column":7}},{"start":{"line":190,"column":6},"end":{"line":195,"column":7}}],"line":190}},"s":{"0":1,"1":1,"2":1,"3":1,"4":1,"5":3,"6":0,"7":0,"8":1,"9":1,"10":3,"11":3,"12":3,"13":3,"14":3,"15":3,"16":1,"17":0,"18":1,"19":1,"20":1,"21":1,"22":0,"23":1,"24":1,"25":6,"26":6,"27":1,"28":5,"29":1,"30":4,"31":10,"32":4,"33":1,"34":3,"35":9,"36":3,"37":1,"38":2,"39":6,"40":2,"41":1,"42":1,"43":4,"44":1,"45":1,"46":1,"47":7,"48":7,"49":1,"50":6,"51":1,"52":5,"53":13,"54":5,"55":1,"56":4,"57":12,"58":4,"59":1,"60":3,"61":8,"62":3,"63":1,"64":2,"65":8,"66":2,"67":2,"68":1,"69":1,"70":1,"71":1,"72":1,"73":1,"74":1,"75":1},"f":{"0":3,"1":0,"2":1,"3":1,"4":1,"5":0,"6":1,"7":6,"8":10,"9":9,"10":6,"11":4,"12":7,"13":13,"14":12,"15":8,"16":8},"b":{"0":[3,0],"1":[3,3],"2":[0,0],"3":[3,3],"4":[3,0],"5":[0,1],"6":[1,0],"7":[1,5],"8":[1,4],"9":[1,3],"10":[1,2],"11":[1,1],"12":[1,6],"13":[1,5],"14":[1,4],"15":[1,3],"16":[1,2],"17":[1,1],"18":[1,0]},"_coverageSchema":"43e27e138ebf9cfc5966b082cf9a028302ed4184","hash":"2a7e24ec00df4cf4cfe2d68fabee48ae6d52323a","contentHash":"1563b8e56234e6653561dfe138553b8f216dd6470d3999e601e1f302ea43ac6f"},"C:\\Users\\Samuel Adafia\\Documents\\Andela Bootcamp\\Cycle 5\\banka\\server\\models\\v1\\Transactions.js":{"path":"C:\\Users\\Samuel Adafia\\Documents\\Andela Bootcamp\\Cycle 5\\banka\\server\\models\\v1\\Transactions.js","statementMap":{"0":{"start":{"line":3,"column":0},"end":{"line":5,"column":3}},"1":{"start":{"line":6,"column":0},"end":{"line":6,"column":28}},"2":{"start":{"line":7,"column":19},"end":{"line":40,"column":2}},"3":{"start":{"line":41,"column":15},"end":{"line":41,"column":27}},"4":{"start":{"line":42,"column":0},"end":{"line":42,"column":30}}},"fnMap":{},"branchMap":{},"s":{"0":1,"1":1,"2":1,"3":1,"4":1},"f":{},"b":{},"_coverageSchema":"43e27e138ebf9cfc5966b082cf9a028302ed4184","hash":"8f18f84c03687e3d074c21a7e2f318ba872508d8","contentHash":"4c18726f3f01c1e583a356c2406f2bc0ac137509443321cffdfb07416cac0cf6"},"C:\\Users\\Samuel Adafia\\Documents\\Andela Bootcamp\\Cycle 5\\banka\\server\\routes\\api\\v2\\index.js":{"path":"C:\\Users\\Samuel Adafia\\Documents\\Andela Bootcamp\\Cycle 5\\banka\\server\\routes\\api\\v2\\index.js","statementMap":{"0":{"start":{"line":3,"column":0},"end":{"line":5,"column":3}},"1":{"start":{"line":6,"column":0},"end":{"line":6,"column":28}},"2":{"start":{"line":8,"column":15},"end":{"line":8,"column":33}},"3":{"start":{"line":10,"column":21},"end":{"line":10,"column":71}},"4":{"start":{"line":12,"column":24},"end":{"line":12,"column":77}},"5":{"start":{"line":14,"column":28},"end":{"line":14,"column":85}},"6":{"start":{"line":16,"column":39},"end":{"line":16,"column":95}},"7":{"start":{"line":18,"column":18},"end":{"line":18,"column":40}},"8":{"start":{"line":19,"column":0},"end":{"line":19,"column":43}},"9":{"start":{"line":20,"column":0},"end":{"line":20,"column":46}},"10":{"start":{"line":21,"column":0},"end":{"line":21,"column":50}},"11":{"start":{"line":22,"column":15},"end":{"line":22,"column":26}},"12":{"start":{"line":23,"column":0},"end":{"line":23,"column":30}}},"fnMap":{"0":{"name":"_interopRequireDefault","decl":{"start":{"line":16,"column":9},"end":{"line":16,"column":31}},"loc":{"start":{"line":16,"column":37},"end":{"line":16,"column":97}},"line":16}},"branchMap":{"0":{"loc":{"start":{"line":16,"column":46},"end":{"line":16,"column":94}},"type":"cond-expr","locations":[{"start":{"line":16,"column":70},"end":{"line":16,"column":73}},{"start":{"line":16,"column":76},"end":{"line":16,"column":94}}],"line":16},"1":{"loc":{"start":{"line":16,"column":46},"end":{"line":16,"column":67}},"type":"binary-expr","locations":[{"start":{"line":16,"column":46},"end":{"line":16,"column":49}},{"start":{"line":16,"column":53},"end":{"line":16,"column":67}}],"line":16}},"s":{"0":1,"1":1,"2":1,"3":1,"4":1,"5":1,"6":3,"7":1,"8":1,"9":1,"10":1,"11":1,"12":1},"f":{"0":3},"b":{"0":[3,0],"1":[3,3]},"_coverageSchema":"43e27e138ebf9cfc5966b082cf9a028302ed4184","hash":"ef05310e23f8ddc4fae98a20c28daf61243b2e56","contentHash":"ff858fe0c1f97252ebea0e35c20ce84e16955209bf92e0b6e21d51b960206afb"},"C:\\Users\\Samuel Adafia\\Documents\\Andela Bootcamp\\Cycle 5\\banka\\server\\routes\\api\\v2\\usersDbRoutes.js":{"path":"C:\\Users\\Samuel Adafia\\Documents\\Andela Bootcamp\\Cycle 5\\banka\\server\\routes\\api\\v2\\usersDbRoutes.js","statementMap":{"0":{"start":{"line":3,"column":0},"end":{"line":5,"column":3}},"1":{"start":{"line":6,"column":0},"end":{"line":6,"column":28}},"2":{"start":{"line":8,"column":15},"end":{"line":8,"column":33}},"3":{"start":{"line":10,"column":18},"end":{"line":10,"column":80}},"4":{"start":{"line":12,"column":25},"end":{"line":12,"column":101}},"5":{"start":{"line":14,"column":39},"end":{"line":14,"column":95}},"6":{"start":{"line":16,"column":20},"end":{"line":16,"column":42}},"7":{"start":{"line":17,"column":0},"end":{"line":17,"column":95}},"8":{"start":{"line":18,"column":0},"end":{"line":18,"column":77}},"9":{"start":{"line":19,"column":0},"end":{"line":19,"column":77}},"10":{"start":{"line":20,"column":0},"end":{"line":20,"column":100}},"11":{"start":{"line":21,"column":15},"end":{"line":21,"column":28}},"12":{"start":{"line":22,"column":0},"end":{"line":22,"column":30}}},"fnMap":{"0":{"name":"_interopRequireDefault","decl":{"start":{"line":14,"column":9},"end":{"line":14,"column":31}},"loc":{"start":{"line":14,"column":37},"end":{"line":14,"column":97}},"line":14}},"branchMap":{"0":{"loc":{"start":{"line":14,"column":46},"end":{"line":14,"column":94}},"type":"cond-expr","locations":[{"start":{"line":14,"column":70},"end":{"line":14,"column":73}},{"start":{"line":14,"column":76},"end":{"line":14,"column":94}}],"line":14},"1":{"loc":{"start":{"line":14,"column":46},"end":{"line":14,"column":67}},"type":"binary-expr","locations":[{"start":{"line":14,"column":46},"end":{"line":14,"column":49}},{"start":{"line":14,"column":53},"end":{"line":14,"column":67}}],"line":14}},"s":{"0":1,"1":1,"2":1,"3":1,"4":1,"5":2,"6":1,"7":1,"8":1,"9":1,"10":1,"11":1,"12":1},"f":{"0":2},"b":{"0":[2,0],"1":[2,2]},"_coverageSchema":"43e27e138ebf9cfc5966b082cf9a028302ed4184","hash":"9b62ea30bfa43547dc63d2db83484964fbd6b95f","contentHash":"be721040375a4c0bba24b336de68af5a734fcaf3f5d2897f2391ded5986d5e75"},"C:\\Users\\Samuel Adafia\\Documents\\Andela Bootcamp\\Cycle 5\\banka\\server\\helpers\\checkToken.js":{"path":"C:\\Users\\Samuel Adafia\\Documents\\Andela Bootcamp\\Cycle 5\\banka\\server\\helpers\\checkToken.js","statementMap":{"0":{"start":{"line":3,"column":0},"end":{"line":5,"column":3}},"1":{"start":{"line":6,"column":0},"end":{"line":6,"column":28}},"2":{"start":{"line":8,"column":17},"end":{"line":22,"column":1}},"3":{"start":{"line":9,"column":15},"end":{"line":9,"column":43}},"4":{"start":{"line":11,"column":2},"end":{"line":21,"column":3}},"5":{"start":{"line":12,"column":17},"end":{"line":12,"column":34}},"6":{"start":{"line":13,"column":16},"end":{"line":13,"column":25}},"7":{"start":{"line":14,"column":4},"end":{"line":14,"column":22}},"8":{"start":{"line":15,"column":4},"end":{"line":15,"column":11}},"9":{"start":{"line":17,"column":4},"end":{"line":20,"column":7}},"10":{"start":{"line":24,"column":15},"end":{"line":24,"column":25}},"11":{"start":{"line":25,"column":0},"end":{"line":25,"column":30}}},"fnMap":{"0":{"name":"checkToken","decl":{"start":{"line":8,"column":26},"end":{"line":8,"column":36}},"loc":{"start":{"line":8,"column":53},"end":{"line":22,"column":1}},"line":8}},"branchMap":{"0":{"loc":{"start":{"line":11,"column":2},"end":{"line":21,"column":3}},"type":"if","locations":[{"start":{"line":11,"column":2},"end":{"line":21,"column":3}},{"start":{"line":11,"column":2},"end":{"line":21,"column":3}}],"line":11}},"s":{"0":1,"1":1,"2":1,"3":20,"4":20,"5":20,"6":20,"7":20,"8":20,"9":0,"10":1,"11":1},"f":{"0":20},"b":{"0":[20,0]},"_coverageSchema":"43e27e138ebf9cfc5966b082cf9a028302ed4184","hash":"c1cb9d0127b2367732d70b4287eac73192d96b4d","contentHash":"68a232e2e916ecaffac6ce53e091b888e83dc1fbb60c3959b66079aeac7d1fa2"},"C:\\Users\\Samuel Adafia\\Documents\\Andela Bootcamp\\Cycle 5\\banka\\server\\controllers\\v2\\usersControllerDb.js":{"path":"C:\\Users\\Samuel Adafia\\Documents\\Andela Bootcamp\\Cycle 5\\banka\\server\\controllers\\v2\\usersControllerDb.js","statementMap":{"0":{"start":{"line":3,"column":0},"end":{"line":5,"column":3}},"1":{"start":{"line":6,"column":0},"end":{"line":6,"column":28}},"2":{"start":{"line":8,"column":14},"end":{"line":8,"column":55}},"3":{"start":{"line":10,"column":20},"end":{"line":10,"column":67}},"4":{"start":{"line":12,"column":13},"end":{"line":12,"column":69}},"5":{"start":{"line":14,"column":11},"end":{"line":14,"column":49}},"6":{"start":{"line":16,"column":22},"end":{"line":16,"column":85}},"7":{"start":{"line":18,"column":23},"end":{"line":18,"column":87}},"8":{"start":{"line":20,"column":25},"end":{"line":20,"column":91}},"9":{"start":{"line":22,"column":14},"end":{"line":22,"column":55}},"10":{"start":{"line":24,"column":39},"end":{"line":24,"column":95}},"11":{"start":{"line":26,"column":77},"end":{"line":26,"column":175}},"12":{"start":{"line":26,"column":94},"end":{"line":26,"column":107}},"13":{"start":{"line":26,"column":121},"end":{"line":26,"column":131}},"14":{"start":{"line":26,"column":151},"end":{"line":26,"column":165}},"15":{"start":{"line":26,"column":166},"end":{"line":26,"column":173}},"16":{"start":{"line":26,"column":176},"end":{"line":26,"column":263}},"17":{"start":{"line":26,"column":193},"end":{"line":26,"column":208}},"18":{"start":{"line":26,"column":218},"end":{"line":26,"column":261}},"19":{"start":{"line":28,"column":33},"end":{"line":28,"column":387}},"20":{"start":{"line":28,"column":65},"end":{"line":28,"column":69}},"21":{"start":{"line":28,"column":78},"end":{"line":28,"column":87}},"22":{"start":{"line":28,"column":89},"end":{"line":28,"column":384}},"23":{"start":{"line":28,"column":147},"end":{"line":28,"column":167}},"24":{"start":{"line":28,"column":193},"end":{"line":28,"column":264}},"25":{"start":{"line":28,"column":290},"end":{"line":28,"column":360}},"26":{"start":{"line":28,"column":363},"end":{"line":28,"column":380}},"27":{"start":{"line":30,"column":0},"end":{"line":30,"column":28}},"28":{"start":{"line":32,"column":12},"end":{"line":435,"column":1}},"29":{"start":{"line":34,"column":23},"end":{"line":88,"column":7}},"30":{"start":{"line":39,"column":6},"end":{"line":87,"column":35}},"31":{"start":{"line":40,"column":8},"end":{"line":86,"column":9}},"32":{"start":{"line":41,"column":10},"end":{"line":85,"column":11}},"33":{"start":{"line":43,"column":14},"end":{"line":43,"column":47}},"34":{"start":{"line":44,"column":14},"end":{"line":44,"column":32}},"35":{"start":{"line":45,"column":14},"end":{"line":45,"column":32}},"36":{"start":{"line":46,"column":14},"end":{"line":46,"column":55}},"37":{"start":{"line":49,"column":14},"end":{"line":49,"column":35}},"38":{"start":{"line":50,"column":14},"end":{"line":50,"column":31}},"39":{"start":{"line":51,"column":14},"end":{"line":51,"column":39}},"40":{"start":{"line":53,"column":14},"end":{"line":72,"column":17}},"41":{"start":{"line":54,"column":16},"end":{"line":71,"column":17}},"42":{"start":{"line":55,"column":18},"end":{"line":58,"column":21}},"43":{"start":{"line":60,"column":18},"end":{"line":70,"column":19}},"44":{"start":{"line":61,"column":20},"end":{"line":64,"column":23}},"45":{"start":{"line":66,"column":20},"end":{"line":69,"column":23}},"46":{"start":{"line":74,"column":14},"end":{"line":74,"column":33}},"47":{"start":{"line":75,"column":14},"end":{"line":75,"column":20}},"48":{"start":{"line":78,"column":14},"end":{"line":78,"column":33}},"49":{"start":{"line":79,"column":14},"end":{"line":79,"column":49}},"50":{"start":{"line":80,"column":14},"end":{"line":80,"column":82}},"51":{"start":{"line":84,"column":14},"end":{"line":84,"column":37}},"52":{"start":{"line":91,"column":6},"end":{"line":91,"column":49}},"53":{"start":{"line":94,"column":4},"end":{"line":94,"column":23}},"54":{"start":{"line":97,"column":22},"end":{"line":191,"column":7}},"55":{"start":{"line":102,"column":6},"end":{"line":190,"column":37}},"56":{"start":{"line":103,"column":8},"end":{"line":189,"column":9}},"57":{"start":{"line":104,"column":10},"end":{"line":188,"column":11}},"58":{"start":{"line":106,"column":14},"end":{"line":113,"column":16}},"59":{"start":{"line":114,"column":14},"end":{"line":114,"column":82}},"60":{"start":{"line":116,"column":14},"end":{"line":119,"column":15}},"61":{"start":{"line":117,"column":16},"end":{"line":117,"column":35}},"62":{"start":{"line":118,"column":16},"end":{"line":118,"column":22}},"63":{"start":{"line":121,"column":14},"end":{"line":124,"column":18}},"64":{"start":{"line":127,"column":14},"end":{"line":127,"column":56}},"65":{"start":{"line":128,"column":14},"end":{"line":128,"column":70}},"66":{"start":{"line":129,"column":14},"end":{"line":129,"column":61}},"67":{"start":{"line":130,"column":14},"end":{"line":130,"column":33}},"68":{"start":{"line":131,"column":14},"end":{"line":131,"column":70}},"69":{"start":{"line":134,"column":14},"end":{"line":134,"column":40}},"70":{"start":{"line":136,"column":14},"end":{"line":139,"column":15}},"71":{"start":{"line":137,"column":16},"end":{"line":137,"column":36}},"72":{"start":{"line":138,"column":16},"end":{"line":138,"column":22}},"73":{"start":{"line":141,"column":14},"end":{"line":144,"column":18}},"74":{"start":{"line":147,"column":14},"end":{"line":147,"column":142}},"75":{"start":{"line":148,"column":14},"end":{"line":148,"column":103}},"76":{"start":{"line":149,"column":14},"end":{"line":149,"column":34}},"77":{"start":{"line":150,"column":14},"end":{"line":150,"column":34}},"78":{"start":{"line":151,"column":14},"end":{"line":151,"column":59}},"79":{"start":{"line":154,"column":14},"end":{"line":154,"column":37}},"80":{"start":{"line":155,"column":14},"end":{"line":155,"column":32}},"81":{"start":{"line":156,"column":14},"end":{"line":159,"column":16}},"82":{"start":{"line":161,"column":14},"end":{"line":175,"column":17}},"83":{"start":{"line":164,"column":16},"end":{"line":174,"column":19}},"84":{"start":{"line":177,"column":14},"end":{"line":177,"column":34}},"85":{"start":{"line":178,"column":14},"end":{"line":178,"column":20}},"86":{"start":{"line":181,"column":14},"end":{"line":181,"column":34}},"87":{"start":{"line":182,"column":14},"end":{"line":182,"column":52}},"88":{"start":{"line":183,"column":14},"end":{"line":183,"column":91}},"89":{"start":{"line":187,"column":14},"end":{"line":187,"column":38}},"90":{"start":{"line":194,"column":6},"end":{"line":194,"column":48}},"91":{"start":{"line":197,"column":4},"end":{"line":197,"column":22}},"92":{"start":{"line":200,"column":22},"end":{"line":293,"column":7}},"93":{"start":{"line":204,"column":6},"end":{"line":292,"column":19}},"94":{"start":{"line":205,"column":8},"end":{"line":291,"column":9}},"95":{"start":{"line":206,"column":10},"end":{"line":290,"column":11}},"96":{"start":{"line":208,"column":14},"end":{"line":211,"column":16}},"97":{"start":{"line":212,"column":14},"end":{"line":212,"column":90}},"98":{"start":{"line":214,"column":14},"end":{"line":217,"column":15}},"99":{"start":{"line":215,"column":16},"end":{"line":215,"column":35}},"100":{"start":{"line":216,"column":16},"end":{"line":216,"column":22}},"101":{"start":{"line":219,"column":14},"end":{"line":222,"column":18}},"102":{"start":{"line":225,"column":14},"end":{"line":225,"column":61}},"103":{"start":{"line":226,"column":14},"end":{"line":226,"column":33}},"104":{"start":{"line":227,"column":14},"end":{"line":227,"column":70}},"105":{"start":{"line":230,"column":14},"end":{"line":230,"column":40}},"106":{"start":{"line":232,"column":14},"end":{"line":235,"column":15}},"107":{"start":{"line":233,"column":16},"end":{"line":233,"column":36}},"108":{"start":{"line":234,"column":16},"end":{"line":234,"column":22}},"109":{"start":{"line":237,"column":14},"end":{"line":237,"column":107}},"110":{"start":{"line":239,"column":14},"end":{"line":242,"column":15}},"111":{"start":{"line":240,"column":16},"end":{"line":240,"column":36}},"112":{"start":{"line":241,"column":16},"end":{"line":241,"column":22}},"113":{"start":{"line":244,"column":14},"end":{"line":249,"column":16}},"114":{"start":{"line":251,"column":14},"end":{"line":266,"column":17}},"115":{"start":{"line":254,"column":16},"end":{"line":254,"column":39}},"116":{"start":{"line":254,"column":25},"end":{"line":254,"column":39}},"117":{"start":{"line":255,"column":16},"end":{"line":265,"column":19}},"118":{"start":{"line":268,"column":14},"end":{"l
[...]
nymous_12)","decl":{"start":{"line":89,"column":16},"end":{"line":89,"column":17}},"loc":{"start":{"line":89,"column":28},"end":{"line":227,"column":3}},"line":89},"13":{"name":"_callee2","decl":{"start":{"line":92,"column":37},"end":{"line":92,"column":45}},"loc":{"start":{"line":92,"column":56},"end":{"line":220,"column":5}},"line":92},"14":{"name":"_callee2$","decl":{"start":{"line":95,"column":46},"end":{"line":95,"column":55}},"loc":{"start":{"line":95,"column":67},"end":{"line":219,"column":7}},"line":95},"15":{"name":"(anonymous_15)","decl":{"start":{"line":101,"column":84},"end":{"line":101,"column":85}},"loc":{"start":{"line":101,"column":114},"end":{"line":115,"column":15}},"line":101},"16":{"name":"accountDebit","decl":{"start":{"line":222,"column":13},"end":{"line":222,"column":25}},"loc":{"start":{"line":222,"column":36},"end":{"line":224,"column":5}},"line":222},"17":{"name":"(anonymous_17)","decl":{"start":{"line":228,"column":17},"end":{"line":228,"column":18}},"loc":{"start":{"line":228,"column":29},"end":{"line":355,"column":3}},"line":228},"18":{"name":"_callee3","decl":{"start":{"line":231,"column":37},"end":{"line":231,"column":45}},"loc":{"start":{"line":231,"column":56},"end":{"line":348,"column":5}},"line":231},"19":{"name":"_callee3$","decl":{"start":{"line":234,"column":46},"end":{"line":234,"column":55}},"loc":{"start":{"line":234,"column":67},"end":{"line":347,"column":7}},"line":234},"20":{"name":"(anonymous_20)","decl":{"start":{"line":240,"column":84},"end":{"line":240,"column":85}},"loc":{"start":{"line":240,"column":114},"end":{"line":254,"column":15}},"line":240},"21":{"name":"accountCredit","decl":{"start":{"line":350,"column":13},"end":{"line":350,"column":26}},"loc":{"start":{"line":350,"column":37},"end":{"line":352,"column":5}},"line":350},"22":{"name":"(anonymous_22)","decl":{"start":{"line":356,"column":25},"end":{"line":356,"column":26}},"loc":{"start":{"line":356,"column":37},"end":{"line":460,"column":3}},"line":356},"23":{"name":"_callee4","decl":{"start":{"line":359,"column":37},"end":{"line":359,"column":45}},"loc":{"start":{"line":359,"column":56},"end":{"line":453,"column":5}},"line":359},"24":{"name":"_callee4$","decl":{"start":{"line":362,"column":46},"end":{"line":362,"column":55}},"loc":{"start":{"line":362,"column":67},"end":{"line":452,"column":7}},"line":362},"25":{"name":"(anonymous_25)","decl":{"start":{"line":368,"column":84},"end":{"line":368,"column":85}},"loc":{"start":{"line":368,"column":114},"end":{"line":377,"column":15}},"line":368},"26":{"name":"getTransactionHistory","decl":{"start":{"line":455,"column":13},"end":{"line":455,"column":34}},"loc":{"start":{"line":455,"column":45},"end":{"line":457,"column":5}},"line":455},"27":{"name":"(anonymous_27)","decl":{"start":{"line":461,"column":27},"end":{"line":461,"column":28}},"loc":{"start":{"line":461,"column":39},"end":{"line":573,"column":3}},"line":461},"28":{"name":"_callee5","decl":{"start":{"line":464,"column":37},"end":{"line":464,"column":45}},"loc":{"start":{"line":464,"column":56},"end":{"line":566,"column":5}},"line":464},"29":{"name":"_callee5$","decl":{"start":{"line":467,"column":46},"end":{"line":467,"column":55}},"loc":{"start":{"line":467,"column":67},"end":{"line":565,"column":7}},"line":467},"30":{"name":"(anonymous_30)","decl":{"start":{"line":476,"column":84},"end":{"line":476,"column":85}},"loc":{"start":{"line":476,"column":114},"end":{"line":485,"column":15}},"line":476},"31":{"name":"viewSpecificTransaction","decl":{"start":{"line":568,"column":13},"end":{"line":568,"column":36}},"loc":{"start":{"line":568,"column":48},"end":{"line":570,"column":5}},"line":568}},"branchMap":{"0":{"loc":{"start":{"line":20,"column":46},"end":{"line":20,"column":94}},"type":"cond-expr","locations":[{"start":{"line":20,"column":70},"end":{"line":20,"column":73}},{"start":{"line":20,"column":76},"end":{"line":20,"column":94}}],"line":20},"1":{"loc":{"start":{"line":20,"column":46},"end":{"line":20,"column":67}},"type":"binary-expr","locations":[{"start":{"line":20,"column":46},"end":{"line":20,"column":49}},{"start":{"line":20,"column":53},"end":{"line":20,"column":67}}],"line":20},"2":{"loc":{"start":{"line":22,"column":176},"end":{"line":22,"column":263}},"type":"if","locations":[{"start":{"line":22,"column":176},"end":{"line":22,"column":263}},{"start":{"line":22,"column":176},"end":{"line":22,"column":263}}],"line":22},"3":{"loc":{"start":{"line":37,"column":10},"end":{"line":78,"column":11}},"type":"switch","locations":[{"start":{"line":38,"column":12},"end":{"line":42,"column":55}},{"start":{"line":44,"column":12},"end":{"line":68,"column":20}},{"start":{"line":70,"column":12},"end":{"line":73,"column":82}},{"start":{"line":75,"column":12},"end":{"line":75,"column":20}},{"start":{"line":76,"column":12},"end":{"line":77,"column":37}}],"line":37},"4":{"loc":{"start":{"line":50,"column":16},"end":{"line":64,"column":17}},"type":"if","locations":[{"start":{"line":50,"column":16},"end":{"line":64,"column":17}},{"start":{"line":50,"column":16},"end":{"line":64,"column":17}}],"line":50},"5":{"loc":{"start":{"line":55,"column":23},"end":{"line":64,"column":17}},"type":"if","locations":[{"start":{"line":55,"column":23},"end":{"line":64,"column":17}},{"start":{"line":55,"column":23},"end":{"line":64,"column":17}}],"line":55},"6":{"loc":{"start":{"line":97,"column":10},"end":{"line":217,"column":11}},"type":"switch","locations":[{"start":{"line":98,"column":12},"end":{"line":119,"column":68}},{"start":{"line":121,"column":12},"end":{"line":137,"column":18}},{"start":{"line":139,"column":12},"end":{"line":143,"column":86}},{"start":{"line":145,"column":12},"end":{"line":157,"column":18}},{"start":{"line":159,"column":12},"end":{"line":168,"column":18}},{"start":{"line":170,"column":12},"end":{"line":181,"column":67}},{"start":{"line":183,"column":12},"end":{"line":189,"column":67}},{"start":{"line":191,"column":12},"end":{"line":197,"column":18}},{"start":{"line":199,"column":12},"end":{"line":203,"column":18}},{"start":{"line":205,"column":12},"end":{"line":207,"column":20}},{"start":{"line":209,"column":12},"end":{"line":212,"column":84}},{"start":{"line":214,"column":12},"end":{"line":214,"column":20}},{"start":{"line":215,"column":12},"end":{"line":216,"column":38}}],"line":97},"7":{"loc":{"start":{"line":102,"column":16},"end":{"line":114,"column":17}},"type":"if","locations":[{"start":{"line":102,"column":16},"end":{"line":114,"column":17}},{"start":{"line":102,"column":16},"end":{"line":114,"column":17}}],"line":102},"8":{"loc":{"start":{"line":107,"column":23},"end":{"line":114,"column":17}},"type":"if","locations":[{"start":{"line":107,"column":23},"end":{"line":114,"column":17}},{"start":{"line":107,"column":23},"end":{"line":114,"column":17}}],"line":107},"9":{"loc":{"start":{"line":129,"column":14},"end":{"line":132,"column":15}},"type":"if","locations":[{"start":{"line":129,"column":14},"end":{"line":132,"column":15}},{"start":{"line":129,"column":14},"end":{"line":132,"column":15}}],"line":129},"10":{"loc":{"start":{"line":149,"column":14},"end":{"line":152,"column":15}},"type":"if","locations":[{"start":{"line":149,"column":14},"end":{"line":152,"column":15}},{"start":{"line":149,"column":14},"end":{"line":152,"column":15}}],"line":149},"11":{"loc":{"start":{"line":160,"column":14},"end":{"line":163,"column":15}},"type":"if","locations":[{"start":{"line":160,"column":14},"end":{"line":163,"column":15}},{"start":{"line":160,"column":14},"end":{"line":163,"column":15}}],"line":160},"12":{"loc":{"start":{"line":171,"column":14},"end":{"line":174,"column":15}},"type":"if","locations":[{"start":{"line":171,"column":14},"end":{"line":174,"column":15}},{"start":{"line":171,"column":14},"end":{"line":174,"column":15}}],"line":171},"13":{"loc":{"start":{"line":236,"column":10},"end":{"line":345,"column":11}},"type":"switch","locations":[{"start":{"line":237,"column":12},"end":{"line":258,"column":68}},{"start":{"line":260,"column":12},"end":{"line":276,"column":18}},{"start":{"line":278,"column":12},"end":{"line":282,"column":86}},{"start":{"line":284,"column":12},"end":{"line":296,"column":18}},{"start":{"line":298,"column":12},"end":{"line":309,"column":68}},{"start":{"line":311,"column":12},"end":{"line":317,"column":67}},{"start":{"line":319,"column":12},"end":{"line":325,"column":18}},{"start":{"line":327,"column":12},"end":{"line":331,"column":18}},{"start":{"line":333,"column":12},"end":{"line":335,"column":20}},{"start":{"line":337,"column":12},"end":{"line":340,"column":84}},{"start":{"line":342,"column":12},"end":{"line":342,"column":20}},{"start":{"line":343,"column":12},"end":{"line":344,"column":38}}],"line":236},"14":{"loc":{"start":{"line":241,"column":16},"end":{"line":253,"column":17}},"type":"if","locations":[{"start":{"line":241,"column":16},"end":{"line":253,"column":17}},{"start":{"line":241,"column":16},"end":{"line":253,"column":17}}],"line":241},"15":{"loc":{"start":{"line":246,"column":23},"end":{"line":253,"column":17}},"type":"if","locations":[{"start":{"line":246,"column":23},"end":{"line":253,"column":17}},{"start":{"line":246,"column":23},"end":{"line":253,"column":17}}],"line":246},"16":{"loc":{"start":{"line":268,"column":14},"end":{"line":271,"column":15}},"type":"if","locations":[{"start":{"line":268,"column":14},"end":{"line":271,"column":15}},{"start":{"line":268,"column":14},"end":{"line":271,"column":15}}],"line":268},"17":{"loc":{"start":{"line":288,"column":14},"end":{"line":291,"column":15}},"type":"if","locations":[{"start":{"line":288,"column":14},"end":{"line":291,"column":15}},{"start":{"line":288,"column":14},"end":{"line":291,"column":15}}],"line":288},"18":{"loc":{"start":{"line":299,"column":14},"end":{"line":302,"column":15}},"type":"if","locations":[{"start":{"line":299,"column":14},"end":{"line":302,"column":15}},{"start":{"line":299,"column":14},"end":{"line":302,"column":15}}],"line":299},"19":{"loc":{"start":{"line":364,"column":10},"end":{"line":450,"column":11}},"type":"switch","locations":[{"start":{"line":365,"column":12},"end":{"line":381,"column":65}},{"start":{"line":383,"column":12},"end":{"line":387,"column":79}},{"start":{"line":389,"column":12},"end":{"line":400,"column":83}},{"start":{"line":402,"column":12},"end":{"line":418,"column":18}},{"start":{"line":420,"column":12},"end":{"line":425,"column":18}},{"start":{"line":427,"column":12},"end":{"line":429,"column":20}},{"start":{"line":431,"column":12},"end":{"line":435,"column":18}},{"start":{"line":437,"column":12},"end":{"line":439,"column":20}},{"start":{"line":441,"column":12},"end":{"line":445,"column":18}},{"start":{"line":447,"column":12},"end":{"line":447,"column":20}},{"start":{"line":448,"column":12},"end":{"line":449,"column":38}}],"line":364},"20":{"loc":{"start":{"line":369,"column":16},"end":{"line":376,"column":17}},"type":"if","locations":[{"start":{"line":369,"column":16},"end":{"line":376,"column":17}},{"start":{"line":369,"column":16},"end":{"line":376,"column":17}}],"line":369},"21":{"loc":{"start":{"line":394,"column":14},"end":{"line":397,"column":15}},"type":"if","locations":[{"start":{"line":394,"column":14},"end":{"line":397,"column":15}},{"start":{"line":394,"column":14},"end":{"line":397,"column":15}}],"line":394},"22":{"loc":{"start":{"line":405,"column":14},"end":{"line":408,"column":15}},"type":"if","locations":[{"start":{"line":405,"column":14},"end":{"line":408,"column":15}},{"start":{"line":405,"column":14},"end":{"line":408,"column":15}}],"line":405},"23":{"loc":{"start":{"line":410,"column":14},"end":{"line":413,"column":15}},"type":"if","locations":[{"start":{"line":410,"column":14},"end":{"line":413,"column":15}},{"start":{"line":410,"column":14},"end":{"line":413,"column":15}}],"line":410},"24":{"loc":{"start":{"line":469,"column":10},"end":{"line":563,"column":11}},"type":"switch","locations":[{"start":{"line":470,"column":12},"end":{"line":497,"column":18}},{"start":{"line":499,"column":12},"end":{"line":502,"column":68}},{"start":{"line":504,"column":12},"end":{"line":516,"column":18}},{"start":{"line":518,"column":12},"end":{"line":521,"column":86}},{"start":{"line":523,"column":12},"end":{"line":527,"column":70}},{"start":{"line":529,"column":12},"end":{"line":540,"column":18}},{"start":{"line":542,"column":12},"end":{"line":552,"column":18}},{"start":{"line":554,"column":12},"end":{"line":558,"column":18}},{"start":{"line":560,"column":12},"end":{"line":560,"column":20}},{"start":{"line":561,"column":12},"end":{"line":562,"column":38}}],"line":469},"25":{"loc":{"start":{"line":477,"column":16},"end":{"line":484,"column":17}},"type":"if","locations":[{"start":{"line":477,"column":16},"end":{"line":484,"column":17}},{"start":{"line":477,"column":16},"end":{"line":484,"column":17}}],"line":477},"26":{"loc":{"start":{"line":489,"column":14},"end":{"line":492,"column":15}},"type":"if","locations":[{"start":{"line":489,"column":14},"end":{"line":492,"column":15}},{"start":{"line":489,"column":14},"end":{"line":492,"column":15}}],"line":489},"27":{"loc":{"start":{"line":508,"column":14},"end":{"line":511,"column":15}},"type":"if","locations":[{"start":{"line":508,"column":14},"end":{"line":511,"column":15}},{"start":{"line":508,"column":14},"end":{"line":511,"column":15}}],"line":508},"28":{"loc":{"start":{"line":532,"column":14},"end":{"line":535,"column":15}},"type":"if","locations":[{"start":{"line":532,"column":14},"end":{"line":535,"column":15}},{"start":{"line":532,"column":14},"end":{"line":535,"column":15}}],"line":532},"29":{"loc":{"start":{"line":543,"column":14},"end":{"line":546,"column":15}},"type":"if","locations":[{"start":{"line":543,"column":14},"end":{"line":546,"column":15}},{"start":{"line":543,"column":14},"end":{"line":546,"column":15}}],"line":543}},"s":{"0":1,"1":1,"2":1,"3":1,"4":1,"5":1,"6":1,"7":1,"8":6,"9":0,"10":0,"11":0,"12":0,"13":0,"14":0,"15":0,"16":0,"17":5,"18":0,"19":0,"20":0,"21":0,"22":0,"23":0,"24":0,"25":1,"26":1,"27":1,"28":0,"29":0,"30":0,"31":0,"32":0,"33":0,"34":0,"35":0,"36":0,"37":0,"38":0,"39":0,"40":0,"41":0,"42":0,"43":0,"44":0,"45":0,"46":0,"47":0,"48":0,"49":0,"50":0,"51":1,"52":1,"53":0,"54":0,"55":0,"56":0,"57":0,"58":0,"59":0,"60":0,"61":0,"62":0,"63":0,"64":0,"65":0,"66":0,"67":0,"68":0,"69":0,"70":0,"71":0,"72":0,"73":0,"74":0,"75":0,"76":0,"77":0,"78":0,"79":0,"80":0,"81":0,"82":0,"83":0,"84":0,"85":0,"86":0,"87":0,"88":0,"89":0,"90":0,"91":0,"92":0,"93":0,"94":0,"95":0,"96":0,"97":0,"98":0,"99":0,"100":0,"101":0,"102":0,"103":0,"104":0,"105":0,"106":0,"107":0,"108":0,"109":0,"110":0,"111":1,"112":1,"113":0,"114":0,"115":0,"116":0,"117":0,"118":0,"119":0,"120":0,"121":0,"122":0,"123":0,"124":0,"125":0,"126":0,"127":0,"128":0,"129":0,"130":0,"131":0,"132":0,"133":0,"134":0,"135":0,"136":0,"137":0,"138":0,"139":0,"140":0,"141":0,"142":0,"143":0,"144":0,"145":0,"146":0,"147":0,"148":0,"149":0,"150":0,"151":0,"152":0,"153":0,"154":0,"155":0,"156":0,"157":0,"158":0,"159":0,"160":0,"161":0,"162":0,"163":0,"164":0,"165":0,"166":0,"167":1,"168":1,"169":0,"170":0,"171":0,"172":0,"173":0,"174":0,"175":0,"176":0,"177":0,"178":0,"179":0,"180":0,"181":0,"182":0,"183":0,"184":0,"185":0,"186":0,"187":0,"188":0,"189":0,"190":0,"191":0,"192":0,"193":0,"194":0,"195":0,"196":0,"197":0,"198":0,"199":0,"200":0,"201":0,"202":0,"203":0,"204":0,"205":0,"206":0,"207":0,"208":0,"209":1,"210":1,"211":0,"212":0,"213":0,"214":0,"215":0,"216":0,"217":0,"218":0,"219":0,"220":0,"221":0,"222":0,"223":0,"224":0,"225":0,"226":0,"227":0,"228":0,"229":0,"230":0,"231":0,"232":0,"233":0,"234":0,"235":0,"236":0,"237":0,"238":0,"239":0,"240":0,"241":0,"242":0,"243":0,"244":0,"245":0,"246":0,"247":0,"248":0,"249":0,"250":0,"251":0,"252":0,"253":1,"254":1,"255":1},"f":{"0":6,"1":0,"2":5,"3":0,"4":0,"5":0,"6":0,"7":1,"8":0,"9":0,"10":0,"11":0,"12":1,"13":0,"14":0,"15":0,"16":0,"17":1,"18":0,"19":0,"20":0,"21":0,"22":1,"23":0,"24":0,"25":0,"26":0,"27":1,"28":0,"29":0,"30":0,"31":0},"b":{"0":[3,3],"1":[6,6],"2":[0,0],"3":[0,0,0,0,0],"4":[0,0],"5":[0,0],"6":[0,0,0,0,0,0,0,0,0,0,0,0,0],"7":[0,0],"8":[0,0],"9":[0,0],"10":[0,0],"11":[0,0],"12":[0,0],"13":[0,0,0,0,0,0,0,0,0,0,0,0],"14":[0,0],"15":[0,0],"16":[0,0],"17":[0,0],"18":[0,0],"19":[0,0,0,0,0,0,0,0,0,0,0],"20":[0,0],"21":[0,0],"22":[0,0],"23":[0,0],"24":[0,0,0,0,0,0,0,0,0,0],"25":[0,0],"26":[0,0],"27":[0,0],"28":[0,0],"29":[0,0]},"_coverageSchema":"43e27e138ebf9cfc5966b082cf9a028302ed4184","hash":"412933cd1fe30b45166fe8b3ae0198c6f295c9ec","contentHash":"2da4d5bb200338624ec2183edf0a0d4c307da2594b3134d55c4785b45fc82046"},"C:\\Users\\Samuel Adafia\\Documents\\Andela Bootcamp\\Cycle 5\\banka\\server\\helpers\\transactionValidation.js":{"path":"C:\\Users\\Samuel Adafia\\Documents\\Andela Bootcamp\\Cycle 5\\banka\\server\\helpers\\transactionValidation.js","statementMap":{"0":{"start":{"line":3,"column":0},"end":{"line":5,"column":3}},"1":{"start":{"line":6,"column":0},"end":{"line":6,"column":28}},"2":{"start":{"line":8,"column":11},"end":{"line":8,"column":49}},"3":{"start":{"line":10,"column":39},"end":{"line":10,"column":95}},"4":{"start":{"line":12,"column":24},"end":{"line":15,"column":2}},"5":{"start":{"line":17,"column":15},"end":{"line":17,"column":32}},"6":{"start":{"line":18,"column":0},"end":{"line":18,"column":30}}},"fnMap":{"0":{"name":"_interopRequireDefault","decl":{"start":{"line":10,"column":9},"end":{"line":10,"column":31}},"loc":{"start":{"line":10,"column":37},"end":{"line":10,"column":97}},"line":10}},"branchMap":{"0":{"loc":{"start":{"line":10,"column":46},"end":{"line":10,"column":94}},"type":"cond-expr","locations":[{"start":{"line":10,"column":70},"end":{"line":10,"column":73}},{"start":{"line":10,"column":76},"end":{"line":10,"column":94}}],"line":10},"1":{"loc":{"start":{"line":10,"column":46},"end":{"line":10,"column":67}},"type":"binary-expr","locations":[{"start":{"line":10,"column":46},"end":{"line":10,"column":49}},{"start":{"line":10,"column":53},"end":{"line":10,"column":67}}],"line":10}},"s":{"0":1,"1":1,"2":1,"3":1,"4":1,"5":1,"6":1},"f":{"0":1},"b":{"0":[0,1],"1":[1,1]},"_coverageSchema":"43e27e138ebf9cfc5966b082cf9a028302ed4184","hash":"3808c6672876fa7dfde06b4c67ccabd26fd95ad8","contentHash":"fe9085cb023ac2b463155599b27af30ce013df512a6bd1015b55da242095a78a"},"C:\\Users\\Samuel Adafia\\Documents\\Andela Bootcamp\\Cycle 5\\banka\\server\\helpers\\specificTransactionValidation.js":{"path":"C:\\Users\\Samuel Adafia\\Documents\\Andela Bootcamp\\Cycle 5\\banka\\server\\helpers\\specificTransactionValidation.js","statementMap":{"0":{"start":{"line":3,"column":0},"end":{"line":5,"column":3}},"1":{"start":{"line":6,"column":0},"end":{"line":6,"column":28}},"2":{"start":{"line":8,"column":11},"end":{"line":8,"column":49}},"3":{"start":{"line":10,"column":39},"end":{"line":10,"column":95}},"4":{"start":{"line":12,"column":33},"end":{"line":14,"column":2}},"5":{"start":{"line":16,"column":15},"end":{"line":16,"column":41}},"6":{"start":{"line":17,"column":0},"end":{"line":17,"column":30}}},"fnMap":{"0":{"name":"_interopRequireDefault","decl":{"start":{"line":10,"column":9},"end":{"line":10,"column":31}},"loc":{"start":{"line":10,"column":37},"end":{"line":10,"column":97}},"line":10}},"branchMap":{"0":{"loc":{"start":{"line":10,"column":46},"end":{"line":10,"column":94}},"type":"cond-expr","locations":[{"start":{"line":10,"column":70},"end":{"line":10,"column":73}},{"start":{"line":10,"column":76},"end":{"line":10,"column":94}}],"line":10},"1":{"loc":{"start":{"line":10,"column":46},"end":{"line":10,"column":67}},"type":"binary-expr","locations":[{"start":{"line":10,"column":46},"end":{"line":10,"column":49}},{"start":{"line":10,"column":53},"end":{"line":10,"column":67}}],"line":10}},"s":{"0":1,"1":1,"2":1,"3":1,"4":1,"5":1,"6":1},"f":{"0":1},"b":{"0":[0,1],"1":[1,1]},"_coverageSchema":"43e27e138ebf9cfc5966b082cf9a028302ed4184","hash":"07f8806422cc66f17b1b55dab896741cbe91a9f2","contentHash":"135849cf6dfc80c52a6b9b71f4e011e7d955e52c96f29e3908a85de84a4a12fa"}}