TN:
SF:C:\Users\Samuel Adafia\Documents\Andela Bootcamp\Cycle 5\banka\server/server.js
FN:28,(anonymous_1)
FNF:1
FNH:1
FNDA:1,(anonymous_1)
DA:1,1
DA:2,1
DA:3,1
DA:4,1
DA:5,1
DA:6,1
DA:8,1
DA:13,1
DA:16,1
DA:19,1
DA:22,1
DA:23,1
DA:26,1
DA:28,1
DA:30,1
LF:15
LH:15
BRDA:26,0,0,1
BRDA:26,0,1,1
BRF:2
BRH:2
end_of_record
TN:
SF:C:\Users\Samuel Adafia\Documents\Andela Bootcamp\Cycle 5\banka\server\config/devKeys.js
FNF:0
FNH:0
DA:1,1
LF:1
LH:1
BRF:0
BRH:0
end_of_record
TN:
SF:C:\Users\Samuel Adafia\Documents\Andela Bootcamp\Cycle 5\banka\server\config/keys.js
FNF:0
FNH:0
DA:1,1
DA:2,1
DA:3,1
DA:5,1
DA:6,0
DA:10,1
DA:11,0
DA:13,1
DA:16,1
DA:17,1
LF:10
LH:8
BRDA:5,0,0,0
BRDA:5,0,1,1
BRDA:10,1,0,0
BRDA:10,1,1,1
BRF:4
BRH:2
end_of_record
TN:
SF:C:\Users\Samuel Adafia\Documents\Andela Bootcamp\Cycle 5\banka\server\config/prodKeys.js
FNF:0
FNH:0
DA:1,1
LF:1
LH:1
BRF:0
BRH:0
end_of_record
TN:
SF:C:\Users\Samuel Adafia\Documents\Andela Bootcamp\Cycle 5\banka\server\config/testKeys.js
FNF:0
FNH:0
DA:1,1
LF:1
LH:1
BRF:0
BRH:0
end_of_record
TN:
SF:C:\Users\Samuel Adafia\Documents\Andela Bootcamp\Cycle 5\banka\server\controllers\v1/accountsController.js
FN:88,(anonymous_8)
FN:96,(anonymous_9)
FN:169,(anonymous_11)
FN:179,(anonymous_12)
FN:182,(anonymous_13)
FN:247,(anonymous_15)
FN:255,(anonymous_16)
FN:258,(anonymous_17)
FNF:8
FNH:8
FNDA:7,(anonymous_8)
FNDA:6,(anonymous_9)
FNDA:15,(anonymous_11)
FNDA:10,(anonymous_12)
FNDA:15,(anonymous_13)
FNDA:9,(anonymous_15)
FNDA:5,(anonymous_16)
FNDA:4,(anonymous_17)
DA:1,1
DA:2,1
DA:7,1
DA:16,11
DA:29,11
DA:30,1
DA:36,10
DA:37,1
DA:43,9
DA:44,1
DA:50,8
DA:51,1
DA:57,7
DA:58,7
DA:60,7
DA:61,1
DA:67,6
DA:68,1
DA:74,5
DA:75,1
DA:81,4
DA:82,1
DA:88,7
DA:90,3
DA:91,1
DA:96,6
DA:97,2
DA:100,2
DA:101,2
DA:102,1
DA:109,1
DA:110,1
DA:119,11
DA:124,11
DA:125,1
DA:131,10
DA:132,1
DA:138,9
DA:139,9
DA:141,9
DA:142,1
DA:148,8
DA:149,1
DA:155,7
DA:156,1
DA:162,6
DA:163,1
DA:169,15
DA:171,5
DA:172,1
DA:179,10
DA:180,4
DA:181,3
DA:182,3
DA:183,15
DA:185,3
DA:186,2
DA:187,1
DA:193,2
DA:194,2
DA:202,1
DA:211,7
DA:216,7
DA:217,1
DA:223,6
DA:224,1
DA:230,5
DA:231,5
DA:233,5
DA:234,1
DA:240,4
DA:241,1
DA:247,9
DA:249,3
DA:250,1
DA:255,5
DA:257,2
DA:258,1
DA:259,4
DA:260,1
DA:261,1
DA:264,1
DA:270,1
DA:279,1
LF:84
LH:84
BRDA:29,0,0,1
BRDA:29,0,1,10
BRDA:36,1,0,1
BRDA:36,1,1,9
BRDA:43,2,0,1
BRDA:43,2,1,8
BRDA:50,3,0,1
BRDA:50,3,1,7
BRDA:60,4,0,1
BRDA:60,4,1,6
BRDA:67,5,0,1
BRDA:67,5,1,5
BRDA:74,6,0,1
BRDA:74,6,1,4
BRDA:81,7,0,1
BRDA:81,7,1,3
BRDA:90,8,0,1
BRDA:90,8,1,2
BRDA:100,9,0,2
BRDA:100,9,1,0
BRDA:101,10,0,1
BRDA:101,10,1,1
BRDA:124,11,0,1
BRDA:124,11,1,10
BRDA:131,12,0,1
BRDA:131,12,1,9
BRDA:141,13,0,1
BRDA:141,13,1,8
BRDA:148,14,0,1
BRDA:148,14,1,7
BRDA:155,15,0,1
BRDA:155,15,1,6
BRDA:162,16,0,1
BRDA:162,16,1,5
BRDA:169,17,0,15
BRDA:169,17,1,5
BRDA:169,17,2,5
BRDA:171,18,0,1
BRDA:171,18,1,4
BRDA:180,19,0,3
BRDA:180,19,1,1
BRDA:183,20,0,3
BRDA:183,20,1,12
BRDA:185,21,0,2
BRDA:185,21,1,1
BRDA:186,22,0,1
BRDA:186,22,1,1
BRDA:193,23,0,2
BRDA:193,23,1,0
BRDA:216,24,0,1
BRDA:216,24,1,6
BRDA:223,25,0,1
BRDA:223,25,1,5
BRDA:233,26,0,1
BRDA:233,26,1,4
BRDA:240,27,0,1
BRDA:240,27,1,3
BRDA:247,28,0,9
BRDA:247,28,1,3
BRDA:247,28,2,3
BRDA:249,29,0,1
BRDA:249,29,1,2
BRDA:257,30,0,1
BRDA:257,30,1,1
BRDA:259,31,0,1
BRDA:259,31,1,3
BRF:66
BRH:64
end_of_record
TN:
SF:C:\Users\Samuel Adafia\Documents\Andela Bootcamp\Cycle 5\banka\server\controllers\v1/transactionsController.js
FN:39,(anonymous_8)
FN:47,(anonymous_9)
FN:55,(anonymous_10)
FN:63,(anonymous_11)
FN:99,(anonymous_13)
FN:107,(anonymous_14)
FN:115,(anonymous_15)
FN:123,(anonymous_16)
FNF:8
FNH:8
FNDA:10,(anonymous_8)
FNDA:9,(anonymous_9)
FNDA:6,(anonymous_10)
FNDA:4,(anonymous_11)
FNDA:13,(anonymous_13)
FNDA:12,(anonymous_14)
FNDA:8,(anonymous_15)
FNDA:8,(anonymous_16)
DA:1,1
DA:2,1
DA:3,1
DA:7,1
DA:15,6
DA:25,6
DA:26,1
DA:32,5
DA:33,1
DA:39,10
DA:40,4
DA:41,1
DA:47,9
DA:48,3
DA:49,1
DA:55,6
DA:56,2
DA:57,1
DA:63,4
DA:64,1
DA:65,1
DA:66,1
DA:75,7
DA:85,7
DA:86,1
DA:92,6
DA:93,1
DA:99,13
DA:100,5
DA:101,1
DA:107,12
DA:108,4
DA:109,1
DA:115,8
DA:116,3
DA:117,1
DA:123,8
DA:124,2
DA:125,2
DA:126,1
DA:127,1
DA:128,1
DA:135,1
DA:136,1
DA:149,1
LF:45
LH:45
BRDA:25,0,0,1
BRDA:25,0,1,5
BRDA:32,1,0,1
BRDA:32,1,1,4
BRDA:40,2,0,1
BRDA:40,2,1,3
BRDA:48,3,0,1
BRDA:48,3,1,2
BRDA:56,4,0,1
BRDA:56,4,1,1
BRDA:85,5,0,1
BRDA:85,5,1,6
BRDA:92,6,0,1
BRDA:92,6,1,5
BRDA:100,7,0,1
BRDA:100,7,1,4
BRDA:108,8,0,1
BRDA:108,8,1,3
BRDA:116,9,0,1
BRDA:116,9,1,2
BRDA:125,10,0,1
BRDA:125,10,1,1
BRDA:135,11,0,1
BRDA:135,11,1,0
BRF:24
BRH:23
end_of_record
TN:
SF:C:\Users\Samuel Adafia\Documents\Andela Bootcamp\Cycle 5\banka\server\controllers\v1/usersController.js
FN:55,(anonymous_8)
FN:58,(anonymous_9)
FN:59,(anonymous_10)
FN:136,(anonymous_12)
FN:145,(anonymous_13)
FNF:5
FNH:5
FNDA:5,(anonymous_8)
FNDA:3,(anonymous_9)
FNDA:1,(anonymous_10)
FNDA:6,(anonymous_12)
FNDA:1,(anonymous_13)
DA:1,1
DA:2,1
DA:3,1
DA:4,1
DA:9,1
DA:18,11
DA:23,11
DA:24,1
DA:29,10
DA:30,1
DA:35,9
DA:36,9
DA:43,9
DA:44,2
DA:49,7
DA:50,5
DA:55,5
DA:57,2
DA:58,3
DA:59,1
DA:60,1
DA:69,1
DA:76,10
DA:87,10
DA:88,1
DA:93,9
DA:94,1
DA:98,8
DA:99,1
DA:103,7
DA:104,1
DA:108,6
DA:109,6
DA:110,6
DA:112,6
DA:113,1
DA:118,5
DA:119,1
DA:124,4
DA:125,1
DA:130,3
DA:131,1
DA:136,6
DA:138,2
DA:139,1
DA:144,1
DA:145,1
DA:146,1
DA:157,1
LF:49
LH:49
BRDA:23,0,0,1
BRDA:23,0,1,10
BRDA:29,1,0,1
BRDA:29,1,1,9
BRDA:43,2,0,2
BRDA:43,2,1,7
BRDA:49,3,0,5
BRDA:49,3,1,2
BRDA:55,4,0,5
BRDA:55,4,1,2
BRDA:57,5,0,1
BRDA:57,5,1,1
BRDA:87,6,0,1
BRDA:87,6,1,9
BRDA:93,7,0,1
BRDA:93,7,1,8
BRDA:98,8,0,1
BRDA:98,8,1,7
BRDA:103,9,0,1
BRDA:103,9,1,6
BRDA:112,10,0,1
BRDA:112,10,1,5
BRDA:118,11,0,1
BRDA:118,11,1,4
BRDA:124,12,0,1
BRDA:124,12,1,3
BRDA:130,13,0,1
BRDA:130,13,1,2
BRDA:138,14,0,1
BRDA:138,14,1,1
BRF:30
BRH:30
end_of_record
TN:
SF:C:\Users\Samuel Adafia\Documents\Andela Bootcamp\Cycle 5\banka\server\controllers\v2/accountsControllerDb.js
FN:11,(anonymous_7)
FN:16,(anonymous_10)
FN:55,(anonymous_15)
FN:125,(anonymous_20)
FN:157,(anonymous_25)
FN:209,(anonymous_30)
FN:245,(anonymous_35)
FNF:7
FNH:6
FNDA:110,(anonymous_7)
FNDA:0,(anonymous_10)
FNDA:5,(anonymous_15)
FNDA:3,(anonymous_20)
FNDA:3,(anonymous_25)
FNDA:3,(anonymous_30)
FNDA:3,(anonymous_35)
DA:1,1
DA:2,1
DA:3,1
DA:4,1
DA:5,1
DA:6,1
DA:7,1
DA:8,1
DA:11,395
DA:13,0
DA:15,0
DA:16,0
DA:17,0
DA:18,0
DA:23,0
DA:24,0
DA:26,0
DA:40,6
DA:47,6
DA:54,5
DA:55,5
DA:56,5
DA:57,0
DA:62,5
DA:63,0
DA:68,5
DA:71,5
DA:72,5
DA:81,4
DA:83,4
DA:84,4
DA:87,4
DA:106,4
DA:110,4
DA:118,3
DA:119,3
DA:120,3
DA:123,3
DA:125,3
DA:126,3
DA:127,0
DA:131,3
DA:132,1
DA:138,3
DA:156,3
DA:157,3
DA:158,3
DA:159,0
DA:164,3
DA:174,2
DA:175,2
DA:183,1
DA:198,4
DA:201,4
DA:208,3
DA:209,3
DA:210,3
DA:211,0
DA:216,3
DA:220,3
DA:221,3
DA:244,3
DA:245,3
DA:246,3
DA:247,0
DA:252,3
DA:263,1
DA:267,1
DA:268,1
DA:269,1
DA:270,0
DA:276,1
DA:277,1
DA:293,1
LF:74
LH:59
BRDA:11,0,0,0
BRDA:11,0,1,0
BRDA:11,0,2,0
BRDA:11,0,3,0
BRDA:11,0,4,0
BRDA:17,1,0,0
BRDA:17,1,1,0
BRDA:23,2,0,0
BRDA:23,2,1,0
BRDA:11,3,0,10
BRDA:11,3,1,8
BRDA:11,3,2,8
BRDA:11,3,3,5
BRDA:11,3,4,4
BRDA:11,3,5,1
BRDA:11,3,6,0
BRDA:11,3,7,10
BRDA:11,4,0,22
BRDA:11,4,1,15
BRDA:56,5,0,0
BRDA:56,5,1,5
BRDA:62,6,0,0
BRDA:62,6,1,5
BRDA:11,7,0,7
BRDA:11,7,1,5
BRDA:11,7,2,5
BRDA:11,7,3,4
BRDA:11,7,4,1
BRDA:11,7,5,0
BRDA:11,7,6,1
BRDA:11,7,7,0
BRDA:11,7,8,7
BRDA:126,8,0,0
BRDA:126,8,1,3
BRDA:131,9,0,1
BRDA:131,9,1,2
BRDA:158,10,0,0
BRDA:158,10,1,3
BRDA:210,11,0,0
BRDA:210,11,1,3
BRDA:11,12,0,3
BRDA:11,12,1,1
BRDA:11,12,2,1
BRDA:11,12,3,1
BRDA:11,12,4,1
BRDA:11,12,5,0
BRDA:11,12,6,3
BRDA:246,13,0,0
BRDA:246,13,1,3
BRDA:269,14,0,0
BRDA:269,14,1,1
BRF:51
BRH:31
end_of_record
TN:
SF:C:\Users\Samuel Adafia\Documents\Andela Bootcamp\Cycle 5\banka\server\controllers\v2/transactionsControllerDb.js
FN:9,(anonymous_7)
FN:14,(anonymous_10)
FN:33,(anonymous_15)
FN:106,(anonymous_20)
FN:175,(anonymous_25)
FN:224,(anonymous_30)
FNF:6
FNH:4
FNDA:71,(anonymous_7)
FNDA:0,(anonymous_10)
FNDA:4,(anonymous_15)
FNDA:4,(anonymous_20)
FNDA:1,(anonymous_25)
FNDA:0,(anonymous_30)
DA:1,1
DA:2,1
DA:3,1
DA:4,1
DA:5,1
DA:6,1
DA:7,1
DA:9,303
DA:11,0
DA:13,0
DA:14,0
DA:15,0
DA:16,0
DA:20,0
DA:21,0
DA:23,0
DA:32,4
DA:33,4
DA:34,4
DA:35,0
DA:39,4
DA:40,2
DA:44,2
DA:47,4
DA:48,4
DA:50,4
DA:54,4
DA:62,3
DA:65,3
DA:78,3
DA:79,3
DA:80,3
DA:81,3
DA:82,3
DA:84,3
DA:85,3
DA:86,1
DA:105,4
DA:106,4
DA:107,4
DA:108,0
DA:112,4
DA:113,2
DA:119,2
DA:122,4
DA:123,4
DA:125,4
DA:129,4
DA:137,4
DA:140,4
DA:147,3
DA:148,3
DA:149,3
DA:150,3
DA:151,3
DA:153,3
DA:154,3
DA:155,1
DA:174,1
DA:175,1
DA:176,1
DA:177,0
DA:182,1
DA:186,1
DA:187,1
DA:188,1
DA:189,1
DA:190,1
DA:192,1
DA:220,0
DA:223,0
DA:224,0
DA:225,0
DA:226,0
DA:231,0
DA:234,0
DA:242,0
DA:243,0
DA:251,0
DA:252,0
DA:255,0
DA:256,0
DA:281,1
LF:83
LH:59
BRDA:9,0,0,0
BRDA:9,0,1,0
BRDA:9,0,2,0
BRDA:9,0,3,0
BRDA:9,0,4,0
BRDA:15,1,0,0
BRDA:15,1,1,0
BRDA:20,2,0,0
BRDA:20,2,1,0
BRDA:9,3,0,4
BRDA:9,3,1,4
BRDA:9,3,2,3
BRDA:9,3,3,3
BRDA:9,3,4,3
BRDA:9,3,5,3
BRDA:9,3,6,3
BRDA:9,3,7,1
BRDA:9,3,8,0
BRDA:9,3,9,0
BRDA:9,3,10,2
BRDA:9,3,11,0
BRDA:9,3,12,4
BRDA:34,4,0,0
BRDA:34,4,1,4
BRDA:39,5,0,2
BRDA:39,5,1,2
BRDA:9,6,0,19
BRDA:9,6,1,9
BRDA:9,7,0,4
BRDA:9,7,1,4
BRDA:9,7,2,4
BRDA:9,7,3,4
BRDA:9,7,4,4
BRDA:9,7,5,3
BRDA:9,7,6,1
BRDA:9,7,7,1
BRDA:9,7,8,0
BRDA:9,7,9,2
BRDA:9,7,10,0
BRDA:9,7,11,4
BRDA:107,8,0,0
BRDA:107,8,1,4
BRDA:112,9,0,2
BRDA:112,9,1,2
BRDA:9,10,0,1
BRDA:9,10,1,1
BRDA:9,10,2,1
BRDA:9,10,3,1
BRDA:9,10,4,1
BRDA:9,10,5,0
BRDA:9,10,6,0
BRDA:9,10,7,0
BRDA:9,10,8,0
BRDA:9,10,9,0
BRDA:9,10,10,1
BRDA:176,11,0,0
BRDA:176,11,1,1
BRDA:9,12,0,0
BRDA:9,12,1,0
BRDA:9,12,2,0
BRDA:9,12,3,0
BRDA:9,12,4,0
BRDA:9,12,5,0
BRDA:9,12,6,0
BRDA:9,12,7,0
BRDA:9,12,8,0
BRDA:9,12,9,0
BRDA:225,13,0,0
BRDA:225,13,1,0
BRF:69
BRH:35
end_of_record
TN:
SF:C:\Users\Samuel Adafia\Documents\Andela Bootcamp\Cycle 5\banka\server\controllers\v2/usersControllerDb.js
FN:11,(anonymous_7)
FN:16,(anonymous_10)
FN:71,(anonymous_15)
FN:114,(anonymous_20)
FN:166,(anonymous_25)
FN:197,(anonymous_26)
FNF:6
FNH:5
FNDA:76,(anonymous_7)
FNDA:0,(anonymous_10)
FNDA:3,(anonymous_15)
FNDA:1,(anonymous_20)
FNDA:3,(anonymous_25)
FNDA:1,(anonymous_26)
DA:1,1
DA:2,1
DA:3,1
DA:4,1
DA:5,1
DA:6,1
DA:7,1
DA:8,1
DA:9,1
DA:11,284
DA:13,0
DA:15,0
DA:16,0
DA:17,0
DA:18,0
DA:23,0
DA:24,0
DA:26,0
DA:39,9
DA:47,9
DA:54,4
DA:55,4
DA:57,4
DA:58,4
DA:65,3
DA:66,3
DA:69,3
DA:70,3
DA:71,3
DA:72,3
DA:91,3
DA:96,3
DA:103,3
DA:104,3
DA:106,2
DA:108,1
DA:114,1
DA:115,1
DA:116,1
DA:143,4
DA:155,4
DA:162,3
DA:163,3
DA:165,3
DA:166,3
DA:167,3
DA:168,0
DA:173,3
DA:183,2
DA:184,2
DA:191,1
DA:192,1
DA:195,1
DA:196,1
DA:197,1
DA:198,1
DA:222,1
LF:57
LH:48
BRDA:11,0,0,0
BRDA:11,0,1,0
BRDA:11,0,2,0
BRDA:11,0,3,0
BRDA:11,0,4,0
BRDA:17,1,0,0
BRDA:17,1,1,0
BRDA:23,2,0,0
BRDA:23,2,1,0
BRDA:11,3,0,12
BRDA:11,3,1,7
BRDA:11,3,2,7
BRDA:11,3,3,4
BRDA:11,3,4,4
BRDA:11,3,5,1
BRDA:11,3,6,4
BRDA:11,3,7,12
BRDA:11,4,0,18
BRDA:11,4,1,12
BRDA:115,5,0,0
BRDA:115,5,1,1
BRDA:11,6,0,4
BRDA:11,6,1,3
BRDA:11,6,2,2
BRDA:11,6,3,2
BRDA:11,6,4,1
BRDA:11,6,5,1
BRDA:11,6,6,0
BRDA:11,6,7,1
BRDA:11,6,8,4
BRDA:167,7,0,0
BRDA:167,7,1,3
BRF:32
BRH:20
end_of_record
TN:
SF:C:\Users\Samuel Adafia\Documents\Andela Bootcamp\Cycle 5\banka\server\helpers/accountsValidation.js
FNF:0
FNH:0
DA:1,1
DA:3,1
DA:11,1
LF:3
LH:3
BRF:0
BRH:0
end_of_record
TN:
SF:C:\Users\Samuel Adafia\Documents\Andela Bootcamp\Cycle 5\banka\server\helpers/activateDeactivateValidation.js
FNF:0
FNH:0
DA:1,1
DA:3,1
DA:8,1
LF:3
LH:3
BRF:0
BRH:0
end_of_record
TN:
SF:C:\Users\Samuel Adafia\Documents\Andela Bootcamp\Cycle 5\banka\server\helpers/adminCreateSchema.js
FN:10,(anonymous_1)
FNF:1
FNH:0
FNDA:0,(anonymous_1)
DA:1,1
DA:3,1
DA:11,0
DA:18,1
LF:4
LH:3
BRF:0
BRH:0
end_of_record
TN:
SF:C:\Users\Samuel Adafia\Documents\Andela Bootcamp\Cycle 5\banka\server\helpers/checkToken.js
FN:2,checkToken
FNF:1
FNH:1
FNDA:33,checkToken
DA:2,1
DA:3,33
DA:5,33
DA:6,33
DA:7,33
DA:9,33
DA:10,33
DA:12,0
DA:19,1
LF:9
LH:8
BRDA:5,0,0,33
BRDA:5,0,1,0
BRF:2
BRH:1
end_of_record
TN:
SF:C:\Users\Samuel Adafia\Documents\Andela Bootcamp\Cycle 5\banka\server\helpers/loginValidation.js
FN:5,(anonymous_1)
FNF:1
FNH:0
FNDA:0,(anonymous_1)
DA:1,1
DA:3,1
DA:6,0
DA:12,1
LF:4
LH:3
BRF:0
BRH:0
end_of_record
TN:
SF:C:\Users\Samuel Adafia\Documents\Andela Bootcamp\Cycle 5\banka\server\helpers/specificTransactionValidation.js
FNF:0
FNH:0
DA:1,1
DA:3,1
DA:7,1
LF:3
LH:3
BRF:0
BRH:0
end_of_record
TN:
SF:C:\Users\Samuel Adafia\Documents\Andela Bootcamp\Cycle 5\banka\server\helpers/transactionValidation.js
FNF:0
FNH:0
DA:1,1
DA:3,1
DA:8,1
LF:3
LH:3
BRF:0
BRH:0
end_of_record
TN:
SF:C:\Users\Samuel Adafia\Documents\Andela Bootcamp\Cycle 5\banka\server\helpers/userValidation.js
FN:8,(anonymous_1)
FNF:1
FNH:1
FNDA:1,(anonymous_1)
DA:1,1
DA:3,1
DA:9,1
DA:16,1
LF:4
LH:4
BRF:0
BRH:0
end_of_record
TN:
SF:C:\Users\Samuel Adafia\Documents\Andela Bootcamp\Cycle 5\banka\server\helpers/viewAccount.js
FNF:0
FNH:0
DA:1,1
DA:3,1
DA:7,1
LF:3
LH:3
BRF:0
BRH:0
end_of_record
TN:
SF:C:\Users\Samuel Adafia\Documents\Andela Bootcamp\Cycle 5\banka\server\models\v1/Account.js
FNF:0
FNH:0
DA:1,1
DA:52,1
LF:2
LH:2
BRF:0
BRH:0
end_of_record
TN:
SF:C:\Users\Samuel Adafia\Documents\Andela Bootcamp\Cycle 5\banka\server\models\v1/Transactions.js
FNF:0
FNH:0
DA:1,1
DA:35,1
LF:2
LH:2
BRF:0
BRH:0
end_of_record
TN:
SF:C:\Users\Samuel Adafia\Documents\Andela Bootcamp\Cycle 5\banka\server\models\v1/Users.js
FNF:0
FNH:0
DA:1,1
DA:35,1
LF:2
LH:2
BRF:0
BRH:0
end_of_record
TN:
SF:C:\Users\Samuel Adafia\Documents\Andela Bootcamp\Cycle 5\banka\server\models\v2/index.js
FN:23,query
FN:25,(anonymous_2)
FN:27,(anonymous_3)
FN:30,(anonymous_4)
FNF:4
FNH:3
FNDA:62,query
FNDA:62,(anonymous_2)
FNDA:62,(anonymous_3)
FNDA:0,(anonymous_4)
DA:1,1
DA:2,1
DA:5,1
DA:6,0
DA:11,1
DA:12,0
DA:16,1
DA:23,1
DA:25,62
DA:26,62
DA:28,62
DA:31,0
LF:12
LH:9
BRDA:5,0,0,0
BRDA:5,0,1,1
BRDA:11,1,0,0
BRDA:11,1,1,1
BRF:4
BRH:2
end_of_record
TN:
SF:C:\Users\Samuel Adafia\Documents\Andela Bootcamp\Cycle 5\banka\server\routes\api\v1/accountsRoutes.js
FNF:0
FNH:0
DA:1,1
DA:2,1
DA:4,1
DA:6,1
DA:7,1
DA:8,1
DA:9,1
DA:11,1
LF:8
LH:8
BRF:0
BRH:0
end_of_record
TN:
SF:C:\Users\Samuel Adafia\Documents\Andela Bootcamp\Cycle 5\banka\server\routes\api\v1/index.js
FNF:0
FNH:0
DA:1,1
DA:2,1
DA:3,1
DA:4,1
DA:6,1
DA:7,1
DA:8,1
DA:9,1
DA:11,1
LF:9
LH:9
BRF:0
BRH:0
end_of_record
TN:
SF:C:\Users\Samuel Adafia\Documents\Andela Bootcamp\Cycle 5\banka\server\routes\api\v1/transactionsRoutes.js
FNF:0
FNH:0
DA:1,1
DA:2,1
DA:4,1
DA:6,1
DA:7,1
DA:8,1
DA:11,1
LF:7
LH:7
BRF:0
BRH:0
end_of_record
TN:
SF:C:\Users\Samuel Adafia\Documents\Andela Bootcamp\Cycle 5\banka\server\routes\api\v1/usersRoutes.js
FNF:0
FNH:0
DA:1,1
DA:2,1
DA:4,1
DA:6,1
DA:7,1
DA:8,1
DA:10,1
LF:7
LH:7
BRF:0
BRH:0
end_of_record
TN:
SF:C:\Users\Samuel Adafia\Documents\Andela Bootcamp\Cycle 5\banka\server\routes\api\v2/accountsDbRoutes.js
FNF:0
FNH:0
DA:1,1
DA:2,1
DA:3,1
DA:5,1
DA:7,1
DA:8,1
DA:9,1
DA:10,1
DA:11,1
DA:12,1
DA:14,1
LF:11
LH:11
BRF:0
BRH:0
end_of_record
TN:
SF:C:\Users\Samuel Adafia\Documents\Andela Bootcamp\Cycle 5\banka\server\routes\api\v2/index.js
FNF:0
FNH:0
DA:1,1
DA:2,1
DA:3,1
DA:4,1
DA:6,1
DA:7,1
DA:8,1
DA:9,1
DA:12,1
LF:9
LH:9
BRF:0
BRH:0
end_of_record
TN:
SF:C:\Users\Samuel Adafia\Documents\Andela Bootcamp\Cycle 5\banka\server\routes\api\v2/transactionsDbRoutes.js
FNF:0
FNH:0
DA:1,1
DA:2,1
DA:3,1
DA:5,1
DA:7,1
DA:8,1
DA:9,1
DA:10,1
DA:11,1
DA:14,1
LF:10
LH:10
BRF:0
BRH:0
end_of_record
TN:
SF:C:\Users\Samuel Adafia\Documents\Andela Bootcamp\Cycle 5\banka\server\routes\api\v2/usersDbRoutes.js
FNF:0
FNH:0
DA:1,1
DA:2,1
DA:3,1
DA:5,1
DA:7,1
DA:8,1
DA:9,1
DA:10,1
DA:12,1
LF:9
LH:9
BRF:0
BRH:0
end_of_record
