TN:
SF:C:\Users\Samuel Adafia\Documents\Andela Bootcamp\Cycle 5\banka\server/server.js
FN:32,(anonymous_1)
FNF:1
FNH:1
FNDA:1,(anonymous_1)
DA:1,1
DA:2,1
DA:3,1
DA:4,1
DA:5,1
DA:6,1
DA:7,1
DA:8,1
DA:10,1
DA:15,1
DA:17,1
DA:20,1
DA:23,1
DA:26,1
DA:27,1
DA:30,1
DA:32,1
DA:34,1
LF:18
LH:18
BRDA:30,0,0,1
BRDA:30,0,1,1
BRF:2
BRH:2
end_of_record
TN:
SF:C:\Users\Samuel Adafia\Documents\Andela Bootcamp\Cycle 5\banka\server\config/devKeys.js
FNF:0
FNH:0
DA:1,1
DA:2,1
DA:4,1
LF:3
LH:3
BRF:0
BRH:0
end_of_record
TN:
SF:C:\Users\Samuel Adafia\Documents\Andela Bootcamp\Cycle 5\banka\server\config/keys.js
FNF:0
FNH:0
DA:1,1
DA:2,1
DA:3,1
DA:6,1
DA:7,0
DA:11,1
DA:12,0
DA:14,1
DA:17,1
DA:18,1
LF:10
LH:8
BRDA:6,0,0,0
BRDA:6,0,1,1
BRDA:11,1,0,0
BRDA:11,1,1,1
BRF:4
BRH:2
end_of_record
TN:
SF:C:\Users\Samuel Adafia\Documents\Andela Bootcamp\Cycle 5\banka\server\config/prodKeys.js
FNF:0
FNH:0
DA:1,1
LF:1
LH:1
BRF:0
BRH:0
end_of_record
TN:
SF:C:\Users\Samuel Adafia\Documents\Andela Bootcamp\Cycle 5\banka\server\config/testKeys.js
FNF:0
FNH:0
DA:1,1
DA:2,1
DA:4,1
LF:3
LH:3
BRF:0
BRH:0
end_of_record
TN:
SF:C:\Users\Samuel Adafia\Documents\Andela Bootcamp\Cycle 5\banka\server\controllers\v1/accountsController.js
FN:88,(anonymous_8)
FN:96,(anonymous_9)
FN:169,(anonymous_11)
FN:179,(anonymous_12)
FN:182,(anonymous_13)
FN:247,(anonymous_15)
FN:255,(anonymous_16)
FN:258,(anonymous_17)
FNF:8
FNH:8
FNDA:7,(anonymous_8)
FNDA:6,(anonymous_9)
FNDA:15,(anonymous_11)
FNDA:10,(anonymous_12)
FNDA:15,(anonymous_13)
FNDA:9,(anonymous_15)
FNDA:5,(anonymous_16)
FNDA:4,(anonymous_17)
DA:1,1
DA:2,1
DA:7,1
DA:16,11
DA:29,11
DA:30,1
DA:36,10
DA:37,1
DA:43,9
DA:44,1
DA:50,8
DA:51,1
DA:57,7
DA:58,7
DA:60,7
DA:61,1
DA:67,6
DA:68,1
DA:74,5
DA:75,1
DA:81,4
DA:82,1
DA:88,7
DA:90,3
DA:91,1
DA:96,6
DA:97,2
DA:100,2
DA:101,2
DA:102,1
DA:109,1
DA:110,1
DA:119,11
DA:124,11
DA:125,1
DA:131,10
DA:132,1
DA:138,9
DA:139,9
DA:141,9
DA:142,1
DA:148,8
DA:149,1
DA:155,7
DA:156,1
DA:162,6
DA:163,1
DA:169,15
DA:171,5
DA:172,1
DA:179,10
DA:180,4
DA:181,3
DA:182,3
DA:183,15
DA:185,3
DA:186,2
DA:187,1
DA:193,2
DA:194,2
DA:202,1
DA:211,7
DA:216,7
DA:217,1
DA:223,6
DA:224,1
DA:230,5
DA:231,5
DA:233,5
DA:234,1
DA:240,4
DA:241,1
DA:247,9
DA:249,3
DA:250,1
DA:255,5
DA:257,2
DA:258,1
DA:259,4
DA:260,1
DA:261,1
DA:264,1
DA:270,1
DA:279,1
LF:84
LH:84
BRDA:29,0,0,1
BRDA:29,0,1,10
BRDA:36,1,0,1
BRDA:36,1,1,9
BRDA:43,2,0,1
BRDA:43,2,1,8
BRDA:50,3,0,1
BRDA:50,3,1,7
BRDA:60,4,0,1
BRDA:60,4,1,6
BRDA:67,5,0,1
BRDA:67,5,1,5
BRDA:74,6,0,1
BRDA:74,6,1,4
BRDA:81,7,0,1
BRDA:81,7,1,3
BRDA:90,8,0,1
BRDA:90,8,1,2
BRDA:100,9,0,2
BRDA:100,9,1,0
BRDA:101,10,0,1
BRDA:101,10,1,1
BRDA:124,11,0,1
BRDA:124,11,1,10
BRDA:131,12,0,1
BRDA:131,12,1,9
BRDA:141,13,0,1
BRDA:141,13,1,8
BRDA:148,14,0,1
BRDA:148,14,1,7
BRDA:155,15,0,1
BRDA:155,15,1,6
BRDA:162,16,0,1
BRDA:162,16,1,5
BRDA:169,17,0,15
BRDA:169,17,1,5
BRDA:169,17,2,5
BRDA:171,18,0,1
BRDA:171,18,1,4
BRDA:180,19,0,3
BRDA:180,19,1,1
BRDA:183,20,0,3
BRDA:183,20,1,12
BRDA:185,21,0,2
BRDA:185,21,1,1
BRDA:186,22,0,1
BRDA:186,22,1,1
BRDA:193,23,0,2
BRDA:193,23,1,0
BRDA:216,24,0,1
BRDA:216,24,1,6
BRDA:223,25,0,1
BRDA:223,25,1,5
BRDA:233,26,0,1
BRDA:233,26,1,4
BRDA:240,27,0,1
BRDA:240,27,1,3
BRDA:247,28,0,9
BRDA:247,28,1,3
BRDA:247,28,2,3
BRDA:249,29,0,1
BRDA:249,29,1,2
BRDA:257,30,0,1
BRDA:257,30,1,1
BRDA:259,31,0,1
BRDA:259,31,1,3
BRF:66
BRH:64
end_of_record
TN:
SF:C:\Users\Samuel Adafia\Documents\Andela Bootcamp\Cycle 5\banka\server\controllers\v1/transactionsController.js
FN:39,(anonymous_8)
FN:47,(anonymous_9)
FN:55,(anonymous_10)
FN:63,(anonymous_11)
FN:99,(anonymous_13)
FN:107,(anonymous_14)
FN:115,(anonymous_15)
FN:123,(anonymous_16)
FNF:8
FNH:8
FNDA:10,(anonymous_8)
FNDA:9,(anonymous_9)
FNDA:6,(anonymous_10)
FNDA:4,(anonymous_11)
FNDA:13,(anonymous_13)
FNDA:12,(anonymous_14)
FNDA:8,(anonymous_15)
FNDA:8,(anonymous_16)
DA:1,1
DA:2,1
DA:3,1
DA:7,1
DA:15,6
DA:25,6
DA:26,1
DA:32,5
DA:33,1
DA:39,10
DA:40,4
DA:41,1
DA:47,9
DA:48,3
DA:49,1
DA:55,6
DA:56,2
DA:57,1
DA:63,4
DA:64,1
DA:65,1
DA:66,1
DA:75,7
DA:85,7
DA:86,1
DA:92,6
DA:93,1
DA:99,13
DA:100,5
DA:101,1
DA:107,12
DA:108,4
DA:109,1
DA:115,8
DA:116,3
DA:117,1
DA:123,8
DA:124,2
DA:125,2
DA:126,1
DA:127,1
DA:128,1
DA:135,1
DA:136,1
DA:149,1
LF:45
LH:45
BRDA:25,0,0,1
BRDA:25,0,1,5
BRDA:32,1,0,1
BRDA:32,1,1,4
BRDA:40,2,0,1
BRDA:40,2,1,3
BRDA:48,3,0,1
BRDA:48,3,1,2
BRDA:56,4,0,1
BRDA:56,4,1,1
BRDA:85,5,0,1
BRDA:85,5,1,6
BRDA:92,6,0,1
BRDA:92,6,1,5
BRDA:100,7,0,1
BRDA:100,7,1,4
BRDA:108,8,0,1
BRDA:108,8,1,3
BRDA:116,9,0,1
BRDA:116,9,1,2
BRDA:125,10,0,1
BRDA:125,10,1,1
BRDA:135,11,0,1
BRDA:135,11,1,0
BRF:24
BRH:23
end_of_record
TN:
SF:C:\Users\Samuel Adafia\Documents\Andela Bootcamp\Cycle 5\banka\server\controllers\v1/usersController.js
FN:55,(anonymous_8)
FN:58,(anonymous_9)
FN:59,(anonymous_10)
FN:136,(anonymous_12)
FN:145,(anonymous_13)
FNF:5
FNH:5
FNDA:5,(anonymous_8)
FNDA:3,(anonymous_9)
FNDA:1,(anonymous_10)
FNDA:6,(anonymous_12)
FNDA:1,(anonymous_13)
DA:1,1
DA:2,1
DA:3,1
DA:4,1
DA:9,1
DA:18,11
DA:23,11
DA:24,1
DA:29,10
DA:30,1
DA:35,9
DA:36,9
DA:43,9
DA:44,2
DA:49,7
DA:50,5
DA:55,5
DA:57,2
DA:58,3
DA:59,1
DA:60,1
DA:69,1
DA:76,10
DA:87,10
DA:88,1
DA:93,9
DA:94,1
DA:98,8
DA:99,1
DA:103,7
DA:104,1
DA:108,6
DA:109,6
DA:110,6
DA:112,6
DA:113,1
DA:118,5
DA:119,1
DA:124,4
DA:125,1
DA:130,3
DA:131,1
DA:136,6
DA:138,2
DA:139,1
DA:144,1
DA:145,1
DA:146,1
DA:157,1
LF:49
LH:49
BRDA:23,0,0,1
BRDA:23,0,1,10
BRDA:29,1,0,1
BRDA:29,1,1,9
BRDA:43,2,0,2
BRDA:43,2,1,7
BRDA:49,3,0,5
BRDA:49,3,1,2
BRDA:55,4,0,5
BRDA:55,4,1,2
BRDA:57,5,0,1
BRDA:57,5,1,1
BRDA:87,6,0,1
BRDA:87,6,1,9
BRDA:93,7,0,1
BRDA:93,7,1,8
BRDA:98,8,0,1
BRDA:98,8,1,7
BRDA:103,9,0,1
BRDA:103,9,1,6
BRDA:112,10,0,1
BRDA:112,10,1,5
BRDA:118,11,0,1
BRDA:118,11,1,4
BRDA:124,12,0,1
BRDA:124,12,1,3
BRDA:130,13,0,1
BRDA:130,13,1,2
BRDA:138,14,0,1
BRDA:138,14,1,1
BRF:30
BRH:30
end_of_record
TN:
SF:C:\Users\Samuel Adafia\Documents\Andela Bootcamp\Cycle 5\banka\server\controllers\v2/accountsControllerDb.js
FN:12,(anonymous_7)
FN:17,(anonymous_10)
FN:56,(anonymous_15)
FN:108,(anonymous_20)
FN:166,(anonymous_25)
FN:218,(anonymous_30)
FN:254,(anonymous_35)
FN:302,(anonymous_40)
FNF:8
FNH:6
FNDA:108,(anonymous_7)
FNDA:0,(anonymous_10)
FNDA:5,(anonymous_15)
FNDA:4,(anonymous_20)
FNDA:3,(anonymous_25)
FNDA:3,(anonymous_30)
FNDA:3,(anonymous_35)
FNDA:0,(anonymous_40)
DA:1,1
DA:2,1
DA:3,1
DA:4,1
DA:5,1
DA:6,1
DA:7,1
DA:8,1
DA:9,1
DA:12,396
DA:14,0
DA:16,0
DA:17,0
DA:18,0
DA:19,0
DA:24,0
DA:25,0
DA:27,0
DA:41,6
DA:48,6
DA:55,5
DA:56,5
DA:57,5
DA:58,0
DA:63,5
DA:64,0
DA:69,5
DA:72,5
DA:73,5
DA:82,4
DA:84,4
DA:85,4
DA:88,4
DA:108,4
DA:109,4
DA:110,0
DA:115,4
DA:125,3
DA:129,3
DA:137,2
DA:138,2
DA:139,2
DA:142,2
DA:149,2
DA:165,3
DA:166,3
DA:167,3
DA:168,0
DA:173,3
DA:183,2
DA:184,2
DA:192,1
DA:207,4
DA:210,4
DA:217,3
DA:218,3
DA:219,3
DA:220,0
DA:225,3
DA:229,3
DA:230,3
DA:253,3
DA:254,3
DA:255,3
DA:256,0
DA:261,3
DA:272,1
DA:276,1
DA:277,1
DA:278,1
DA:279,0
DA:285,1
DA:286,1
DA:301,0
DA:302,0
DA:303,0
DA:304,0
DA:309,0
DA:320,0
DA:324,0
DA:333,0
DA:334,0
DA:347,0
DA:348,0
DA:361,0
DA:362,0
DA:379,1
LF:87
LH:59
BRDA:12,0,0,0
BRDA:12,0,1,0
BRDA:12,0,2,0
BRDA:12,0,3,0
BRDA:12,0,4,0
BRDA:18,1,0,0
BRDA:18,1,1,0
BRDA:24,2,0,0
BRDA:24,2,1,0
BRDA:12,3,0,10
BRDA:12,3,1,8
BRDA:12,3,2,8
BRDA:12,3,3,5
BRDA:12,3,4,4
BRDA:12,3,5,1
BRDA:12,3,6,0
BRDA:12,3,7,10
BRDA:12,4,0,26
BRDA:12,4,1,13
BRDA:57,5,0,0
BRDA:57,5,1,5
BRDA:63,6,0,0
BRDA:63,6,1,5
BRDA:12,7,0,4
BRDA:12,7,1,3
BRDA:12,7,2,2
BRDA:12,7,3,2
BRDA:12,7,4,2
BRDA:12,7,5,2
BRDA:12,7,6,0
BRDA:12,7,7,0
BRDA:12,7,8,0
BRDA:12,7,9,4
BRDA:109,8,0,0
BRDA:109,8,1,4
BRDA:12,9,0,3
BRDA:12,9,1,2
BRDA:12,9,2,2
BRDA:12,9,3,1
BRDA:12,9,4,1
BRDA:12,9,5,0
BRDA:12,9,6,0
BRDA:12,9,7,0
BRDA:12,9,8,3
BRDA:167,10,0,0
BRDA:167,10,1,3
BRDA:219,11,0,0
BRDA:219,11,1,3
BRDA:12,12,0,3
BRDA:12,12,1,1
BRDA:12,12,2,1
BRDA:12,12,3,1
BRDA:12,12,4,1
BRDA:12,12,5,0
BRDA:12,12,6,3
BRDA:255,13,0,0
BRDA:255,13,1,3
BRDA:278,14,0,0
BRDA:278,14,1,1
BRDA:12,15,0,0
BRDA:12,15,1,0
BRDA:12,15,2,0
BRDA:12,15,3,0
BRDA:12,15,4,0
BRDA:12,15,5,0
BRDA:12,15,6,0
BRDA:12,15,7,0
BRDA:12,15,8,0
BRDA:12,15,9,0
BRDA:12,15,10,0
BRDA:12,15,11,0
BRDA:12,15,12,0
BRDA:12,15,13,0
BRDA:12,15,14,0
BRDA:303,16,0,0
BRDA:303,16,1,0
BRF:76
BRH:35
end_of_record
TN:
SF:C:\Users\Samuel Adafia\Documents\Andela Bootcamp\Cycle 5\banka\server\controllers\v2/transactionsControllerDb.js
FN:9,(anonymous_7)
FN:14,(anonymous_10)
FN:33,(anonymous_15)
FN:111,(anonymous_20)
FN:180,(anonymous_25)
FN:237,(anonymous_30)
FNF:6
FNH:3
FNDA:40,(anonymous_7)
FNDA:0,(anonymous_10)
FNDA:3,(anonymous_15)
FNDA:4,(anonymous_20)
FNDA:0,(anonymous_25)
FNDA:0,(anonymous_30)
DA:1,1
DA:2,1
DA:3,1
DA:4,1
DA:5,1
DA:6,1
DA:7,1
DA:9,137
DA:11,0
DA:13,0
DA:14,0
DA:15,0
DA:16,0
DA:20,0
DA:21,0
DA:23,0
DA:32,3
DA:33,3
DA:34,3
DA:35,0
DA:40,3
DA:49,1
DA:50,1
DA:52,1
DA:56,1
DA:64,0
DA:67,0
DA:83,0
DA:84,0
DA:85,0
DA:86,0
DA:87,0
DA:89,0
DA:90,0
DA:91,0
DA:110,4
DA:111,4
DA:112,4
DA:113,0
DA:118,4
DA:127,2
DA:128,2
DA:130,2
DA:134,2
DA:142,2
DA:145,2
DA:152,1
DA:153,1
DA:154,1
DA:155,1
DA:156,1
DA:158,1
DA:159,1
DA:160,0
DA:179,0
DA:180,0
DA:181,0
DA:182,0
DA:187,0
DA:191,0
DA:192,0
DA:193,0
DA:200,0
DA:201,0
DA:202,0
DA:211,0
DA:212,0
DA:233,0
DA:236,0
DA:237,0
DA:238,0
DA:239,0
DA:244,0
DA:247,0
DA:255,0
DA:256,0
DA:264,0
DA:265,0
DA:268,0
DA:269,0
DA:294,1
LF:81
LH:34
BRDA:9,0,0,0
BRDA:9,0,1,0
BRDA:9,0,2,0
BRDA:9,0,3,0
BRDA:9,0,4,0
BRDA:15,1,0,0
BRDA:15,1,1,0
BRDA:20,2,0,0
BRDA:20,2,1,0
BRDA:9,3,0,3
BRDA:9,3,1,1
BRDA:9,3,2,1
BRDA:9,3,3,0
BRDA:9,3,4,0
BRDA:9,3,5,0
BRDA:9,3,6,0
BRDA:9,3,7,0
BRDA:9,3,8,0
BRDA:9,3,9,0
BRDA:9,3,10,0
BRDA:9,3,11,0
BRDA:9,3,12,0
BRDA:9,3,13,3
BRDA:34,4,0,0
BRDA:34,4,1,3
BRDA:9,5,0,8
BRDA:9,5,1,6
BRDA:9,6,0,4
BRDA:9,6,1,2
BRDA:9,6,2,2
BRDA:9,6,3,2
BRDA:9,6,4,2
BRDA:9,6,5,2
BRDA:9,6,6,1
BRDA:9,6,7,0
BRDA:9,6,8,1
BRDA:9,6,9,0
BRDA:9,6,10,1
BRDA:9,6,11,0
BRDA:9,6,12,4
BRDA:112,7,0,0
BRDA:112,7,1,4
BRDA:9,8,0,0
BRDA:9,8,1,0
BRDA:9,8,2,0
BRDA:9,8,3,0
BRDA:9,8,4,0
BRDA:9,8,5,0
BRDA:9,8,6,0
BRDA:9,8,7,0
BRDA:9,8,8,0
BRDA:181,9,0,0
BRDA:181,9,1,0
BRDA:9,10,0,0
BRDA:9,10,1,0
BRDA:9,10,2,0
BRDA:9,10,3,0
BRDA:9,10,4,0
BRDA:9,10,5,0
BRDA:9,10,6,0
BRDA:9,10,7,0
BRDA:9,10,8,0
BRDA:9,10,9,0
BRDA:238,11,0,0
BRDA:238,11,1,0
BRF:65
BRH:18
end_of_record
TN:
SF:C:\Users\Samuel Adafia\Documents\Andela Bootcamp\Cycle 5\banka\server\controllers\v2/usersControllerDb.js
FN:11,(anonymous_7)
FN:16,(anonymous_10)
FN:58,(anonymous_15)
FN:64,(anonymous_16)
FN:72,(anonymous_17)
FN:74,(anonymous_18)
FN:87,(anonymous_19)
FN:117,(anonymous_24)
FN:169,(anonymous_29)
FN:200,(anonymous_30)
FNF:10
FNH:7
FNDA:71,(anonymous_7)
FNDA:0,(anonymous_10)
FNDA:3,(anonymous_15)
FNDA:0,(anonymous_16)
FNDA:3,(anonymous_17)
FNDA:3,(anonymous_18)
FNDA:0,(anonymous_19)
FNDA:1,(anonymous_24)
FNDA:3,(anonymous_29)
FNDA:1,(anonymous_30)
DA:1,1
DA:2,1
DA:3,1
DA:4,1
DA:5,1
DA:6,1
DA:7,1
DA:8,1
DA:9,1
DA:11,240
DA:13,0
DA:15,0
DA:16,0
DA:17,0
DA:18,0
DA:23,0
DA:24,0
DA:26,0
DA:39,8
DA:47,8
DA:54,3
DA:55,3
DA:57,3
DA:59,3
DA:60,1
DA:65,0
DA:69,3
DA:70,3
DA:73,3
DA:74,3
DA:75,3
DA:88,0
DA:94,3
DA:99,3
DA:106,3
DA:107,3
DA:109,2
DA:111,1
DA:117,1
DA:118,1
DA:119,1
DA:146,4
DA:158,4
DA:165,3
DA:166,3
DA:168,3
DA:169,3
DA:170,3
DA:171,0
DA:176,3
DA:186,2
DA:187,2
DA:194,1
DA:195,1
DA:198,1
DA:199,1
DA:200,1
DA:201,1
DA:225,1
LF:59
LH:48
BRDA:11,0,0,8
BRDA:11,0,1,3
BRDA:11,0,2,3
BRDA:11,0,3,3
BRDA:11,0,4,8
BRDA:17,1,0,0
BRDA:17,1,1,0
BRDA:23,2,0,0
BRDA:23,2,1,0
BRDA:11,3,0,14
BRDA:11,3,1,11
BRDA:59,4,0,1
BRDA:59,4,1,2
BRDA:11,5,0,3
BRDA:11,5,1,3
BRDA:11,5,2,3
BRDA:11,5,3,1
BRDA:11,5,4,1
BRDA:11,5,5,1
BRDA:11,5,6,1
BRDA:11,5,7,3
BRDA:118,6,0,0
BRDA:118,6,1,1
BRDA:11,7,0,4
BRDA:11,7,1,3
BRDA:11,7,2,2
BRDA:11,7,3,2
BRDA:11,7,4,1
BRDA:11,7,5,1
BRDA:11,7,6,0
BRDA:11,7,7,1
BRDA:11,7,8,4
BRDA:170,8,0,0
BRDA:170,8,1,3
BRF:34
BRH:27
end_of_record
TN:
SF:C:\Users\Samuel Adafia\Documents\Andela Bootcamp\Cycle 5\banka\server\helpers/accountsValidation.js
FNF:0
FNH:0
DA:1,1
DA:3,1
DA:11,1
LF:3
LH:3
BRF:0
BRH:0
end_of_record
TN:
SF:C:\Users\Samuel Adafia\Documents\Andela Bootcamp\Cycle 5\banka\server\helpers/activateDeactivateValidation.js
FNF:0
FNH:0
DA:1,1
DA:3,1
DA:8,1
LF:3
LH:3
BRF:0
BRH:0
end_of_record
TN:
SF:C:\Users\Samuel Adafia\Documents\Andela Bootcamp\Cycle 5\banka\server\helpers/adminCreateSchema.js
FN:10,(anonymous_1)
FNF:1
FNH:0
FNDA:0,(anonymous_1)
DA:1,1
DA:3,1
DA:11,0
DA:18,1
LF:4
LH:3
BRF:0
BRH:0
end_of_record
TN:
SF:C:\Users\Samuel Adafia\Documents\Andela Bootcamp\Cycle 5\banka\server\helpers/checkToken.js
FN:2,checkToken
FNF:1
FNH:1
FNDA:31,checkToken
DA:2,1
DA:3,31
DA:5,31
DA:6,31
DA:7,31
DA:9,31
DA:10,31
DA:12,0
DA:19,1
LF:9
LH:8
BRDA:5,0,0,31
BRDA:5,0,1,0
BRF:2
BRH:1
end_of_record
TN:
SF:C:\Users\Samuel Adafia\Documents\Andela Bootcamp\Cycle 5\banka\server\helpers/loginValidation.js
FN:5,(anonymous_1)
FNF:1
FNH:0
FNDA:0,(anonymous_1)
DA:1,1
DA:3,1
DA:6,0
DA:12,1
LF:4
LH:3
BRF:0
BRH:0
end_of_record
TN:
SF:C:\Users\Samuel Adafia\Documents\Andela Bootcamp\Cycle 5\banka\server\helpers/specificTransactionValidation.js
FNF:0
FNH:0
DA:1,1
DA:3,1
DA:7,1
LF:3
LH:3
BRF:0
BRH:0
end_of_record
TN:
SF:C:\Users\Samuel Adafia\Documents\Andela Bootcamp\Cycle 5\banka\server\helpers/statusSchema.js
FNF:0
FNH:0
DA:1,1
DA:3,1
DA:7,1
LF:3
LH:3
BRF:0
BRH:0
end_of_record
TN:
SF:C:\Users\Samuel Adafia\Documents\Andela Bootcamp\Cycle 5\banka\server\helpers/transactionValidation.js
FNF:0
FNH:0
DA:1,1
DA:3,1
DA:8,1
LF:3
LH:3
BRF:0
BRH:0
end_of_record
TN:
SF:C:\Users\Samuel Adafia\Documents\Andela Bootcamp\Cycle 5\banka\server\helpers/userValidation.js
FN:8,(anonymous_1)
FNF:1
FNH:1
FNDA:1,(anonymous_1)
DA:1,1
DA:3,1
DA:9,1
DA:16,1
LF:4
LH:4
BRF:0
BRH:0
end_of_record
TN:
SF:C:\Users\Samuel Adafia\Documents\Andela Bootcamp\Cycle 5\banka\server\helpers/viewAccount.js
FNF:0
FNH:0
DA:1,1
DA:3,1
DA:7,1
LF:3
LH:3
BRF:0
BRH:0
end_of_record
TN:
SF:C:\Users\Samuel Adafia\Documents\Andela Bootcamp\Cycle 5\banka\server\models\v1/Account.js
FNF:0
FNH:0
DA:1,1
DA:52,1
LF:2
LH:2
BRF:0
BRH:0
end_of_record
TN:
SF:C:\Users\Samuel Adafia\Documents\Andela Bootcamp\Cycle 5\banka\server\models\v1/Transactions.js
FNF:0
FNH:0
DA:1,1
DA:35,1
LF:2
LH:2
BRF:0
BRH:0
end_of_record
TN:
SF:C:\Users\Samuel Adafia\Documents\Andela Bootcamp\Cycle 5\banka\server\models\v1/Users.js
FNF:0
FNH:0
DA:1,1
DA:35,1
LF:2
LH:2
BRF:0
BRH:0
end_of_record
TN:
SF:C:\Users\Samuel Adafia\Documents\Andela Bootcamp\Cycle 5\banka\server\models\v2/index.js
FN:23,query
FN:25,(anonymous_2)
FN:27,(anonymous_3)
FN:30,(anonymous_4)
FNF:4
FNH:3
FNDA:39,query
FNDA:39,(anonymous_2)
FNDA:39,(anonymous_3)
FNDA:0,(anonymous_4)
DA:1,1
DA:2,1
DA:5,1
DA:6,0
DA:11,1
DA:12,0
DA:16,1
DA:23,1
DA:25,39
DA:26,39
DA:28,39
DA:31,0
LF:12
LH:9
BRDA:5,0,0,0
BRDA:5,0,1,1
BRDA:11,1,0,0
BRDA:11,1,1,1
BRF:4
BRH:2
end_of_record
TN:
SF:C:\Users\Samuel Adafia\Documents\Andela Bootcamp\Cycle 5\banka\server\routes\api\v1/accountsRoutes.js
FNF:0
FNH:0
DA:1,1
DA:2,1
DA:4,1
DA:6,1
DA:7,1
DA:8,1
DA:9,1
DA:11,1
LF:8
LH:8
BRF:0
BRH:0
end_of_record
TN:
SF:C:\Users\Samuel Adafia\Documents\Andela Bootcamp\Cycle 5\banka\server\routes\api\v1/index.js
FNF:0
FNH:0
DA:1,1
DA:2,1
DA:3,1
DA:4,1
DA:6,1
DA:7,1
DA:8,1
DA:9,1
DA:11,1
LF:9
LH:9
BRF:0
BRH:0
end_of_record
TN:
SF:C:\Users\Samuel Adafia\Documents\Andela Bootcamp\Cycle 5\banka\server\routes\api\v1/transactionsRoutes.js
FNF:0
FNH:0
DA:1,1
DA:2,1
DA:4,1
DA:6,1
DA:7,1
DA:8,1
DA:11,1
LF:7
LH:7
BRF:0
BRH:0
end_of_record
TN:
SF:C:\Users\Samuel Adafia\Documents\Andela Bootcamp\Cycle 5\banka\server\routes\api\v1/usersRoutes.js
FNF:0
FNH:0
DA:1,1
DA:2,1
DA:4,1
DA:6,1
DA:7,1
DA:8,1
DA:10,1
LF:7
LH:7
BRF:0
BRH:0
end_of_record
TN:
SF:C:\Users\Samuel Adafia\Documents\Andela Bootcamp\Cycle 5\banka\server\routes\api\v2/accountsDbRoutes.js
FNF:0
FNH:0
DA:1,1
DA:2,1
DA:3,1
DA:5,1
DA:7,1
DA:8,1
DA:9,1
DA:10,1
DA:11,1
DA:12,1
DA:13,1
DA:15,1
LF:12
LH:12
BRF:0
BRH:0
end_of_record
TN:
SF:C:\Users\Samuel Adafia\Documents\Andela Bootcamp\Cycle 5\banka\server\routes\api\v2/index.js
FNF:0
FNH:0
DA:1,1
DA:2,1
DA:3,1
DA:4,1
DA:6,1
DA:7,1
DA:8,1
DA:9,1
DA:12,1
LF:9
LH:9
BRF:0
BRH:0
end_of_record
TN:
SF:C:\Users\Samuel Adafia\Documents\Andela Bootcamp\Cycle 5\banka\server\routes\api\v2/transactionsDbRoutes.js
FNF:0
FNH:0
DA:1,1
DA:2,1
DA:3,1
DA:5,1
DA:7,1
DA:8,1
DA:9,1
DA:10,1
DA:11,1
DA:14,1
LF:10
LH:10
BRF:0
BRH:0
end_of_record
TN:
SF:C:\Users\Samuel Adafia\Documents\Andela Bootcamp\Cycle 5\banka\server\routes\api\v2/usersDbRoutes.js
FNF:0
FNH:0
DA:1,1
DA:2,1
DA:3,1
DA:5,1
DA:7,1
DA:8,1
DA:9,1
DA:10,1
DA:12,1
LF:9
LH:9
BRF:0
BRH:0
end_of_record
